[0.031s] Invoking command in '/home/two-asus/ros2_ws/build/bumperbot_cpp_example': CMAKE_PREFIX_PATH=${CMAKE_PREFIX_PATH}:/home/two-asus/ros2_ws/install/bumperbot_py_examples:/home/two-asus/ros2_ws/install/bumperbot_py_example:/opt/ros/humble /usr/bin/cmake --build /home/two-asus/ros2_ws/build/bumperbot_cpp_example -- -j16 -l16
[0.226s] Invoked command in '/home/two-asus/ros2_ws/build/bumperbot_cpp_example' returned '0': CMAKE_PREFIX_PATH=${CMAKE_PREFIX_PATH}:/home/two-asus/ros2_ws/install/bumperbot_py_examples:/home/two-asus/ros2_ws/install/bumperbot_py_example:/opt/ros/humble /usr/bin/cmake --build /home/two-asus/ros2_ws/build/bumperbot_cpp_example -- -j16 -l16
[0.253s] Invoking command in '/home/two-asus/ros2_ws/build/bumperbot_cpp_example': CMAKE_PREFIX_PATH=${CMAKE_PREFIX_PATH}:/home/two-asus/ros2_ws/install/bumperbot_py_examples:/home/two-asus/ros2_ws/install/bumperbot_py_example:/opt/ros/humble /usr/bin/cmake --install /home/two-asus/ros2_ws/build/bumperbot_cpp_example
[0.260s] -- Install configuration: ""
[0.260s] -- Execute custom install script
[0.260s] -- Up-to-date symlink: /home/two-asus/ros2_ws/install/bumperbot_cpp_example/share/ament_index/resource_index/package_run_dependencies/bumperbot_cpp_example
[0.261s] -- Up-to-date symlink: /home/two-asus/ros2_ws/install/bumperbot_cpp_example/share/ament_index/resource_index/parent_prefix_path/bumperbot_cpp_example
[0.261s] -- Up-to-date symlink: /home/two-asus/ros2_ws/install/bumperbot_cpp_example/share/bumperbot_cpp_example/environment/ament_prefix_path.sh
[0.261s] -- Up-to-date symlink: /home/two-asus/ros2_ws/install/bumperbot_cpp_example/share/bumperbot_cpp_example/environment/ament_prefix_path.dsv
[0.261s] -- Up-to-date symlink: /home/two-asus/ros2_ws/install/bumperbot_cpp_example/share/bumperbot_cpp_example/environment/path.sh
[0.262s] -- Up-to-date symlink: /home/two-asus/ros2_ws/install/bumperbot_cpp_example/share/bumperbot_cpp_example/environment/path.dsv
[0.262s] -- Up-to-date symlink: /home/two-asus/ros2_ws/install/bumperbot_cpp_example/share/bumperbot_cpp_example/local_setup.bash
[0.262s] -- Up-to-date symlink: /home/two-asus/ros2_ws/install/bumperbot_cpp_example/share/bumperbot_cpp_example/local_setup.sh
[0.262s] -- Up-to-date symlink: /home/two-asus/ros2_ws/install/bumperbot_cpp_example/share/bumperbot_cpp_example/local_setup.zsh
[0.262s] -- Up-to-date symlink: /home/two-asus/ros2_ws/install/bumperbot_cpp_example/share/bumperbot_cpp_example/local_setup.dsv
[0.262s] -- Symlinking: /home/two-asus/ros2_ws/install/bumperbot_cpp_example/share/bumperbot_cpp_example/package.dsv
[0.272s] -- Up-to-date symlink: /home/two-asus/ros2_ws/install/bumperbot_cpp_example/share/ament_index/resource_index/packages/bumperbot_cpp_example
[0.272s] -- Up-to-date symlink: /home/two-asus/ros2_ws/install/bumperbot_cpp_example/share/bumperbot_cpp_example/cmake/bumperbot_cpp_exampleConfig.cmake
[0.272s] -- Up-to-date symlink: /home/two-asus/ros2_ws/install/bumperbot_cpp_example/share/bumperbot_cpp_example/cmake/bumperbot_cpp_exampleConfig-version.cmake
[0.272s] -- Up-to-date symlink: /home/two-asus/ros2_ws/install/bumperbot_cpp_example/share/bumperbot_cpp_example/package.xml
[0.273s] Invoked command in '/home/two-asus/ros2_ws/build/bumperbot_cpp_example' returned '0': CMAKE_PREFIX_PATH=${CMAKE_PREFIX_PATH}:/home/two-asus/ros2_ws/install/bumperbot_py_examples:/home/two-asus/ros2_ws/install/bumperbot_py_example:/opt/ros/humble /usr/bin/cmake --install /home/two-asus/ros2_ws/build/bumperbot_cpp_example
