[0.032s] Invoking command in '/home/two-asus/ros2_ws/build/my_robot_description': CMAKE_PREFIX_PATH=${CMAKE_PREFIX_PATH}:/home/two-asus/ros2_ws/install/bumperbot_py_example:/opt/ros/humble /usr/bin/cmake --build /home/two-asus/ros2_ws/build/my_robot_description -- -j16 -l16
[0.225s] Invoked command in '/home/two-asus/ros2_ws/build/my_robot_description' returned '0': CMAKE_PREFIX_PATH=${CMAKE_PREFIX_PATH}:/home/two-asus/ros2_ws/install/bumperbot_py_example:/opt/ros/humble /usr/bin/cmake --build /home/two-asus/ros2_ws/build/my_robot_description -- -j16 -l16
[0.254s] Invoking command in '/home/two-asus/ros2_ws/build/my_robot_description': CMAKE_PREFIX_PATH=${CMAKE_PREFIX_PATH}:/home/two-asus/ros2_ws/install/bumperbot_py_example:/opt/ros/humble /usr/bin/cmake --install /home/two-asus/ros2_ws/build/my_robot_description
[0.259s] -- Install configuration: ""
[0.261s] -- Execute custom install script
[0.261s] -- Up-to-date symlink: /home/two-asus/ros2_ws/install/my_robot_description/share/my_robot_description//launch/display.launch.py
[0.261s] -- Up-to-date symlink: /home/two-asus/ros2_ws/install/my_robot_description/share/my_robot_description//launch/display.launch.xml
[0.261s] -- Up-to-date symlink: /home/two-asus/ros2_ws/install/my_robot_description/share/my_robot_description//rviz/urdf_config.rivz.rviz
[0.261s] -- Up-to-date symlink: /home/two-asus/ros2_ws/install/my_robot_description/share/my_robot_description//urdf/common_propertes.xacro
[0.262s] -- Up-to-date symlink: /home/two-asus/ros2_ws/install/my_robot_description/share/my_robot_description//urdf/mobile_base.xacro
[0.262s] -- Up-to-date symlink: /home/two-asus/ros2_ws/install/my_robot_description/share/my_robot_description//urdf/mobile_base_gazebo.xacro
[0.262s] -- Up-to-date symlink: /home/two-asus/ros2_ws/install/my_robot_description/share/my_robot_description//urdf/my_robot.urdf
[0.262s] -- Up-to-date symlink: /home/two-asus/ros2_ws/install/my_robot_description/share/my_robot_description//urdf/my_robot.urdf.xacro
[0.263s] -- Up-to-date symlink: /home/two-asus/ros2_ws/install/my_robot_description/share/ament_index/resource_index/package_run_dependencies/my_robot_description
[0.264s] -- Up-to-date symlink: /home/two-asus/ros2_ws/install/my_robot_description/share/ament_index/resource_index/parent_prefix_path/my_robot_description
[0.264s] -- Up-to-date symlink: /home/two-asus/ros2_ws/install/my_robot_description/share/my_robot_description/environment/ament_prefix_path.sh
[0.264s] -- Up-to-date symlink: /home/two-asus/ros2_ws/install/my_robot_description/share/my_robot_description/environment/ament_prefix_path.dsv
[0.264s] -- Up-to-date symlink: /home/two-asus/ros2_ws/install/my_robot_description/share/my_robot_description/environment/path.sh
[0.264s] -- Up-to-date symlink: /home/two-asus/ros2_ws/install/my_robot_description/share/my_robot_description/environment/path.dsv
[0.264s] -- Up-to-date symlink: /home/two-asus/ros2_ws/install/my_robot_description/share/my_robot_description/local_setup.bash
[0.264s] -- Up-to-date symlink: /home/two-asus/ros2_ws/install/my_robot_description/share/my_robot_description/local_setup.sh
[0.264s] -- Up-to-date symlink: /home/two-asus/ros2_ws/install/my_robot_description/share/my_robot_description/local_setup.zsh
[0.264s] -- Up-to-date symlink: /home/two-asus/ros2_ws/install/my_robot_description/share/my_robot_description/local_setup.dsv
[0.264s] -- Symlinking: /home/two-asus/ros2_ws/install/my_robot_description/share/my_robot_description/package.dsv
[0.270s] -- Up-to-date symlink: /home/two-asus/ros2_ws/install/my_robot_description/share/ament_index/resource_index/packages/my_robot_description
[0.271s] -- Up-to-date symlink: /home/two-asus/ros2_ws/install/my_robot_description/share/my_robot_description/cmake/my_robot_descriptionConfig.cmake
[0.271s] -- Up-to-date symlink: /home/two-asus/ros2_ws/install/my_robot_description/share/my_robot_description/cmake/my_robot_descriptionConfig-version.cmake
[0.272s] -- Up-to-date symlink: /home/two-asus/ros2_ws/install/my_robot_description/share/my_robot_description/package.xml
[0.282s] Invoked command in '/home/two-asus/ros2_ws/build/my_robot_description' returned '0': CMAKE_PREFIX_PATH=${CMAKE_PREFIX_PATH}:/home/two-asus/ros2_ws/install/bumperbot_py_example:/opt/ros/humble /usr/bin/cmake --install /home/two-asus/ros2_ws/build/my_robot_description
