[0.015s] Invoking command in '/home/two-asus/ros2_ws/build/bumperbot_description': CMAKE_PREFIX_PATH=${CMAKE_PREFIX_PATH}:/home/two-asus/ros2_ws/install/bumperbot_py_example:/opt/ros/humble /usr/bin/cmake --build /home/two-asus/ros2_ws/build/bumperbot_description -- -j16 -l16
[0.032s] -- Found ament_cmake: 1.3.9 (/opt/ros/humble/share/ament_cmake/cmake)
[0.127s] -- Found ament_lint_auto: 0.12.11 (/opt/ros/humble/share/ament_lint_auto/cmake)
[0.183s] -- Added test 'cppcheck' to perform static code analysis on C / C++ code
[0.183s] -- Configured cppcheck include dirs: 
[0.183s] -- Configured cppcheck exclude dirs and/or files: 
[0.184s] -- Added test 'flake8' to check Python code syntax and style conventions
[0.185s] -- Added test 'lint_cmake' to check CMake code style
[0.186s] -- Added test 'pep257' to check Python code against some of the docstring style conventions in PEP 257
[0.192s] -- Added test 'uncrustify' to check C / C++ code style
[0.192s] -- Configured uncrustify additional arguments: 
[0.193s] -- Added test 'xmllint' to check XML markup files
[0.194s] -- Configuring done
[0.196s] -- Generating done
[0.197s] -- Build files have been written to: /home/two-asus/ros2_ws/build/bumperbot_description
[0.221s] Invoked command in '/home/two-asus/ros2_ws/build/bumperbot_description' returned '0': CMAKE_PREFIX_PATH=${CMAKE_PREFIX_PATH}:/home/two-asus/ros2_ws/install/bumperbot_py_example:/opt/ros/humble /usr/bin/cmake --build /home/two-asus/ros2_ws/build/bumperbot_description -- -j16 -l16
[0.250s] Invoking command in '/home/two-asus/ros2_ws/build/bumperbot_description': CMAKE_PREFIX_PATH=${CMAKE_PREFIX_PATH}:/home/two-asus/ros2_ws/install/bumperbot_py_example:/opt/ros/humble /usr/bin/cmake --install /home/two-asus/ros2_ws/build/bumperbot_description
[0.256s] -- Install configuration: ""
[0.257s] -- Up-to-date: /home/two-asus/ros2_ws/install/bumperbot_description/share/bumperbot_description//launch
[0.257s] -- Installing: /home/two-asus/ros2_ws/install/bumperbot_description/share/bumperbot_description//launch/gazebo.launch.py
[0.258s] -- Up-to-date: /home/two-asus/ros2_ws/install/bumperbot_description/share/bumperbot_description//launch/display.launch.py
[0.258s] -- Up-to-date: /home/two-asus/ros2_ws/install/bumperbot_description/share/bumperbot_description//meshes
[0.258s] -- Up-to-date: /home/two-asus/ros2_ws/install/bumperbot_description/share/bumperbot_description//meshes/base_link.STL
[0.258s] -- Up-to-date: /home/two-asus/ros2_ws/install/bumperbot_description/share/bumperbot_description//meshes/wheel_right_link.STL
[0.258s] -- Up-to-date: /home/two-asus/ros2_ws/install/bumperbot_description/share/bumperbot_description//meshes/caster_front_link.STL
[0.258s] -- Up-to-date: /home/two-asus/ros2_ws/install/bumperbot_description/share/bumperbot_description//meshes/caster_rear_link.STL
[0.258s] -- Up-to-date: /home/two-asus/ros2_ws/install/bumperbot_description/share/bumperbot_description//meshes/wheel_left_link.STL
[0.258s] -- Up-to-date: /home/two-asus/ros2_ws/install/bumperbot_description/share/bumperbot_description//meshes/imu_link.STL
[0.258s] -- Installing: /home/two-asus/ros2_ws/install/bumperbot_description/share/bumperbot_description//models
[0.259s] -- Up-to-date: /home/two-asus/ros2_ws/install/bumperbot_description/share/bumperbot_description//urdf
[0.259s] -- Installing: /home/two-asus/ros2_ws/install/bumperbot_description/share/bumperbot_description//urdf/bumperbot.urdf.xacro
[0.259s] -- Installing: /home/two-asus/ros2_ws/install/bumperbot_description/share/bumperbot_description//urdf/bumperbot_gazebo.xacro
[0.259s] -- Up-to-date: /home/two-asus/ros2_ws/install/bumperbot_description/share/bumperbot_description//rviz
[0.259s] -- Up-to-date: /home/two-asus/ros2_ws/install/bumperbot_description/share/bumperbot_description//rviz/display.rviz
[0.259s] -- Installing: /home/two-asus/ros2_ws/install/bumperbot_description/share/ament_index/resource_index/package_run_dependencies/bumperbot_description
[0.260s] -- Installing: /home/two-asus/ros2_ws/install/bumperbot_description/share/ament_index/resource_index/parent_prefix_path/bumperbot_description
[0.260s] -- Up-to-date: /home/two-asus/ros2_ws/install/bumperbot_description/share/bumperbot_description/environment/ament_prefix_path.sh
[0.260s] -- Installing: /home/two-asus/ros2_ws/install/bumperbot_description/share/bumperbot_description/environment/ament_prefix_path.dsv
[0.260s] -- Up-to-date: /home/two-asus/ros2_ws/install/bumperbot_description/share/bumperbot_description/environment/path.sh
[0.260s] -- Installing: /home/two-asus/ros2_ws/install/bumperbot_description/share/bumperbot_description/environment/path.dsv
[0.260s] -- Up-to-date: /home/two-asus/ros2_ws/install/bumperbot_description/share/bumperbot_description/local_setup.bash
[0.260s] -- Up-to-date: /home/two-asus/ros2_ws/install/bumperbot_description/share/bumperbot_description/local_setup.sh
[0.261s] -- Up-to-date: /home/two-asus/ros2_ws/install/bumperbot_description/share/bumperbot_description/local_setup.zsh
[0.261s] -- Installing: /home/two-asus/ros2_ws/install/bumperbot_description/share/bumperbot_description/local_setup.dsv
[0.261s] -- Installing: /home/two-asus/ros2_ws/install/bumperbot_description/share/bumperbot_description/package.dsv
[0.261s] -- Up-to-date: /home/two-asus/ros2_ws/install/bumperbot_description/share/ament_index/resource_index/packages/bumperbot_description
[0.261s] -- Up-to-date: /home/two-asus/ros2_ws/install/bumperbot_description/share/bumperbot_description/cmake/bumperbot_descriptionConfig.cmake
[0.261s] -- Up-to-date: /home/two-asus/ros2_ws/install/bumperbot_description/share/bumperbot_description/cmake/bumperbot_descriptionConfig-version.cmake
[0.261s] -- Installing: /home/two-asus/ros2_ws/install/bumperbot_description/share/bumperbot_description/package.xml
[0.269s] Invoked command in '/home/two-asus/ros2_ws/build/bumperbot_description' returned '0': CMAKE_PREFIX_PATH=${CMAKE_PREFIX_PATH}:/home/two-asus/ros2_ws/install/bumperbot_py_example:/opt/ros/humble /usr/bin/cmake --install /home/two-asus/ros2_ws/build/bumperbot_description
