[0.019s] Invoking command in '/home/two-asus/ros2_ws/build/bumperbot_controller': CMAKE_PREFIX_PATH=${CMAKE_PREFIX_PATH}:/home/two-asus/ros2_ws/install/bumperbot_py_examples:/home/two-asus/ros2_ws/install/bumperbot_py_example:/opt/ros/humble /usr/bin/cmake --build /home/two-asus/ros2_ws/build/bumperbot_controller -- -j16 -l16
[0.202s] Invoked command in '/home/two-asus/ros2_ws/build/bumperbot_controller' returned '0': CMAKE_PREFIX_PATH=${CMAKE_PREFIX_PATH}:/home/two-asus/ros2_ws/install/bumperbot_py_examples:/home/two-asus/ros2_ws/install/bumperbot_py_example:/opt/ros/humble /usr/bin/cmake --build /home/two-asus/ros2_ws/build/bumperbot_controller -- -j16 -l16
[0.231s] Invoking command in '/home/two-asus/ros2_ws/build/bumperbot_controller': CMAKE_PREFIX_PATH=${CMAKE_PREFIX_PATH}:/home/two-asus/ros2_ws/install/bumperbot_py_examples:/home/two-asus/ros2_ws/install/bumperbot_py_example:/opt/ros/humble /usr/bin/cmake --install /home/two-asus/ros2_ws/build/bumperbot_controller
[0.237s] -- Install configuration: ""
[0.238s] -- Execute custom install script
[0.238s] -- Up-to-date symlink: /home/two-asus/ros2_ws/install/bumperbot_controller/share/bumperbot_controller//config/bumperbot_controllers.yaml
[0.238s] -- Up-to-date symlink: /home/two-asus/ros2_ws/install/bumperbot_controller/share/ament_index/resource_index/package_run_dependencies/bumperbot_controller
[0.239s] -- Up-to-date symlink: /home/two-asus/ros2_ws/install/bumperbot_controller/share/ament_index/resource_index/parent_prefix_path/bumperbot_controller
[0.239s] -- Up-to-date symlink: /home/two-asus/ros2_ws/install/bumperbot_controller/share/bumperbot_controller/environment/ament_prefix_path.sh
[0.239s] -- Up-to-date symlink: /home/two-asus/ros2_ws/install/bumperbot_controller/share/bumperbot_controller/environment/ament_prefix_path.dsv
[0.239s] -- Up-to-date symlink: /home/two-asus/ros2_ws/install/bumperbot_controller/share/bumperbot_controller/environment/path.sh
[0.239s] -- Up-to-date symlink: /home/two-asus/ros2_ws/install/bumperbot_controller/share/bumperbot_controller/environment/path.dsv
[0.239s] -- Up-to-date symlink: /home/two-asus/ros2_ws/install/bumperbot_controller/share/bumperbot_controller/local_setup.bash
[0.239s] -- Up-to-date symlink: /home/two-asus/ros2_ws/install/bumperbot_controller/share/bumperbot_controller/local_setup.sh
[0.239s] -- Up-to-date symlink: /home/two-asus/ros2_ws/install/bumperbot_controller/share/bumperbot_controller/local_setup.zsh
[0.240s] -- Up-to-date symlink: /home/two-asus/ros2_ws/install/bumperbot_controller/share/bumperbot_controller/local_setup.dsv
[0.240s] -- Symlinking: /home/two-asus/ros2_ws/install/bumperbot_controller/share/bumperbot_controller/package.dsv
[0.247s] -- Up-to-date symlink: /home/two-asus/ros2_ws/install/bumperbot_controller/share/ament_index/resource_index/packages/bumperbot_controller
[0.247s] -- Up-to-date symlink: /home/two-asus/ros2_ws/install/bumperbot_controller/share/bumperbot_controller/cmake/bumperbot_controllerConfig.cmake
[0.248s] -- Up-to-date symlink: /home/two-asus/ros2_ws/install/bumperbot_controller/share/bumperbot_controller/cmake/bumperbot_controllerConfig-version.cmake
[0.248s] -- Up-to-date symlink: /home/two-asus/ros2_ws/install/bumperbot_controller/share/bumperbot_controller/package.xml
[0.254s] Invoked command in '/home/two-asus/ros2_ws/build/bumperbot_controller' returned '0': CMAKE_PREFIX_PATH=${CMAKE_PREFIX_PATH}:/home/two-asus/ros2_ws/install/bumperbot_py_examples:/home/two-asus/ros2_ws/install/bumperbot_py_example:/opt/ros/humble /usr/bin/cmake --install /home/two-asus/ros2_ws/build/bumperbot_controller
