[0.482s] Invoking command in '/home/two-asus/ros2_ws/build/bumperbot_py_examples': PYTHONPATH=/home/two-asus/ros2_ws/build/bumperbot_py_examples/prefix_override:/usr/lib/python3/dist-packages/colcon_core/task/python/colcon_distutils_commands:/home/two-asus/ros2_ws/install/bumperbot_py_examples/lib/python3.10/site-packages:${PYTHONPATH} /usr/bin/python3 -W ignore:setup.py install is deprecated setup.py develop --editable --build-directory /home/two-asus/ros2_ws/build/bumperbot_py_examples/build --no-deps symlink_data --force
[0.669s] running develop
[0.669s] /usr/lib/python3/dist-packages/setuptools/command/easy_install.py:158: EasyInstallDeprecationWarning: easy_install command is deprecated. Use build and pip and other standards-based tools.
[0.670s]   warnings.warn(
[0.790s] running egg_info
[0.790s] writing bumperbot_py_examples.egg-info/PKG-INFO
[0.790s] writing dependency_links to bumperbot_py_examples.egg-info/dependency_links.txt
[0.790s] writing entry points to bumperbot_py_examples.egg-info/entry_points.txt
[0.790s] writing requirements to bumperbot_py_examples.egg-info/requires.txt
[0.790s] writing top-level names to bumperbot_py_examples.egg-info/top_level.txt
[0.791s] reading manifest file 'bumperbot_py_examples.egg-info/SOURCES.txt'
[0.792s] writing manifest file 'bumperbot_py_examples.egg-info/SOURCES.txt'
[0.792s] running build_ext
[0.793s] Creating /home/two-asus/ros2_ws/install/bumperbot_py_examples/lib/python3.10/site-packages/bumperbot-py-examples.egg-link (link to .)
[0.793s] Installing simple_parameter script to /home/two-asus/ros2_ws/install/bumperbot_py_examples/lib/bumperbot_py_examples
[0.793s] Installing simple_publisher script to /home/two-asus/ros2_ws/install/bumperbot_py_examples/lib/bumperbot_py_examples
[0.793s] Installing simple_subscriber script to /home/two-asus/ros2_ws/install/bumperbot_py_examples/lib/bumperbot_py_examples
[0.793s] Installing simple_turtlesim_kinematics script to /home/two-asus/ros2_ws/install/bumperbot_py_examples/lib/bumperbot_py_examples
[0.794s] 
[0.794s] Installed /home/two-asus/ros2_ws/build/bumperbot_py_examples
[0.794s] running symlink_data
[0.794s] symbolically linking /home/two-asus/ros2_ws/build/bumperbot_py_examples/resource/bumperbot_py_examples -> /home/two-asus/ros2_ws/install/bumperbot_py_examples/share/ament_index/resource_index/packages
[0.794s] symbolically linking /home/two-asus/ros2_ws/build/bumperbot_py_examples/package.xml -> /home/two-asus/ros2_ws/install/bumperbot_py_examples/share/bumperbot_py_examples
[0.814s] Invoked command in '/home/two-asus/ros2_ws/build/bumperbot_py_examples' returned '0': PYTHONPATH=/home/two-asus/ros2_ws/build/bumperbot_py_examples/prefix_override:/usr/lib/python3/dist-packages/colcon_core/task/python/colcon_distutils_commands:/home/two-asus/ros2_ws/install/bumperbot_py_examples/lib/python3.10/site-packages:${PYTHONPATH} /usr/bin/python3 -W ignore:setup.py install is deprecated setup.py develop --editable --build-directory /home/two-asus/ros2_ws/build/bumperbot_py_examples/build --no-deps symlink_data --force
