[0.032s] Invoking command in '/home/two-asus/ros2_ws/build/bumperbot_controller': CMAKE_PREFIX_PATH=${CMAKE_PREFIX_PATH}:/home/two-asus/ros2_ws/install/bumperbot_py_examples:/home/two-asus/ros2_ws/install/bumperbot_py_example:/opt/ros/humble /usr/bin/cmake --build /home/two-asus/ros2_ws/build/bumperbot_controller -- -j16 -l16
[0.056s] -- Found ament_cmake: 1.3.9 (/opt/ros/humble/share/ament_cmake/cmake)
[0.154s] -- Override CMake install command with custom implementation using symlinks instead of copying resources
[0.167s] -- Found rclcpp: 16.0.9 (/opt/ros/humble/share/rclcpp/cmake)
[0.201s] -- Found rosidl_generator_c: 3.1.5 (/opt/ros/humble/share/rosidl_generator_c/cmake)
[0.204s] -- Found rosidl_adapter: 3.1.5 (/opt/ros/humble/share/rosidl_adapter/cmake)
[0.210s] -- Found rosidl_generator_cpp: 3.1.5 (/opt/ros/humble/share/rosidl_generator_cpp/cmake)
[0.220s] -- Using all available rosidl_typesupport_c: rosidl_typesupport_fastrtps_c;rosidl_typesupport_introspection_c
[0.235s] -- Using all available rosidl_typesupport_cpp: rosidl_typesupport_fastrtps_cpp;rosidl_typesupport_introspection_cpp
[0.290s] -- Found rmw_implementation_cmake: 6.1.2 (/opt/ros/humble/share/rmw_implementation_cmake/cmake)
[0.292s] -- Found rmw_fastrtps_cpp: 6.2.6 (/opt/ros/humble/share/rmw_fastrtps_cpp/cmake)
[0.420s] -- Using RMW implementation 'rmw_fastrtps_cpp' as default
[0.548s] -- Found rclpy: 3.3.13 (/opt/ros/humble/share/rclpy/cmake)
[0.548s] -- Found geometry_msgs: 4.2.4 (/opt/ros/humble/share/geometry_msgs/cmake)
[0.684s] -- Configuring done
[0.698s] -- Generating done
[0.699s] -- Build files have been written to: /home/two-asus/ros2_ws/build/bumperbot_controller
[0.734s] [ 50%] [32mBuilding CXX object CMakeFiles/simple_controller.dir/src/simple_controller.cpp.o[0m
[0.742s] [ 50%] Built target ament_cmake_python_symlink_bumperbot_controller
[0.933s] running egg_info
[0.933s] writing bumperbot_controller.egg-info/PKG-INFO
[0.934s] writing dependency_links to bumperbot_controller.egg-info/dependency_links.txt
[0.934s] writing top-level names to bumperbot_controller.egg-info/top_level.txt
[0.935s] reading manifest file 'bumperbot_controller.egg-info/SOURCES.txt'
[0.935s] writing manifest file 'bumperbot_controller.egg-info/SOURCES.txt'
[0.958s] [ 50%] Built target ament_cmake_python_build_bumperbot_controller_egg
[7.540s] [100%] [32m[1mLinking CXX executable simple_controller[0m
[7.827s] [100%] Built target simple_controller
[7.838s] Invoked command in '/home/two-asus/ros2_ws/build/bumperbot_controller' returned '0': CMAKE_PREFIX_PATH=${CMAKE_PREFIX_PATH}:/home/two-asus/ros2_ws/install/bumperbot_py_examples:/home/two-asus/ros2_ws/install/bumperbot_py_example:/opt/ros/humble /usr/bin/cmake --build /home/two-asus/ros2_ws/build/bumperbot_controller -- -j16 -l16
[7.870s] Invoking command in '/home/two-asus/ros2_ws/build/bumperbot_controller': CMAKE_PREFIX_PATH=${CMAKE_PREFIX_PATH}:/home/two-asus/ros2_ws/install/bumperbot_py_examples:/home/two-asus/ros2_ws/install/bumperbot_py_example:/opt/ros/humble /usr/bin/cmake --install /home/two-asus/ros2_ws/build/bumperbot_controller
[7.877s] -- Install configuration: ""
[7.877s] -- Execute custom install script
[7.877s] -- Up-to-date symlink: /home/two-asus/ros2_ws/install/bumperbot_controller/share/bumperbot_controller/environment/pythonpath.sh
[7.877s] -- Up-to-date symlink: /home/two-asus/ros2_ws/install/bumperbot_controller/share/bumperbot_controller/environment/pythonpath.dsv
[7.878s] -- Up-to-date symlink: /home/two-asus/ros2_ws/install/bumperbot_controller/local/lib/python3.10/dist-packages/bumperbot_controller-0.0.0-py3.10.egg-info/PKG-INFO
[7.878s] -- Up-to-date symlink: /home/two-asus/ros2_ws/install/bumperbot_controller/local/lib/python3.10/dist-packages/bumperbot_controller-0.0.0-py3.10.egg-info/SOURCES.txt
[7.878s] -- Up-to-date symlink: /home/two-asus/ros2_ws/install/bumperbot_controller/local/lib/python3.10/dist-packages/bumperbot_controller-0.0.0-py3.10.egg-info/dependency_links.txt
[7.878s] -- Up-to-date symlink: /home/two-asus/ros2_ws/install/bumperbot_controller/local/lib/python3.10/dist-packages/bumperbot_controller-0.0.0-py3.10.egg-info/top_level.txt
[7.878s] -- Up-to-date symlink: /home/two-asus/ros2_ws/install/bumperbot_controller/local/lib/python3.10/dist-packages/bumperbot_controller/__init__.py
[7.878s] -- Up-to-date symlink: /home/two-asus/ros2_ws/install/bumperbot_controller/local/lib/python3.10/dist-packages/bumperbot_controller/simple_controller.py
[7.878s] -- Symlinking: /home/two-asus/ros2_ws/install/bumperbot_controller/include/include/bumperbot_controller/simple_controller.hpp
[7.888s] -- Symlinking: /home/two-asus/ros2_ws/install/bumperbot_controller/lib/bumperbot_controller/simple_controller
[7.896s] -- Up-to-date symlink: /home/two-asus/ros2_ws/install/bumperbot_controller/share/bumperbot_controller/launch/controller.launch.py
[7.896s] -- Up-to-date symlink: /home/two-asus/ros2_ws/install/bumperbot_controller/share/bumperbot_controller/config/bumperbot_controllers.yaml
[7.897s] -- Up-to-date symlink: /home/two-asus/ros2_ws/install/bumperbot_controller/lib/bumperbot_controller/simple_controller.py
[7.897s] -- Up-to-date symlink: /home/two-asus/ros2_ws/install/bumperbot_controller/share/ament_index/resource_index/package_run_dependencies/bumperbot_controller
[7.897s] -- Up-to-date symlink: /home/two-asus/ros2_ws/install/bumperbot_controller/share/ament_index/resource_index/parent_prefix_path/bumperbot_controller
[7.897s] -- Up-to-date symlink: /home/two-asus/ros2_ws/install/bumperbot_controller/share/bumperbot_controller/environment/ament_prefix_path.sh
[7.897s] -- Up-to-date symlink: /home/two-asus/ros2_ws/install/bumperbot_controller/share/bumperbot_controller/environment/ament_prefix_path.dsv
[7.897s] -- Up-to-date symlink: /home/two-asus/ros2_ws/install/bumperbot_controller/share/bumperbot_controller/environment/path.sh
[7.897s] -- Up-to-date symlink: /home/two-asus/ros2_ws/install/bumperbot_controller/share/bumperbot_controller/environment/path.dsv
[7.897s] -- Up-to-date symlink: /home/two-asus/ros2_ws/install/bumperbot_controller/share/bumperbot_controller/local_setup.bash
[7.897s] -- Up-to-date symlink: /home/two-asus/ros2_ws/install/bumperbot_controller/share/bumperbot_controller/local_setup.sh
[7.898s] -- Up-to-date symlink: /home/two-asus/ros2_ws/install/bumperbot_controller/share/bumperbot_controller/local_setup.zsh
[7.898s] -- Up-to-date symlink: /home/two-asus/ros2_ws/install/bumperbot_controller/share/bumperbot_controller/local_setup.dsv
[7.898s] -- Symlinking: /home/two-asus/ros2_ws/install/bumperbot_controller/share/bumperbot_controller/package.dsv
[7.906s] -- Up-to-date symlink: /home/two-asus/ros2_ws/install/bumperbot_controller/share/ament_index/resource_index/packages/bumperbot_controller
[7.907s] -- Up-to-date symlink: /home/two-asus/ros2_ws/install/bumperbot_controller/share/bumperbot_controller/cmake/bumperbot_controllerConfig.cmake
[7.907s] -- Up-to-date symlink: /home/two-asus/ros2_ws/install/bumperbot_controller/share/bumperbot_controller/cmake/bumperbot_controllerConfig-version.cmake
[7.907s] -- Up-to-date symlink: /home/two-asus/ros2_ws/install/bumperbot_controller/share/bumperbot_controller/package.xml
[7.929s] Listing '/home/two-asus/ros2_ws/install/bumperbot_controller/local/lib/python3.10/dist-packages/bumperbot_controller'...
[7.936s] Invoked command in '/home/two-asus/ros2_ws/build/bumperbot_controller' returned '0': CMAKE_PREFIX_PATH=${CMAKE_PREFIX_PATH}:/home/two-asus/ros2_ws/install/bumperbot_py_examples:/home/two-asus/ros2_ws/install/bumperbot_py_example:/opt/ros/humble /usr/bin/cmake --install /home/two-asus/ros2_ws/build/bumperbot_controller
