running egg_info
creating ../../build/bumperbot_py_example/bumperbot_py_example.egg-info
writing ../../build/bumperbot_py_example/bumperbot_py_example.egg-info/PKG-INFO
writing dependency_links to ../../build/bumperbot_py_example/bumperbot_py_example.egg-info/dependency_links.txt
writing entry points to ../../build/bumperbot_py_example/bumperbot_py_example.egg-info/entry_points.txt
writing requirements to ../../build/bumperbot_py_example/bumperbot_py_example.egg-info/requires.txt
writing top-level names to ../../build/bumperbot_py_example/bumperbot_py_example.egg-info/top_level.txt
writing manifest file '../../build/bumperbot_py_example/bumperbot_py_example.egg-info/SOURCES.txt'
reading manifest file '../../build/bumperbot_py_example/bumperbot_py_example.egg-info/SOURCES.txt'
writing manifest file '../../build/bumperbot_py_example/bumperbot_py_example.egg-info/SOURCES.txt'
running build
running build_py
creating /home/two-asus/ros2_ws/build/bumperbot_py_example/build
creating /home/two-asus/ros2_ws/build/bumperbot_py_example/build/lib
creating /home/two-asus/ros2_ws/build/bumperbot_py_example/build/lib/bumperbot_py_example
copying bumperbot_py_example/__init__.py -> /home/two-asus/ros2_ws/build/bumperbot_py_example/build/lib/bumperbot_py_example
running install
running install_lib
creating /home/two-asus/ros2_ws/install/bumperbot_py_example/lib/python3.10/site-packages/bumperbot_py_example
copying /home/two-asus/ros2_ws/build/bumperbot_py_example/build/lib/bumperbot_py_example/__init__.py -> /home/two-asus/ros2_ws/install/bumperbot_py_example/lib/python3.10/site-packages/bumperbot_py_example
byte-compiling /home/two-asus/ros2_ws/install/bumperbot_py_example/lib/python3.10/site-packages/bumperbot_py_example/__init__.py to __init__.cpython-310.pyc
running install_data
creating /home/two-asus/ros2_ws/install/bumperbot_py_example/share/ament_index
creating /home/two-asus/ros2_ws/install/bumperbot_py_example/share/ament_index/resource_index
creating /home/two-asus/ros2_ws/install/bumperbot_py_example/share/ament_index/resource_index/packages
copying resource/bumperbot_py_example -> /home/two-asus/ros2_ws/install/bumperbot_py_example/share/ament_index/resource_index/packages
copying package.xml -> /home/two-asus/ros2_ws/install/bumperbot_py_example/share/bumperbot_py_example
running install_egg_info
Copying ../../build/bumperbot_py_example/bumperbot_py_example.egg-info to /home/two-asus/ros2_ws/install/bumperbot_py_example/lib/python3.10/site-packages/bumperbot_py_example-0.0.0-py3.10.egg-info
running install_scripts
writing list of installed files to '/home/two-asus/ros2_ws/build/bumperbot_py_example/install.log'
