[0.515s] Invoking command in '/home/two-asus/ros2_ws/src/bumperbot_py_example': PYTHONPATH=/home/two-asus/ros2_ws/build/bumperbot_py_example/prefix_override:/usr/lib/python3/dist-packages/colcon_core/task/python/colcon_distutils_commands:/home/two-asus/ros2_ws/install/bumperbot_py_example/lib/python3.10/site-packages:${PYTHONPATH} /usr/bin/python3 -W ignore:setup.py install is deprecated setup.py egg_info --egg-base ../../build/bumperbot_py_example build --build-base /home/two-asus/ros2_ws/build/bumperbot_py_example/build install --record /home/two-asus/ros2_ws/build/bumperbot_py_example/install.log --single-version-externally-managed install_data
[0.683s] running egg_info
[0.683s] creating ../../build/bumperbot_py_example/bumperbot_py_example.egg-info
[0.683s] writing ../../build/bumperbot_py_example/bumperbot_py_example.egg-info/PKG-INFO
[0.683s] writing dependency_links to ../../build/bumperbot_py_example/bumperbot_py_example.egg-info/dependency_links.txt
[0.683s] writing entry points to ../../build/bumperbot_py_example/bumperbot_py_example.egg-info/entry_points.txt
[0.683s] writing requirements to ../../build/bumperbot_py_example/bumperbot_py_example.egg-info/requires.txt
[0.684s] writing top-level names to ../../build/bumperbot_py_example/bumperbot_py_example.egg-info/top_level.txt
[0.684s] writing manifest file '../../build/bumperbot_py_example/bumperbot_py_example.egg-info/SOURCES.txt'
[0.684s] reading manifest file '../../build/bumperbot_py_example/bumperbot_py_example.egg-info/SOURCES.txt'
[0.685s] writing manifest file '../../build/bumperbot_py_example/bumperbot_py_example.egg-info/SOURCES.txt'
[0.685s] running build
[0.685s] running build_py
[0.685s] creating /home/two-asus/ros2_ws/build/bumperbot_py_example/build
[0.685s] creating /home/two-asus/ros2_ws/build/bumperbot_py_example/build/lib
[0.685s] creating /home/two-asus/ros2_ws/build/bumperbot_py_example/build/lib/bumperbot_py_example
[0.685s] copying bumperbot_py_example/__init__.py -> /home/two-asus/ros2_ws/build/bumperbot_py_example/build/lib/bumperbot_py_example
[0.685s] running install
[0.686s] running install_lib
[0.686s] creating /home/two-asus/ros2_ws/install/bumperbot_py_example/lib/python3.10/site-packages/bumperbot_py_example
[0.686s] copying /home/two-asus/ros2_ws/build/bumperbot_py_example/build/lib/bumperbot_py_example/__init__.py -> /home/two-asus/ros2_ws/install/bumperbot_py_example/lib/python3.10/site-packages/bumperbot_py_example
[0.686s] byte-compiling /home/two-asus/ros2_ws/install/bumperbot_py_example/lib/python3.10/site-packages/bumperbot_py_example/__init__.py to __init__.cpython-310.pyc
[0.686s] running install_data
[0.687s] creating /home/two-asus/ros2_ws/install/bumperbot_py_example/share/ament_index
[0.687s] creating /home/two-asus/ros2_ws/install/bumperbot_py_example/share/ament_index/resource_index
[0.687s] creating /home/two-asus/ros2_ws/install/bumperbot_py_example/share/ament_index/resource_index/packages
[0.687s] copying resource/bumperbot_py_example -> /home/two-asus/ros2_ws/install/bumperbot_py_example/share/ament_index/resource_index/packages
[0.687s] copying package.xml -> /home/two-asus/ros2_ws/install/bumperbot_py_example/share/bumperbot_py_example
[0.687s] running install_egg_info
[0.688s] Copying ../../build/bumperbot_py_example/bumperbot_py_example.egg-info to /home/two-asus/ros2_ws/install/bumperbot_py_example/lib/python3.10/site-packages/bumperbot_py_example-0.0.0-py3.10.egg-info
[0.688s] running install_scripts
[0.703s] writing list of installed files to '/home/two-asus/ros2_ws/build/bumperbot_py_example/install.log'
[0.723s] Invoked command in '/home/two-asus/ros2_ws/src/bumperbot_py_example' returned '0': PYTHONPATH=/home/two-asus/ros2_ws/build/bumperbot_py_example/prefix_override:/usr/lib/python3/dist-packages/colcon_core/task/python/colcon_distutils_commands:/home/two-asus/ros2_ws/install/bumperbot_py_example/lib/python3.10/site-packages:${PYTHONPATH} /usr/bin/python3 -W ignore:setup.py install is deprecated setup.py egg_info --egg-base ../../build/bumperbot_py_example build --build-base /home/two-asus/ros2_ws/build/bumperbot_py_example/build install --record /home/two-asus/ros2_ws/build/bumperbot_py_example/install.log --single-version-externally-managed install_data
