[0.010s] Invoking command in '/home/two-asus/ros2_ws/build/my_robot_description': CMAKE_PREFIX_PATH=${CMAKE_PREFIX_PATH}:/opt/ros/humble /usr/bin/cmake --build /home/two-asus/ros2_ws/build/my_robot_description -- -j16 -l16
[0.029s] -- Found ament_cmake: 1.3.9 (/opt/ros/humble/share/ament_cmake/cmake)
[0.159s] -- Configuring done
[0.162s] -- Generating done
[0.162s] -- Build files have been written to: /home/two-asus/ros2_ws/build/my_robot_description
[0.181s] Invoked command in '/home/two-asus/ros2_ws/build/my_robot_description' returned '0': CMAKE_PREFIX_PATH=${CMAKE_PREFIX_PATH}:/opt/ros/humble /usr/bin/cmake --build /home/two-asus/ros2_ws/build/my_robot_description -- -j16 -l16
[0.207s] Invoking command in '/home/two-asus/ros2_ws/build/my_robot_description': CMAKE_PREFIX_PATH=${CMAKE_PREFIX_PATH}:/opt/ros/humble /usr/bin/cmake --install /home/two-asus/ros2_ws/build/my_robot_description
[0.213s] -- Install configuration: ""
[0.213s] -- Up-to-date: /home/two-asus/ros2_ws/install/my_robot_description/share/my_robot_description//launch
[0.213s] -- Up-to-date: /home/two-asus/ros2_ws/install/my_robot_description/share/my_robot_description//launch/display.launch.py
[0.213s] -- Up-to-date: /home/two-asus/ros2_ws/install/my_robot_description/share/my_robot_description//launch/display.launch.xml
[0.213s] -- Up-to-date: /home/two-asus/ros2_ws/install/my_robot_description/share/my_robot_description//rviz
[0.213s] -- Up-to-date: /home/two-asus/ros2_ws/install/my_robot_description/share/my_robot_description//rviz/urdf_config.rivz.rviz
[0.213s] -- Installing: /home/two-asus/ros2_ws/install/my_robot_description/share/my_robot_description//urdf
[0.213s] -- Installing: /home/two-asus/ros2_ws/install/my_robot_description/share/my_robot_description//urdf/my_robot.urdf
[0.213s] -- Installing: /home/two-asus/ros2_ws/install/my_robot_description/share/my_robot_description//urdf/my_robot.urdf.xacro
[0.213s] -- Up-to-date: /home/two-asus/ros2_ws/install/my_robot_description/share/ament_index/resource_index/package_run_dependencies/my_robot_description
[0.213s] -- Installing: /home/two-asus/ros2_ws/install/my_robot_description/share/ament_index/resource_index/parent_prefix_path/my_robot_description
[0.214s] -- Up-to-date: /home/two-asus/ros2_ws/install/my_robot_description/share/my_robot_description/environment/ament_prefix_path.sh
[0.214s] -- Installing: /home/two-asus/ros2_ws/install/my_robot_description/share/my_robot_description/environment/ament_prefix_path.dsv
[0.214s] -- Up-to-date: /home/two-asus/ros2_ws/install/my_robot_description/share/my_robot_description/environment/path.sh
[0.214s] -- Installing: /home/two-asus/ros2_ws/install/my_robot_description/share/my_robot_description/environment/path.dsv
[0.214s] -- Up-to-date: /home/two-asus/ros2_ws/install/my_robot_description/share/my_robot_description/local_setup.bash
[0.214s] -- Up-to-date: /home/two-asus/ros2_ws/install/my_robot_description/share/my_robot_description/local_setup.sh
[0.214s] -- Up-to-date: /home/two-asus/ros2_ws/install/my_robot_description/share/my_robot_description/local_setup.zsh
[0.214s] -- Installing: /home/two-asus/ros2_ws/install/my_robot_description/share/my_robot_description/local_setup.dsv
[0.214s] -- Installing: /home/two-asus/ros2_ws/install/my_robot_description/share/my_robot_description/package.dsv
[0.215s] -- Up-to-date: /home/two-asus/ros2_ws/install/my_robot_description/share/ament_index/resource_index/packages/my_robot_description
[0.215s] -- Up-to-date: /home/two-asus/ros2_ws/install/my_robot_description/share/my_robot_description/cmake/my_robot_descriptionConfig.cmake
[0.215s] -- Up-to-date: /home/two-asus/ros2_ws/install/my_robot_description/share/my_robot_description/cmake/my_robot_descriptionConfig-version.cmake
[0.215s] -- Up-to-date: /home/two-asus/ros2_ws/install/my_robot_description/share/my_robot_description/package.xml
[0.216s] Invoked command in '/home/two-asus/ros2_ws/build/my_robot_description' returned '0': CMAKE_PREFIX_PATH=${CMAKE_PREFIX_PATH}:/opt/ros/humble /usr/bin/cmake --install /home/two-asus/ros2_ws/build/my_robot_description
