[0.612s] Invoking command in '/home/two-asus/ros2_ws/build/bumperbot_py_examples': PYTHONPATH=/home/two-asus/ros2_ws/build/bumperbot_py_examples/prefix_override:/usr/lib/python3/dist-packages/colcon_core/task/python/colcon_distutils_commands:/home/two-asus/ros2_ws/install/bumperbot_py_examples/lib/python3.10/site-packages:${PYTHONPATH} /usr/bin/python3 -W ignore:setup.py install is deprecated setup.py develop --uninstall --editable --build-directory /home/two-asus/ros2_ws/build/bumperbot_py_examples/build
[0.790s] running develop
[0.790s] /usr/lib/python3/dist-packages/setuptools/command/easy_install.py:158: EasyInstallDeprecationWarning: easy_install command is deprecated. Use build and pip and other standards-based tools.
[0.790s]   warnings.warn(
[0.908s] Removing /home/two-asus/ros2_ws/install/bumperbot_py_examples/lib/python3.10/site-packages/bumperbot-py-examples.egg-link (link to .)
[0.930s] Invoked command in '/home/two-asus/ros2_ws/build/bumperbot_py_examples' returned '0': PYTHONPATH=/home/two-asus/ros2_ws/build/bumperbot_py_examples/prefix_override:/usr/lib/python3/dist-packages/colcon_core/task/python/colcon_distutils_commands:/home/two-asus/ros2_ws/install/bumperbot_py_examples/lib/python3.10/site-packages:${PYTHONPATH} /usr/bin/python3 -W ignore:setup.py install is deprecated setup.py develop --uninstall --editable --build-directory /home/two-asus/ros2_ws/build/bumperbot_py_examples/build
[0.931s] Invoking command in '/home/two-asus/ros2_ws/src/bumperbot_py_examples': PYTHONPATH=/home/two-asus/ros2_ws/build/bumperbot_py_examples/prefix_override:/usr/lib/python3/dist-packages/colcon_core/task/python/colcon_distutils_commands:/home/two-asus/ros2_ws/install/bumperbot_py_examples/lib/python3.10/site-packages:${PYTHONPATH} /usr/bin/python3 -W ignore:setup.py install is deprecated setup.py egg_info --egg-base ../../build/bumperbot_py_examples build --build-base /home/two-asus/ros2_ws/build/bumperbot_py_examples/build install --record /home/two-asus/ros2_ws/build/bumperbot_py_examples/install.log --single-version-externally-managed install_data --force
[1.093s] running egg_info
[1.093s] writing ../../build/bumperbot_py_examples/bumperbot_py_examples.egg-info/PKG-INFO
[1.093s] writing dependency_links to ../../build/bumperbot_py_examples/bumperbot_py_examples.egg-info/dependency_links.txt
[1.094s] writing entry points to ../../build/bumperbot_py_examples/bumperbot_py_examples.egg-info/entry_points.txt
[1.094s] writing requirements to ../../build/bumperbot_py_examples/bumperbot_py_examples.egg-info/requires.txt
[1.094s] writing top-level names to ../../build/bumperbot_py_examples/bumperbot_py_examples.egg-info/top_level.txt
[1.098s] reading manifest file '../../build/bumperbot_py_examples/bumperbot_py_examples.egg-info/SOURCES.txt'
[1.099s] writing manifest file '../../build/bumperbot_py_examples/bumperbot_py_examples.egg-info/SOURCES.txt'
[1.099s] running build
[1.099s] running build_py
[1.100s] running install
[1.100s] running install_lib
[1.101s] creating /home/two-asus/ros2_ws/install/bumperbot_py_examples/lib/python3.10/site-packages/bumperbot_py_examples
[1.101s] copying /home/two-asus/ros2_ws/build/bumperbot_py_examples/build/lib/bumperbot_py_examples/simple_turtlesim_kinematics.py -> /home/two-asus/ros2_ws/install/bumperbot_py_examples/lib/python3.10/site-packages/bumperbot_py_examples
[1.101s] copying /home/two-asus/ros2_ws/build/bumperbot_py_examples/build/lib/bumperbot_py_examples/__init__.py -> /home/two-asus/ros2_ws/install/bumperbot_py_examples/lib/python3.10/site-packages/bumperbot_py_examples
[1.101s] copying /home/two-asus/ros2_ws/build/bumperbot_py_examples/build/lib/bumperbot_py_examples/simple_subscriber.py -> /home/two-asus/ros2_ws/install/bumperbot_py_examples/lib/python3.10/site-packages/bumperbot_py_examples
[1.101s] copying /home/two-asus/ros2_ws/build/bumperbot_py_examples/build/lib/bumperbot_py_examples/simple_publisher.py -> /home/two-asus/ros2_ws/install/bumperbot_py_examples/lib/python3.10/site-packages/bumperbot_py_examples
[1.101s] copying /home/two-asus/ros2_ws/build/bumperbot_py_examples/build/lib/bumperbot_py_examples/simple_parameter.py -> /home/two-asus/ros2_ws/install/bumperbot_py_examples/lib/python3.10/site-packages/bumperbot_py_examples
[1.102s] byte-compiling /home/two-asus/ros2_ws/install/bumperbot_py_examples/lib/python3.10/site-packages/bumperbot_py_examples/simple_turtlesim_kinematics.py to simple_turtlesim_kinematics.cpython-310.pyc
[1.102s] byte-compiling /home/two-asus/ros2_ws/install/bumperbot_py_examples/lib/python3.10/site-packages/bumperbot_py_examples/__init__.py to __init__.cpython-310.pyc
[1.102s] byte-compiling /home/two-asus/ros2_ws/install/bumperbot_py_examples/lib/python3.10/site-packages/bumperbot_py_examples/simple_subscriber.py to simple_subscriber.cpython-310.pyc
[1.102s] byte-compiling /home/two-asus/ros2_ws/install/bumperbot_py_examples/lib/python3.10/site-packages/bumperbot_py_examples/simple_publisher.py to simple_publisher.cpython-310.pyc
[1.102s] byte-compiling /home/two-asus/ros2_ws/install/bumperbot_py_examples/lib/python3.10/site-packages/bumperbot_py_examples/simple_parameter.py to simple_parameter.cpython-310.pyc
[1.103s] running install_data
[1.103s] copying resource/bumperbot_py_examples -> /home/two-asus/ros2_ws/install/bumperbot_py_examples/share/ament_index/resource_index/packages
[1.103s] copying package.xml -> /home/two-asus/ros2_ws/install/bumperbot_py_examples/share/bumperbot_py_examples
[1.103s] running install_egg_info
[1.104s] Copying ../../build/bumperbot_py_examples/bumperbot_py_examples.egg-info to /home/two-asus/ros2_ws/install/bumperbot_py_examples/lib/python3.10/site-packages/bumperbot_py_examples-0.0.0-py3.10.egg-info
[1.105s] running install_scripts
[1.119s] Installing simple_parameter script to /home/two-asus/ros2_ws/install/bumperbot_py_examples/lib/bumperbot_py_examples
[1.119s] Installing simple_publisher script to /home/two-asus/ros2_ws/install/bumperbot_py_examples/lib/bumperbot_py_examples
[1.119s] Installing simple_subscriber script to /home/two-asus/ros2_ws/install/bumperbot_py_examples/lib/bumperbot_py_examples
[1.119s] Installing simple_turtlesim_kinematics script to /home/two-asus/ros2_ws/install/bumperbot_py_examples/lib/bumperbot_py_examples
[1.120s] writing list of installed files to '/home/two-asus/ros2_ws/build/bumperbot_py_examples/install.log'
[1.137s] Invoked command in '/home/two-asus/ros2_ws/src/bumperbot_py_examples' returned '0': PYTHONPATH=/home/two-asus/ros2_ws/build/bumperbot_py_examples/prefix_override:/usr/lib/python3/dist-packages/colcon_core/task/python/colcon_distutils_commands:/home/two-asus/ros2_ws/install/bumperbot_py_examples/lib/python3.10/site-packages:${PYTHONPATH} /usr/bin/python3 -W ignore:setup.py install is deprecated setup.py egg_info --egg-base ../../build/bumperbot_py_examples build --build-base /home/two-asus/ros2_ws/build/bumperbot_py_examples/build install --record /home/two-asus/ros2_ws/build/bumperbot_py_examples/install.log --single-version-externally-managed install_data --force
