running develop
/usr/lib/python3/dist-packages/setuptools/command/easy_install.py:158: EasyInstallDeprecationWarning: easy_install command is deprecated. Use build and pip and other standards-based tools.
  warnings.warn(
running egg_info
writing bumperbot_py_examples.egg-info/PKG-INFO
writing dependency_links to bumperbot_py_examples.egg-info/dependency_links.txt
writing entry points to bumperbot_py_examples.egg-info/entry_points.txt
writing requirements to bumperbot_py_examples.egg-info/requires.txt
writing top-level names to bumperbot_py_examples.egg-info/top_level.txt
reading manifest file 'bumperbot_py_examples.egg-info/SOURCES.txt'
writing manifest file 'bumperbot_py_examples.egg-info/SOURCES.txt'
running build_ext
Creating /home/two-asus/ros2_ws/install/bumperbot_py_examples/lib/python3.10/site-packages/bumperbot-py-examples.egg-link (link to .)
Installing simple_parameter script to /home/two-asus/ros2_ws/install/bumperbot_py_examples/lib/bumperbot_py_examples
Installing simple_publisher script to /home/two-asus/ros2_ws/install/bumperbot_py_examples/lib/bumperbot_py_examples
Installing simple_subscriber script to /home/two-asus/ros2_ws/install/bumperbot_py_examples/lib/bumperbot_py_examples

Installed /home/two-asus/ros2_ws/build/bumperbot_py_examples
running symlink_data
symbolically linking /home/two-asus/ros2_ws/build/bumperbot_py_examples/resource/bumperbot_py_examples -> /home/two-asus/ros2_ws/install/bumperbot_py_examples/share/ament_index/resource_index/packages
symbolically linking /home/two-asus/ros2_ws/build/bumperbot_py_examples/package.xml -> /home/two-asus/ros2_ws/install/bumperbot_py_examples/share/bumperbot_py_examples
