[0.487s] Invoking command in '/home/two-asus/ros2_ws/src/bumperbot_py_examples': PYTHONPATH=/home/two-asus/ros2_ws/build/bumperbot_py_examples/prefix_override:/usr/lib/python3/dist-packages/colcon_core/task/python/colcon_distutils_commands:/home/two-asus/ros2_ws/install/bumperbot_py_examples/lib/python3.10/site-packages:${PYTHONPATH} /usr/bin/python3 -W ignore:setup.py install is deprecated setup.py egg_info --egg-base ../../build/bumperbot_py_examples build --build-base /home/two-asus/ros2_ws/build/bumperbot_py_examples/build install --record /home/two-asus/ros2_ws/build/bumperbot_py_examples/install.log --single-version-externally-managed install_data
[0.656s] running egg_info
[0.656s] creating ../../build/bumperbot_py_examples/bumperbot_py_examples.egg-info
[0.657s] writing ../../build/bumperbot_py_examples/bumperbot_py_examples.egg-info/PKG-INFO
[0.657s] writing dependency_links to ../../build/bumperbot_py_examples/bumperbot_py_examples.egg-info/dependency_links.txt
[0.657s] writing entry points to ../../build/bumperbot_py_examples/bumperbot_py_examples.egg-info/entry_points.txt
[0.657s] writing requirements to ../../build/bumperbot_py_examples/bumperbot_py_examples.egg-info/requires.txt
[0.657s] writing top-level names to ../../build/bumperbot_py_examples/bumperbot_py_examples.egg-info/top_level.txt
[0.657s] writing manifest file '../../build/bumperbot_py_examples/bumperbot_py_examples.egg-info/SOURCES.txt'
[0.661s] reading manifest file '../../build/bumperbot_py_examples/bumperbot_py_examples.egg-info/SOURCES.txt'
[0.661s] writing manifest file '../../build/bumperbot_py_examples/bumperbot_py_examples.egg-info/SOURCES.txt'
[0.661s] running build
[0.661s] running build_py
[0.661s] creating /home/two-asus/ros2_ws/build/bumperbot_py_examples/build
[0.662s] creating /home/two-asus/ros2_ws/build/bumperbot_py_examples/build/lib
[0.662s] creating /home/two-asus/ros2_ws/build/bumperbot_py_examples/build/lib/bumperbot_py_examples
[0.662s] copying bumperbot_py_examples/__init__.py -> /home/two-asus/ros2_ws/build/bumperbot_py_examples/build/lib/bumperbot_py_examples
[0.662s] copying bumperbot_py_examples/simple_subscriber.py -> /home/two-asus/ros2_ws/build/bumperbot_py_examples/build/lib/bumperbot_py_examples
[0.662s] copying bumperbot_py_examples/simple_publisher.py -> /home/two-asus/ros2_ws/build/bumperbot_py_examples/build/lib/bumperbot_py_examples
[0.662s] copying bumperbot_py_examples/simple_parameter.py -> /home/two-asus/ros2_ws/build/bumperbot_py_examples/build/lib/bumperbot_py_examples
[0.662s] running install
[0.662s] running install_lib
[0.663s] creating /home/two-asus/ros2_ws/install/bumperbot_py_examples/lib/python3.10/site-packages/bumperbot_py_examples
[0.663s] copying /home/two-asus/ros2_ws/build/bumperbot_py_examples/build/lib/bumperbot_py_examples/__init__.py -> /home/two-asus/ros2_ws/install/bumperbot_py_examples/lib/python3.10/site-packages/bumperbot_py_examples
[0.663s] copying /home/two-asus/ros2_ws/build/bumperbot_py_examples/build/lib/bumperbot_py_examples/simple_subscriber.py -> /home/two-asus/ros2_ws/install/bumperbot_py_examples/lib/python3.10/site-packages/bumperbot_py_examples
[0.663s] copying /home/two-asus/ros2_ws/build/bumperbot_py_examples/build/lib/bumperbot_py_examples/simple_publisher.py -> /home/two-asus/ros2_ws/install/bumperbot_py_examples/lib/python3.10/site-packages/bumperbot_py_examples
[0.663s] copying /home/two-asus/ros2_ws/build/bumperbot_py_examples/build/lib/bumperbot_py_examples/simple_parameter.py -> /home/two-asus/ros2_ws/install/bumperbot_py_examples/lib/python3.10/site-packages/bumperbot_py_examples
[0.663s] byte-compiling /home/two-asus/ros2_ws/install/bumperbot_py_examples/lib/python3.10/site-packages/bumperbot_py_examples/__init__.py to __init__.cpython-310.pyc
[0.663s] byte-compiling /home/two-asus/ros2_ws/install/bumperbot_py_examples/lib/python3.10/site-packages/bumperbot_py_examples/simple_subscriber.py to simple_subscriber.cpython-310.pyc
[0.664s] byte-compiling /home/two-asus/ros2_ws/install/bumperbot_py_examples/lib/python3.10/site-packages/bumperbot_py_examples/simple_publisher.py to simple_publisher.cpython-310.pyc
[0.664s] byte-compiling /home/two-asus/ros2_ws/install/bumperbot_py_examples/lib/python3.10/site-packages/bumperbot_py_examples/simple_parameter.py to simple_parameter.cpython-310.pyc
[0.664s] running install_data
[0.664s] creating /home/two-asus/ros2_ws/install/bumperbot_py_examples/share/ament_index
[0.664s] creating /home/two-asus/ros2_ws/install/bumperbot_py_examples/share/ament_index/resource_index
[0.664s] creating /home/two-asus/ros2_ws/install/bumperbot_py_examples/share/ament_index/resource_index/packages
[0.664s] copying resource/bumperbot_py_examples -> /home/two-asus/ros2_ws/install/bumperbot_py_examples/share/ament_index/resource_index/packages
[0.664s] copying package.xml -> /home/two-asus/ros2_ws/install/bumperbot_py_examples/share/bumperbot_py_examples
[0.664s] running install_egg_info
[0.666s] Copying ../../build/bumperbot_py_examples/bumperbot_py_examples.egg-info to /home/two-asus/ros2_ws/install/bumperbot_py_examples/lib/python3.10/site-packages/bumperbot_py_examples-0.0.0-py3.10.egg-info
[0.666s] running install_scripts
[0.681s] Installing simple_parameter script to /home/two-asus/ros2_ws/install/bumperbot_py_examples/lib/bumperbot_py_examples
[0.681s] Installing simple_publisher script to /home/two-asus/ros2_ws/install/bumperbot_py_examples/lib/bumperbot_py_examples
[0.681s] Installing simple_subscriber script to /home/two-asus/ros2_ws/install/bumperbot_py_examples/lib/bumperbot_py_examples
[0.681s] writing list of installed files to '/home/two-asus/ros2_ws/build/bumperbot_py_examples/install.log'
[0.700s] Invoked command in '/home/two-asus/ros2_ws/src/bumperbot_py_examples' returned '0': PYTHONPATH=/home/two-asus/ros2_ws/build/bumperbot_py_examples/prefix_override:/usr/lib/python3/dist-packages/colcon_core/task/python/colcon_distutils_commands:/home/two-asus/ros2_ws/install/bumperbot_py_examples/lib/python3.10/site-packages:${PYTHONPATH} /usr/bin/python3 -W ignore:setup.py install is deprecated setup.py egg_info --egg-base ../../build/bumperbot_py_examples build --build-base /home/two-asus/ros2_ws/build/bumperbot_py_examples/build install --record /home/two-asus/ros2_ws/build/bumperbot_py_examples/install.log --single-version-externally-managed install_data
