[0.016s] Invoking command in '/home/two-asus/ros2_ws/build/bumperbot_description': CMAKE_PREFIX_PATH=${CMAKE_PREFIX_PATH}:/home/two-asus/ros2_ws/install/bumperbot_py_example:/opt/ros/humble /usr/bin/cmake /home/two-asus/ros2_ws/src/bumperbot_description -DAMENT_CMAKE_SYMLINK_INSTALL=1 -DCMAKE_INSTALL_PREFIX=/home/two-asus/ros2_ws/install/bumperbot_description
[0.024s] -- Found ament_cmake: 1.3.9 (/opt/ros/humble/share/ament_cmake/cmake)
[0.116s] -- Override CMake install command with custom implementation using symlinks instead of copying resources
[0.122s] -- Found ament_lint_auto: 0.12.11 (/opt/ros/humble/share/ament_lint_auto/cmake)
[0.185s] -- Added test 'cppcheck' to perform static code analysis on C / C++ code
[0.185s] -- Configured cppcheck include dirs: 
[0.185s] -- Configured cppcheck exclude dirs and/or files: 
[0.186s] -- Added test 'flake8' to check Python code syntax and style conventions
[0.188s] -- Added test 'lint_cmake' to check CMake code style
[0.189s] -- Added test 'pep257' to check Python code against some of the docstring style conventions in PEP 257
[0.194s] -- Added test 'uncrustify' to check C / C++ code style
[0.194s] -- Configured uncrustify additional arguments: 
[0.195s] -- Added test 'xmllint' to check XML markup files
[0.196s] -- Configuring done
[0.202s] -- Generating done
[0.202s] -- Build files have been written to: /home/two-asus/ros2_ws/build/bumperbot_description
[0.215s] Invoked command in '/home/two-asus/ros2_ws/build/bumperbot_description' returned '0': CMAKE_PREFIX_PATH=${CMAKE_PREFIX_PATH}:/home/two-asus/ros2_ws/install/bumperbot_py_example:/opt/ros/humble /usr/bin/cmake /home/two-asus/ros2_ws/src/bumperbot_description -DAMENT_CMAKE_SYMLINK_INSTALL=1 -DCMAKE_INSTALL_PREFIX=/home/two-asus/ros2_ws/install/bumperbot_description
[0.217s] Invoking command in '/home/two-asus/ros2_ws/build/bumperbot_description': CMAKE_PREFIX_PATH=${CMAKE_PREFIX_PATH}:/home/two-asus/ros2_ws/install/bumperbot_py_example:/opt/ros/humble /usr/bin/cmake --build /home/two-asus/ros2_ws/build/bumperbot_description -- -j16 -l16
[0.251s] Invoked command in '/home/two-asus/ros2_ws/build/bumperbot_description' returned '0': CMAKE_PREFIX_PATH=${CMAKE_PREFIX_PATH}:/home/two-asus/ros2_ws/install/bumperbot_py_example:/opt/ros/humble /usr/bin/cmake --build /home/two-asus/ros2_ws/build/bumperbot_description -- -j16 -l16
[0.275s] Invoking command in '/home/two-asus/ros2_ws/build/bumperbot_description': CMAKE_PREFIX_PATH=${CMAKE_PREFIX_PATH}:/home/two-asus/ros2_ws/install/bumperbot_py_example:/opt/ros/humble /usr/bin/cmake --install /home/two-asus/ros2_ws/build/bumperbot_description
[0.282s] -- Install configuration: ""
[0.282s] -- Execute custom install script
[0.283s] -- Symlinking: /home/two-asus/ros2_ws/install/bumperbot_description/share/bumperbot_description//launch/display.launch.py
[0.292s] -- Symlinking: /home/two-asus/ros2_ws/install/bumperbot_description/share/bumperbot_description//launch/gazebo.launch.py
[0.301s] -- Symlinking: /home/two-asus/ros2_ws/install/bumperbot_description/share/bumperbot_description//meshes/base_link.STL
[0.310s] -- Symlinking: /home/two-asus/ros2_ws/install/bumperbot_description/share/bumperbot_description//meshes/caster_front_link.STL
[0.318s] -- Symlinking: /home/two-asus/ros2_ws/install/bumperbot_description/share/bumperbot_description//meshes/caster_rear_link.STL
[0.327s] -- Symlinking: /home/two-asus/ros2_ws/install/bumperbot_description/share/bumperbot_description//meshes/imu_link.STL
[0.333s] -- Symlinking: /home/two-asus/ros2_ws/install/bumperbot_description/share/bumperbot_description//meshes/wheel_left_link.STL
[0.341s] -- Symlinking: /home/two-asus/ros2_ws/install/bumperbot_description/share/bumperbot_description//meshes/wheel_right_link.STL
[0.351s] -- Symlinking: /home/two-asus/ros2_ws/install/bumperbot_description/share/bumperbot_description//urdf/bumperbot.urdf.xacro
[0.359s] -- Symlinking: /home/two-asus/ros2_ws/install/bumperbot_description/share/bumperbot_description//urdf/bumperbot_gazebo.xacro
[0.367s] -- Symlinking: /home/two-asus/ros2_ws/install/bumperbot_description/share/bumperbot_description//urdf/bumperbot_ros2_control.xacro
[0.376s] -- Symlinking: /home/two-asus/ros2_ws/install/bumperbot_description/share/bumperbot_description//rviz/display.rviz
[0.384s] -- Symlinking: /home/two-asus/ros2_ws/install/bumperbot_description/share/ament_index/resource_index/package_run_dependencies/bumperbot_description
[0.393s] -- Symlinking: /home/two-asus/ros2_ws/install/bumperbot_description/share/ament_index/resource_index/parent_prefix_path/bumperbot_description
[0.401s] -- Symlinking: /home/two-asus/ros2_ws/install/bumperbot_description/share/bumperbot_description/environment/ament_prefix_path.sh
[0.410s] -- Symlinking: /home/two-asus/ros2_ws/install/bumperbot_description/share/bumperbot_description/environment/ament_prefix_path.dsv
[0.418s] -- Symlinking: /home/two-asus/ros2_ws/install/bumperbot_description/share/bumperbot_description/environment/path.sh
[0.426s] -- Symlinking: /home/two-asus/ros2_ws/install/bumperbot_description/share/bumperbot_description/environment/path.dsv
[0.434s] -- Symlinking: /home/two-asus/ros2_ws/install/bumperbot_description/share/bumperbot_description/local_setup.bash
[0.443s] -- Symlinking: /home/two-asus/ros2_ws/install/bumperbot_description/share/bumperbot_description/local_setup.sh
[0.451s] -- Symlinking: /home/two-asus/ros2_ws/install/bumperbot_description/share/bumperbot_description/local_setup.zsh
[0.460s] -- Symlinking: /home/two-asus/ros2_ws/install/bumperbot_description/share/bumperbot_description/local_setup.dsv
[0.469s] -- Symlinking: /home/two-asus/ros2_ws/install/bumperbot_description/share/bumperbot_description/package.dsv
[0.478s] -- Symlinking: /home/two-asus/ros2_ws/install/bumperbot_description/share/ament_index/resource_index/packages/bumperbot_description
[0.487s] -- Symlinking: /home/two-asus/ros2_ws/install/bumperbot_description/share/bumperbot_description/cmake/bumperbot_descriptionConfig.cmake
[0.495s] -- Symlinking: /home/two-asus/ros2_ws/install/bumperbot_description/share/bumperbot_description/cmake/bumperbot_descriptionConfig-version.cmake
[0.505s] -- Symlinking: /home/two-asus/ros2_ws/install/bumperbot_description/share/bumperbot_description/package.xml
[0.516s] Invoked command in '/home/two-asus/ros2_ws/build/bumperbot_description' returned '0': CMAKE_PREFIX_PATH=${CMAKE_PREFIX_PATH}:/home/two-asus/ros2_ws/install/bumperbot_py_example:/opt/ros/humble /usr/bin/cmake --install /home/two-asus/ros2_ws/build/bumperbot_description
