[0.572s] Invoking command in '/home/two-asus/ros2_ws/build/bumperbot_py_examples': PYTHONPATH=/home/two-asus/ros2_ws/build/bumperbot_py_examples/prefix_override:/usr/lib/python3/dist-packages/colcon_core/task/python/colcon_distutils_commands:/home/two-asus/ros2_ws/install/bumperbot_py_examples/lib/python3.10/site-packages:${PYTHONPATH} /usr/bin/python3 -W ignore:setup.py install is deprecated setup.py develop --uninstall --editable --build-directory /home/two-asus/ros2_ws/build/bumperbot_py_examples/build
[0.760s] running develop
[0.761s] /usr/lib/python3/dist-packages/setuptools/command/easy_install.py:158: EasyInstallDeprecationWarning: easy_install command is deprecated. Use build and pip and other standards-based tools.
[0.761s]   warnings.warn(
[0.874s] Removing /home/two-asus/ros2_ws/install/bumperbot_py_examples/lib/python3.10/site-packages/bumperbot-py-examples.egg-link (link to .)
[0.894s] Invoked command in '/home/two-asus/ros2_ws/build/bumperbot_py_examples' returned '0': PYTHONPATH=/home/two-asus/ros2_ws/build/bumperbot_py_examples/prefix_override:/usr/lib/python3/dist-packages/colcon_core/task/python/colcon_distutils_commands:/home/two-asus/ros2_ws/install/bumperbot_py_examples/lib/python3.10/site-packages:${PYTHONPATH} /usr/bin/python3 -W ignore:setup.py install is deprecated setup.py develop --uninstall --editable --build-directory /home/two-asus/ros2_ws/build/bumperbot_py_examples/build
[0.896s] Invoking command in '/home/two-asus/ros2_ws/src/bumperbot_py_examples': PYTHONPATH=/home/two-asus/ros2_ws/build/bumperbot_py_examples/prefix_override:/usr/lib/python3/dist-packages/colcon_core/task/python/colcon_distutils_commands:/home/two-asus/ros2_ws/install/bumperbot_py_examples/lib/python3.10/site-packages:${PYTHONPATH} /usr/bin/python3 -W ignore:setup.py install is deprecated setup.py egg_info --egg-base ../../build/bumperbot_py_examples build --build-base /home/two-asus/ros2_ws/build/bumperbot_py_examples/build install --record /home/two-asus/ros2_ws/build/bumperbot_py_examples/install.log --single-version-externally-managed install_data --force
[1.059s] running egg_info
[1.060s] writing ../../build/bumperbot_py_examples/bumperbot_py_examples.egg-info/PKG-INFO
[1.060s] writing dependency_links to ../../build/bumperbot_py_examples/bumperbot_py_examples.egg-info/dependency_links.txt
[1.060s] writing entry points to ../../build/bumperbot_py_examples/bumperbot_py_examples.egg-info/entry_points.txt
[1.060s] writing requirements to ../../build/bumperbot_py_examples/bumperbot_py_examples.egg-info/requires.txt
[1.060s] writing top-level names to ../../build/bumperbot_py_examples/bumperbot_py_examples.egg-info/top_level.txt
[1.061s] reading manifest file '../../build/bumperbot_py_examples/bumperbot_py_examples.egg-info/SOURCES.txt'
[1.063s] writing manifest file '../../build/bumperbot_py_examples/bumperbot_py_examples.egg-info/SOURCES.txt'
[1.063s] running build
[1.064s] running build_py
[1.064s] copying bumperbot_py_examples/simple_turtlesim_kinematics.py -> /home/two-asus/ros2_ws/build/bumperbot_py_examples/build/lib/bumperbot_py_examples
[1.064s] running install
[1.064s] running install_lib
[1.064s] creating /home/two-asus/ros2_ws/install/bumperbot_py_examples/lib/python3.10/site-packages/bumperbot_py_examples
[1.064s] copying /home/two-asus/ros2_ws/build/bumperbot_py_examples/build/lib/bumperbot_py_examples/simple_turtlesim_kinematics.py -> /home/two-asus/ros2_ws/install/bumperbot_py_examples/lib/python3.10/site-packages/bumperbot_py_examples
[1.064s] copying /home/two-asus/ros2_ws/build/bumperbot_py_examples/build/lib/bumperbot_py_examples/__init__.py -> /home/two-asus/ros2_ws/install/bumperbot_py_examples/lib/python3.10/site-packages/bumperbot_py_examples
[1.064s] copying /home/two-asus/ros2_ws/build/bumperbot_py_examples/build/lib/bumperbot_py_examples/simple_subscriber.py -> /home/two-asus/ros2_ws/install/bumperbot_py_examples/lib/python3.10/site-packages/bumperbot_py_examples
[1.065s] copying /home/two-asus/ros2_ws/build/bumperbot_py_examples/build/lib/bumperbot_py_examples/simple_publisher.py -> /home/two-asus/ros2_ws/install/bumperbot_py_examples/lib/python3.10/site-packages/bumperbot_py_examples
[1.065s] copying /home/two-asus/ros2_ws/build/bumperbot_py_examples/build/lib/bumperbot_py_examples/simple_parameter.py -> /home/two-asus/ros2_ws/install/bumperbot_py_examples/lib/python3.10/site-packages/bumperbot_py_examples
[1.065s] byte-compiling /home/two-asus/ros2_ws/install/bumperbot_py_examples/lib/python3.10/site-packages/bumperbot_py_examples/simple_turtlesim_kinematics.py to simple_turtlesim_kinematics.cpython-310.pyc
[1.066s] byte-compiling /home/two-asus/ros2_ws/install/bumperbot_py_examples/lib/python3.10/site-packages/bumperbot_py_examples/__init__.py to __init__.cpython-310.pyc
[1.066s] byte-compiling /home/two-asus/ros2_ws/install/bumperbot_py_examples/lib/python3.10/site-packages/bumperbot_py_examples/simple_subscriber.py to simple_subscriber.cpython-310.pyc
[1.066s] byte-compiling /home/two-asus/ros2_ws/install/bumperbot_py_examples/lib/python3.10/site-packages/bumperbot_py_examples/simple_publisher.py to simple_publisher.cpython-310.pyc
[1.066s] byte-compiling /home/two-asus/ros2_ws/install/bumperbot_py_examples/lib/python3.10/site-packages/bumperbot_py_examples/simple_parameter.py to simple_parameter.cpython-310.pyc
[1.067s] running install_data
[1.067s] copying resource/bumperbot_py_examples -> /home/two-asus/ros2_ws/install/bumperbot_py_examples/share/ament_index/resource_index/packages
[1.067s] copying package.xml -> /home/two-asus/ros2_ws/install/bumperbot_py_examples/share/bumperbot_py_examples
[1.067s] running install_egg_info
[1.068s] Copying ../../build/bumperbot_py_examples/bumperbot_py_examples.egg-info to /home/two-asus/ros2_ws/install/bumperbot_py_examples/lib/python3.10/site-packages/bumperbot_py_examples-0.0.0-py3.10.egg-info
[1.069s] running install_scripts
[1.082s] Installing simple_parameter script to /home/two-asus/ros2_ws/install/bumperbot_py_examples/lib/bumperbot_py_examples
[1.082s] Installing simple_publisher script to /home/two-asus/ros2_ws/install/bumperbot_py_examples/lib/bumperbot_py_examples
[1.082s] Installing simple_subscriber script to /home/two-asus/ros2_ws/install/bumperbot_py_examples/lib/bumperbot_py_examples
[1.083s] Installing simple_turtlesim_kinematics script to /home/two-asus/ros2_ws/install/bumperbot_py_examples/lib/bumperbot_py_examples
[1.083s] writing list of installed files to '/home/two-asus/ros2_ws/build/bumperbot_py_examples/install.log'
[1.098s] Invoked command in '/home/two-asus/ros2_ws/src/bumperbot_py_examples' returned '0': PYTHONPATH=/home/two-asus/ros2_ws/build/bumperbot_py_examples/prefix_override:/usr/lib/python3/dist-packages/colcon_core/task/python/colcon_distutils_commands:/home/two-asus/ros2_ws/install/bumperbot_py_examples/lib/python3.10/site-packages:${PYTHONPATH} /usr/bin/python3 -W ignore:setup.py install is deprecated setup.py egg_info --egg-base ../../build/bumperbot_py_examples build --build-base /home/two-asus/ros2_ws/build/bumperbot_py_examples/build install --record /home/two-asus/ros2_ws/build/bumperbot_py_examples/install.log --single-version-externally-managed install_data --force
