[0.023s] Invoking command in '/home/two-asus/ros2_ws/build/my_robot_description': CMAKE_PREFIX_PATH=${CMAKE_PREFIX_PATH}:/home/two-asus/ros2_ws/install/bumperbot_py_examples:/home/two-asus/ros2_ws/install/bumperbot_py_example:/opt/ros/humble /usr/bin/cmake /home/two-asus/ros2_ws/src/my_robot_description -DAMENT_CMAKE_SYMLINK_INSTALL=1 -DCMAKE_INSTALL_PREFIX=/home/two-asus/ros2_ws/install/my_robot_description
[0.035s] -- Found ament_cmake: 1.3.9 (/opt/ros/humble/share/ament_cmake/cmake)
[0.134s] -- Override CMake install command with custom implementation using symlinks instead of copying resources
[0.197s] -- Configuring done
[0.201s] -- Generating done
[0.202s] -- Build files have been written to: /home/two-asus/ros2_ws/build/my_robot_description
[0.240s] Invoked command in '/home/two-asus/ros2_ws/build/my_robot_description' returned '0': CMAKE_PREFIX_PATH=${CMAKE_PREFIX_PATH}:/home/two-asus/ros2_ws/install/bumperbot_py_examples:/home/two-asus/ros2_ws/install/bumperbot_py_example:/opt/ros/humble /usr/bin/cmake /home/two-asus/ros2_ws/src/my_robot_description -DAMENT_CMAKE_SYMLINK_INSTALL=1 -DCMAKE_INSTALL_PREFIX=/home/two-asus/ros2_ws/install/my_robot_description
[0.242s] Invoking command in '/home/two-asus/ros2_ws/build/my_robot_description': CMAKE_PREFIX_PATH=${CMAKE_PREFIX_PATH}:/home/two-asus/ros2_ws/install/bumperbot_py_examples:/home/two-asus/ros2_ws/install/bumperbot_py_example:/opt/ros/humble /usr/bin/cmake --build /home/two-asus/ros2_ws/build/my_robot_description -- -j16 -l16
[0.281s] Invoked command in '/home/two-asus/ros2_ws/build/my_robot_description' returned '0': CMAKE_PREFIX_PATH=${CMAKE_PREFIX_PATH}:/home/two-asus/ros2_ws/install/bumperbot_py_examples:/home/two-asus/ros2_ws/install/bumperbot_py_example:/opt/ros/humble /usr/bin/cmake --build /home/two-asus/ros2_ws/build/my_robot_description -- -j16 -l16
[0.309s] Invoking command in '/home/two-asus/ros2_ws/build/my_robot_description': CMAKE_PREFIX_PATH=${CMAKE_PREFIX_PATH}:/home/two-asus/ros2_ws/install/bumperbot_py_examples:/home/two-asus/ros2_ws/install/bumperbot_py_example:/opt/ros/humble /usr/bin/cmake --install /home/two-asus/ros2_ws/build/my_robot_description
[0.316s] -- Install configuration: ""
[0.316s] -- Execute custom install script
[0.316s] -- Up-to-date symlink: /home/two-asus/ros2_ws/install/my_robot_description/share/my_robot_description//launch/display.launch.py
[0.317s] -- Up-to-date symlink: /home/two-asus/ros2_ws/install/my_robot_description/share/my_robot_description//launch/display.launch.xml
[0.317s] -- Up-to-date symlink: /home/two-asus/ros2_ws/install/my_robot_description/share/my_robot_description//rviz/urdf_config.rivz.rviz
[0.317s] -- Up-to-date symlink: /home/two-asus/ros2_ws/install/my_robot_description/share/my_robot_description//urdf/common_propertes.xacro
[0.317s] -- Up-to-date symlink: /home/two-asus/ros2_ws/install/my_robot_description/share/my_robot_description//urdf/mobile_base.xacro
[0.317s] -- Up-to-date symlink: /home/two-asus/ros2_ws/install/my_robot_description/share/my_robot_description//urdf/mobile_base_gazebo.xacro
[0.317s] -- Up-to-date symlink: /home/two-asus/ros2_ws/install/my_robot_description/share/my_robot_description//urdf/my_robot.urdf
[0.317s] -- Up-to-date symlink: /home/two-asus/ros2_ws/install/my_robot_description/share/my_robot_description//urdf/my_robot.urdf.xacro
[0.318s] -- Up-to-date symlink: /home/two-asus/ros2_ws/install/my_robot_description/share/ament_index/resource_index/package_run_dependencies/my_robot_description
[0.318s] -- Up-to-date symlink: /home/two-asus/ros2_ws/install/my_robot_description/share/ament_index/resource_index/parent_prefix_path/my_robot_description
[0.318s] -- Up-to-date symlink: /home/two-asus/ros2_ws/install/my_robot_description/share/my_robot_description/environment/ament_prefix_path.sh
[0.318s] -- Up-to-date symlink: /home/two-asus/ros2_ws/install/my_robot_description/share/my_robot_description/environment/ament_prefix_path.dsv
[0.318s] -- Up-to-date symlink: /home/two-asus/ros2_ws/install/my_robot_description/share/my_robot_description/environment/path.sh
[0.318s] -- Up-to-date symlink: /home/two-asus/ros2_ws/install/my_robot_description/share/my_robot_description/environment/path.dsv
[0.319s] -- Up-to-date symlink: /home/two-asus/ros2_ws/install/my_robot_description/share/my_robot_description/local_setup.bash
[0.319s] -- Up-to-date symlink: /home/two-asus/ros2_ws/install/my_robot_description/share/my_robot_description/local_setup.sh
[0.319s] -- Up-to-date symlink: /home/two-asus/ros2_ws/install/my_robot_description/share/my_robot_description/local_setup.zsh
[0.319s] -- Up-to-date symlink: /home/two-asus/ros2_ws/install/my_robot_description/share/my_robot_description/local_setup.dsv
[0.319s] -- Symlinking: /home/two-asus/ros2_ws/install/my_robot_description/share/my_robot_description/package.dsv
[0.330s] -- Up-to-date symlink: /home/two-asus/ros2_ws/install/my_robot_description/share/ament_index/resource_index/packages/my_robot_description
[0.330s] -- Up-to-date symlink: /home/two-asus/ros2_ws/install/my_robot_description/share/my_robot_description/cmake/my_robot_descriptionConfig.cmake
[0.330s] -- Up-to-date symlink: /home/two-asus/ros2_ws/install/my_robot_description/share/my_robot_description/cmake/my_robot_descriptionConfig-version.cmake
[0.331s] -- Up-to-date symlink: /home/two-asus/ros2_ws/install/my_robot_description/share/my_robot_description/package.xml
[0.333s] Invoked command in '/home/two-asus/ros2_ws/build/my_robot_description' returned '0': CMAKE_PREFIX_PATH=${CMAKE_PREFIX_PATH}:/home/two-asus/ros2_ws/install/bumperbot_py_examples:/home/two-asus/ros2_ws/install/bumperbot_py_example:/opt/ros/humble /usr/bin/cmake --install /home/two-asus/ros2_ws/build/my_robot_description
