[0.008s] Invoking command in '/home/two-asus/ros2_ws/build/my_robot_description_v2': CMAKE_PREFIX_PATH=${CMAKE_PREFIX_PATH}:/opt/ros/humble /usr/bin/cmake /home/two-asus/ros2_ws/src/my_robot_description_v2 -DAMENT_CMAKE_SYMLINK_INSTALL=1 -DCMAKE_INSTALL_PREFIX=/home/two-asus/ros2_ws/install/my_robot_description_v2
[0.016s] -- Found ament_cmake: 1.3.9 (/opt/ros/humble/share/ament_cmake/cmake)
[0.100s] -- Override CMake install command with custom implementation using symlinks instead of copying resources
[0.151s] -- Configuring done
[0.153s] -- Generating done
[0.153s] -- Build files have been written to: /home/two-asus/ros2_ws/build/my_robot_description_v2
[0.157s] Invoked command in '/home/two-asus/ros2_ws/build/my_robot_description_v2' returned '0': CMAKE_PREFIX_PATH=${CMAKE_PREFIX_PATH}:/opt/ros/humble /usr/bin/cmake /home/two-asus/ros2_ws/src/my_robot_description_v2 -DAMENT_CMAKE_SYMLINK_INSTALL=1 -DCMAKE_INSTALL_PREFIX=/home/two-asus/ros2_ws/install/my_robot_description_v2
[0.158s] Invoking command in '/home/two-asus/ros2_ws/build/my_robot_description_v2': CMAKE_PREFIX_PATH=${CMAKE_PREFIX_PATH}:/opt/ros/humble /usr/bin/cmake --build /home/two-asus/ros2_ws/build/my_robot_description_v2 -- -j16 -l16
[0.191s] Invoked command in '/home/two-asus/ros2_ws/build/my_robot_description_v2' returned '0': CMAKE_PREFIX_PATH=${CMAKE_PREFIX_PATH}:/opt/ros/humble /usr/bin/cmake --build /home/two-asus/ros2_ws/build/my_robot_description_v2 -- -j16 -l16
[0.222s] Invoking command in '/home/two-asus/ros2_ws/build/my_robot_description_v2': CMAKE_PREFIX_PATH=${CMAKE_PREFIX_PATH}:/opt/ros/humble /usr/bin/cmake --install /home/two-asus/ros2_ws/build/my_robot_description_v2
[0.228s] -- Install configuration: ""
[0.229s] -- Execute custom install script
[0.229s] -- Up-to-date symlink: /home/two-asus/ros2_ws/install/my_robot_description_v2/share/my_robot_description_v2//launch/display.launch.py
[0.229s] -- Up-to-date symlink: /home/two-asus/ros2_ws/install/my_robot_description_v2/share/my_robot_description_v2//rviz/urdf_config.rivz.rviz
[0.229s] -- Up-to-date symlink: /home/two-asus/ros2_ws/install/my_robot_description_v2/share/my_robot_description_v2//urdf/my_robot.urdf.xacro
[0.229s] -- Up-to-date symlink: /home/two-asus/ros2_ws/install/my_robot_description_v2/share/ament_index/resource_index/package_run_dependencies/my_robot_description_v2
[0.229s] -- Up-to-date symlink: /home/two-asus/ros2_ws/install/my_robot_description_v2/share/ament_index/resource_index/parent_prefix_path/my_robot_description_v2
[0.229s] -- Up-to-date symlink: /home/two-asus/ros2_ws/install/my_robot_description_v2/share/my_robot_description_v2/environment/ament_prefix_path.sh
[0.229s] -- Up-to-date symlink: /home/two-asus/ros2_ws/install/my_robot_description_v2/share/my_robot_description_v2/environment/ament_prefix_path.dsv
[0.229s] -- Up-to-date symlink: /home/two-asus/ros2_ws/install/my_robot_description_v2/share/my_robot_description_v2/environment/path.sh
[0.230s] -- Up-to-date symlink: /home/two-asus/ros2_ws/install/my_robot_description_v2/share/my_robot_description_v2/environment/path.dsv
[0.230s] -- Up-to-date symlink: /home/two-asus/ros2_ws/install/my_robot_description_v2/share/my_robot_description_v2/local_setup.bash
[0.230s] -- Up-to-date symlink: /home/two-asus/ros2_ws/install/my_robot_description_v2/share/my_robot_description_v2/local_setup.sh
[0.230s] -- Up-to-date symlink: /home/two-asus/ros2_ws/install/my_robot_description_v2/share/my_robot_description_v2/local_setup.zsh
[0.230s] -- Up-to-date symlink: /home/two-asus/ros2_ws/install/my_robot_description_v2/share/my_robot_description_v2/local_setup.dsv
[0.230s] -- Symlinking: /home/two-asus/ros2_ws/install/my_robot_description_v2/share/my_robot_description_v2/package.dsv
[0.237s] -- Up-to-date symlink: /home/two-asus/ros2_ws/install/my_robot_description_v2/share/ament_index/resource_index/packages/my_robot_description_v2
[0.237s] -- Up-to-date symlink: /home/two-asus/ros2_ws/install/my_robot_description_v2/share/my_robot_description_v2/cmake/my_robot_description_v2Config.cmake
[0.237s] -- Up-to-date symlink: /home/two-asus/ros2_ws/install/my_robot_description_v2/share/my_robot_description_v2/cmake/my_robot_description_v2Config-version.cmake
[0.238s] -- Up-to-date symlink: /home/two-asus/ros2_ws/install/my_robot_description_v2/share/my_robot_description_v2/package.xml
[0.247s] Invoked command in '/home/two-asus/ros2_ws/build/my_robot_description_v2' returned '0': CMAKE_PREFIX_PATH=${CMAKE_PREFIX_PATH}:/opt/ros/humble /usr/bin/cmake --install /home/two-asus/ros2_ws/build/my_robot_description_v2
