[0.031s] Invoking command in '/home/two-asus/ros2_ws/build/bumperbot_controller': CMAKE_PREFIX_PATH=${CMAKE_PREFIX_PATH}:/home/two-asus/ros2_ws/install/bumperbot_py_examples:/home/two-asus/ros2_ws/install/bumperbot_py_example:/opt/ros/humble /usr/bin/cmake /home/two-asus/ros2_ws/src/bumperbot_controller -DAMENT_CMAKE_SYMLINK_INSTALL=1 -DCMAKE_INSTALL_PREFIX=/home/two-asus/ros2_ws/install/bumperbot_controller
[0.041s] -- Found ament_cmake: 1.3.9 (/opt/ros/humble/share/ament_cmake/cmake)
[0.132s] -- Override CMake install command with custom implementation using symlinks instead of copying resources
[0.139s] -- Found ament_lint_auto: 0.12.11 (/opt/ros/humble/share/ament_lint_auto/cmake)
[0.205s] -- Added test 'cppcheck' to perform static code analysis on C / C++ code
[0.205s] -- Configured cppcheck include dirs: 
[0.205s] -- Configured cppcheck exclude dirs and/or files: 
[0.208s] -- Added test 'lint_cmake' to check CMake code style
[0.215s] -- Added test 'uncrustify' to check C / C++ code style
[0.215s] -- Configured uncrustify additional arguments: 
[0.216s] -- Added test 'xmllint' to check XML markup files
[0.217s] -- Configuring done
[0.220s] -- Generating done
[0.221s] -- Build files have been written to: /home/two-asus/ros2_ws/build/bumperbot_controller
[0.236s] Invoked command in '/home/two-asus/ros2_ws/build/bumperbot_controller' returned '0': CMAKE_PREFIX_PATH=${CMAKE_PREFIX_PATH}:/home/two-asus/ros2_ws/install/bumperbot_py_examples:/home/two-asus/ros2_ws/install/bumperbot_py_example:/opt/ros/humble /usr/bin/cmake /home/two-asus/ros2_ws/src/bumperbot_controller -DAMENT_CMAKE_SYMLINK_INSTALL=1 -DCMAKE_INSTALL_PREFIX=/home/two-asus/ros2_ws/install/bumperbot_controller
[0.237s] Invoking command in '/home/two-asus/ros2_ws/build/bumperbot_controller': CMAKE_PREFIX_PATH=${CMAKE_PREFIX_PATH}:/home/two-asus/ros2_ws/install/bumperbot_py_examples:/home/two-asus/ros2_ws/install/bumperbot_py_example:/opt/ros/humble /usr/bin/cmake --build /home/two-asus/ros2_ws/build/bumperbot_controller -- -j16 -l16
[0.269s] Invoked command in '/home/two-asus/ros2_ws/build/bumperbot_controller' returned '0': CMAKE_PREFIX_PATH=${CMAKE_PREFIX_PATH}:/home/two-asus/ros2_ws/install/bumperbot_py_examples:/home/two-asus/ros2_ws/install/bumperbot_py_example:/opt/ros/humble /usr/bin/cmake --build /home/two-asus/ros2_ws/build/bumperbot_controller -- -j16 -l16
[0.298s] Invoking command in '/home/two-asus/ros2_ws/build/bumperbot_controller': CMAKE_PREFIX_PATH=${CMAKE_PREFIX_PATH}:/home/two-asus/ros2_ws/install/bumperbot_py_examples:/home/two-asus/ros2_ws/install/bumperbot_py_example:/opt/ros/humble /usr/bin/cmake --install /home/two-asus/ros2_ws/build/bumperbot_controller
[0.303s] -- Install configuration: ""
[0.303s] -- Execute custom install script
[0.304s] -- Up-to-date symlink: /home/two-asus/ros2_ws/install/bumperbot_controller/share/bumperbot_controller//config/bumperbot_controllers.yaml
[0.304s] -- Up-to-date symlink: /home/two-asus/ros2_ws/install/bumperbot_controller/share/ament_index/resource_index/package_run_dependencies/bumperbot_controller
[0.304s] -- Up-to-date symlink: /home/two-asus/ros2_ws/install/bumperbot_controller/share/ament_index/resource_index/parent_prefix_path/bumperbot_controller
[0.304s] -- Up-to-date symlink: /home/two-asus/ros2_ws/install/bumperbot_controller/share/bumperbot_controller/environment/ament_prefix_path.sh
[0.304s] -- Up-to-date symlink: /home/two-asus/ros2_ws/install/bumperbot_controller/share/bumperbot_controller/environment/ament_prefix_path.dsv
[0.304s] -- Up-to-date symlink: /home/two-asus/ros2_ws/install/bumperbot_controller/share/bumperbot_controller/environment/path.sh
[0.304s] -- Up-to-date symlink: /home/two-asus/ros2_ws/install/bumperbot_controller/share/bumperbot_controller/environment/path.dsv
[0.304s] -- Up-to-date symlink: /home/two-asus/ros2_ws/install/bumperbot_controller/share/bumperbot_controller/local_setup.bash
[0.304s] -- Up-to-date symlink: /home/two-asus/ros2_ws/install/bumperbot_controller/share/bumperbot_controller/local_setup.sh
[0.305s] -- Up-to-date symlink: /home/two-asus/ros2_ws/install/bumperbot_controller/share/bumperbot_controller/local_setup.zsh
[0.305s] -- Up-to-date symlink: /home/two-asus/ros2_ws/install/bumperbot_controller/share/bumperbot_controller/local_setup.dsv
[0.305s] -- Symlinking: /home/two-asus/ros2_ws/install/bumperbot_controller/share/bumperbot_controller/package.dsv
[0.313s] -- Up-to-date symlink: /home/two-asus/ros2_ws/install/bumperbot_controller/share/ament_index/resource_index/packages/bumperbot_controller
[0.313s] -- Up-to-date symlink: /home/two-asus/ros2_ws/install/bumperbot_controller/share/bumperbot_controller/cmake/bumperbot_controllerConfig.cmake
[0.313s] -- Up-to-date symlink: /home/two-asus/ros2_ws/install/bumperbot_controller/share/bumperbot_controller/cmake/bumperbot_controllerConfig-version.cmake
[0.313s] -- Up-to-date symlink: /home/two-asus/ros2_ws/install/bumperbot_controller/share/bumperbot_controller/package.xml
[0.315s] Invoked command in '/home/two-asus/ros2_ws/build/bumperbot_controller' returned '0': CMAKE_PREFIX_PATH=${CMAKE_PREFIX_PATH}:/home/two-asus/ros2_ws/install/bumperbot_py_examples:/home/two-asus/ros2_ws/install/bumperbot_py_example:/opt/ros/humble /usr/bin/cmake --install /home/two-asus/ros2_ws/build/bumperbot_controller
