[0.008s] Invoking command in '/home/two-asus/ros2_ws/build/my_robot_description': CMAKE_PREFIX_PATH=${CMAKE_PREFIX_PATH}:/opt/ros/humble /usr/bin/cmake /home/two-asus/ros2_ws/src/my_robot_description -DCMAKE_INSTALL_PREFIX=/home/two-asus/ros2_ws/install/my_robot_description
[0.057s] -- The C compiler identification is GNU 11.4.0
[0.102s] -- The CXX compiler identification is GNU 11.4.0
[0.109s] -- Detecting C compiler ABI info
[0.170s] -- Detecting C compiler ABI info - done
[0.175s] -- Check for working C compiler: /usr/bin/cc - skipped
[0.175s] -- Detecting C compile features
[0.175s] -- Detecting C compile features - done
[0.177s] -- Detecting CXX compiler ABI info
[0.247s] -- Detecting CXX compiler ABI info - done
[0.251s] -- Check for working CXX compiler: /usr/bin/c++ - skipped
[0.252s] -- Detecting CXX compile features
[0.252s] -- Detecting CXX compile features - done
[0.254s] -- Found ament_cmake: 1.3.9 (/opt/ros/humble/share/ament_cmake/cmake)
[0.361s] -- Found Python3: /usr/bin/python3 (found version "3.10.12") found components: Interpreter 
[0.461s] -- Configuring done
[0.463s] -- Generating done
[0.464s] -- Build files have been written to: /home/two-asus/ros2_ws/build/my_robot_description
[0.468s] Invoked command in '/home/two-asus/ros2_ws/build/my_robot_description' returned '0': CMAKE_PREFIX_PATH=${CMAKE_PREFIX_PATH}:/opt/ros/humble /usr/bin/cmake /home/two-asus/ros2_ws/src/my_robot_description -DCMAKE_INSTALL_PREFIX=/home/two-asus/ros2_ws/install/my_robot_description
[0.469s] Invoking command in '/home/two-asus/ros2_ws/build/my_robot_description': CMAKE_PREFIX_PATH=${CMAKE_PREFIX_PATH}:/opt/ros/humble /usr/bin/cmake --build /home/two-asus/ros2_ws/build/my_robot_description -- -j16 -l16
[0.501s] Invoked command in '/home/two-asus/ros2_ws/build/my_robot_description' returned '0': CMAKE_PREFIX_PATH=${CMAKE_PREFIX_PATH}:/opt/ros/humble /usr/bin/cmake --build /home/two-asus/ros2_ws/build/my_robot_description -- -j16 -l16
[0.530s] Invoking command in '/home/two-asus/ros2_ws/build/my_robot_description': CMAKE_PREFIX_PATH=${CMAKE_PREFIX_PATH}:/opt/ros/humble /usr/bin/cmake --install /home/two-asus/ros2_ws/build/my_robot_description
[0.536s] -- Install configuration: ""
[0.536s] -- Installing: /home/two-asus/ros2_ws/install/my_robot_description/share/my_robot_description//launch
[0.536s] -- Installing: /home/two-asus/ros2_ws/install/my_robot_description/share/my_robot_description//launch/display.launch.py
[0.537s] -- Installing: /home/two-asus/ros2_ws/install/my_robot_description/share/my_robot_description//launch/display.launch.xml
[0.537s] -- Installing: /home/two-asus/ros2_ws/install/my_robot_description/share/my_robot_description//rviz
[0.537s] -- Installing: /home/two-asus/ros2_ws/install/my_robot_description/share/my_robot_description//rviz/urdf_config.rivz.rviz
[0.537s] -- Installing: /home/two-asus/ros2_ws/install/my_robot_description/share/ament_index/resource_index/package_run_dependencies/my_robot_description
[0.537s] -- Installing: /home/two-asus/ros2_ws/install/my_robot_description/share/ament_index/resource_index/parent_prefix_path/my_robot_description
[0.537s] -- Installing: /home/two-asus/ros2_ws/install/my_robot_description/share/my_robot_description/environment/ament_prefix_path.sh
[0.537s] -- Installing: /home/two-asus/ros2_ws/install/my_robot_description/share/my_robot_description/environment/ament_prefix_path.dsv
[0.537s] -- Installing: /home/two-asus/ros2_ws/install/my_robot_description/share/my_robot_description/environment/path.sh
[0.537s] -- Installing: /home/two-asus/ros2_ws/install/my_robot_description/share/my_robot_description/environment/path.dsv
[0.537s] -- Installing: /home/two-asus/ros2_ws/install/my_robot_description/share/my_robot_description/local_setup.bash
[0.537s] -- Installing: /home/two-asus/ros2_ws/install/my_robot_description/share/my_robot_description/local_setup.sh
[0.538s] -- Installing: /home/two-asus/ros2_ws/install/my_robot_description/share/my_robot_description/local_setup.zsh
[0.538s] -- Installing: /home/two-asus/ros2_ws/install/my_robot_description/share/my_robot_description/local_setup.dsv
[0.538s] -- Installing: /home/two-asus/ros2_ws/install/my_robot_description/share/my_robot_description/package.dsv
[0.538s] -- Installing: /home/two-asus/ros2_ws/install/my_robot_description/share/ament_index/resource_index/packages/my_robot_description
[0.538s] -- Installing: /home/two-asus/ros2_ws/install/my_robot_description/share/my_robot_description/cmake/my_robot_descriptionConfig.cmake
[0.538s] -- Installing: /home/two-asus/ros2_ws/install/my_robot_description/share/my_robot_description/cmake/my_robot_descriptionConfig-version.cmake
[0.538s] -- Installing: /home/two-asus/ros2_ws/install/my_robot_description/share/my_robot_description/package.xml
[0.540s] Invoked command in '/home/two-asus/ros2_ws/build/my_robot_description' returned '0': CMAKE_PREFIX_PATH=${CMAKE_PREFIX_PATH}:/opt/ros/humble /usr/bin/cmake --install /home/two-asus/ros2_ws/build/my_robot_description
