[0.009s] Invoking command in '/home/two-asus/ros2_ws/build/my_robot_description_v2': CMAKE_PREFIX_PATH=${CMAKE_PREFIX_PATH}:/opt/ros/humble /usr/bin/cmake /home/two-asus/ros2_ws/src/my_robot_description_v2 -DCMAKE_INSTALL_PREFIX=/home/two-asus/ros2_ws/install/my_robot_description_v2
[0.018s] -- Found ament_cmake: 1.3.9 (/opt/ros/humble/share/ament_cmake/cmake)
[0.099s] -- Override CMake install command with custom implementation using symlinks instead of copying resources
[0.151s] -- Configuring done
[0.153s] -- Generating done
[0.155s] -- Build files have been written to: /home/two-asus/ros2_ws/build/my_robot_description_v2
[0.156s] Invoked command in '/home/two-asus/ros2_ws/build/my_robot_description_v2' returned '0': CMAKE_PREFIX_PATH=${CMAKE_PREFIX_PATH}:/opt/ros/humble /usr/bin/cmake /home/two-asus/ros2_ws/src/my_robot_description_v2 -DCMAKE_INSTALL_PREFIX=/home/two-asus/ros2_ws/install/my_robot_description_v2
[0.157s] Invoking command in '/home/two-asus/ros2_ws/build/my_robot_description_v2': CMAKE_PREFIX_PATH=${CMAKE_PREFIX_PATH}:/opt/ros/humble /usr/bin/cmake --build /home/two-asus/ros2_ws/build/my_robot_description_v2 -- -j16 -l16
[0.189s] Invoked command in '/home/two-asus/ros2_ws/build/my_robot_description_v2' returned '0': CMAKE_PREFIX_PATH=${CMAKE_PREFIX_PATH}:/opt/ros/humble /usr/bin/cmake --build /home/two-asus/ros2_ws/build/my_robot_description_v2 -- -j16 -l16
[0.219s] Invoking command in '/home/two-asus/ros2_ws/build/my_robot_description_v2': CMAKE_PREFIX_PATH=${CMAKE_PREFIX_PATH}:/opt/ros/humble /usr/bin/cmake --install /home/two-asus/ros2_ws/build/my_robot_description_v2
[0.225s] -- Install configuration: ""
[0.225s] -- Execute custom install script
[0.225s] -- Up-to-date symlink: /home/two-asus/ros2_ws/install/my_robot_description_v2/share/my_robot_description_v2//launch/display.launch.py
[0.226s] -- Up-to-date symlink: /home/two-asus/ros2_ws/install/my_robot_description_v2/share/my_robot_description_v2//rviz/urdf_config.rivz.rviz
[0.226s] -- Up-to-date symlink: /home/two-asus/ros2_ws/install/my_robot_description_v2/share/my_robot_description_v2//urdf/my_robot.urdf.xacro
[0.226s] -- Up-to-date symlink: /home/two-asus/ros2_ws/install/my_robot_description_v2/share/ament_index/resource_index/package_run_dependencies/my_robot_description_v2
[0.226s] -- Up-to-date symlink: /home/two-asus/ros2_ws/install/my_robot_description_v2/share/ament_index/resource_index/parent_prefix_path/my_robot_description_v2
[0.226s] -- Up-to-date symlink: /home/two-asus/ros2_ws/install/my_robot_description_v2/share/my_robot_description_v2/environment/ament_prefix_path.sh
[0.226s] -- Up-to-date symlink: /home/two-asus/ros2_ws/install/my_robot_description_v2/share/my_robot_description_v2/environment/ament_prefix_path.dsv
[0.226s] -- Up-to-date symlink: /home/two-asus/ros2_ws/install/my_robot_description_v2/share/my_robot_description_v2/environment/path.sh
[0.226s] -- Up-to-date symlink: /home/two-asus/ros2_ws/install/my_robot_description_v2/share/my_robot_description_v2/environment/path.dsv
[0.227s] -- Up-to-date symlink: /home/two-asus/ros2_ws/install/my_robot_description_v2/share/my_robot_description_v2/local_setup.bash
[0.227s] -- Up-to-date symlink: /home/two-asus/ros2_ws/install/my_robot_description_v2/share/my_robot_description_v2/local_setup.sh
[0.227s] -- Up-to-date symlink: /home/two-asus/ros2_ws/install/my_robot_description_v2/share/my_robot_description_v2/local_setup.zsh
[0.227s] -- Up-to-date symlink: /home/two-asus/ros2_ws/install/my_robot_description_v2/share/my_robot_description_v2/local_setup.dsv
[0.227s] -- Symlinking: /home/two-asus/ros2_ws/install/my_robot_description_v2/share/my_robot_description_v2/package.dsv
[0.235s] -- Up-to-date symlink: /home/two-asus/ros2_ws/install/my_robot_description_v2/share/ament_index/resource_index/packages/my_robot_description_v2
[0.236s] -- Up-to-date symlink: /home/two-asus/ros2_ws/install/my_robot_description_v2/share/my_robot_description_v2/cmake/my_robot_description_v2Config.cmake
[0.236s] -- Up-to-date symlink: /home/two-asus/ros2_ws/install/my_robot_description_v2/share/my_robot_description_v2/cmake/my_robot_description_v2Config-version.cmake
[0.236s] -- Up-to-date symlink: /home/two-asus/ros2_ws/install/my_robot_description_v2/share/my_robot_description_v2/package.xml
[0.239s] Invoked command in '/home/two-asus/ros2_ws/build/my_robot_description_v2' returned '0': CMAKE_PREFIX_PATH=${CMAKE_PREFIX_PATH}:/opt/ros/humble /usr/bin/cmake --install /home/two-asus/ros2_ws/build/my_robot_description_v2
