[0.012s] Invoking command in '/home/two-asus/ros2_ws/build/bumperbot_cpp_example': CMAKE_PREFIX_PATH=${CMAKE_PREFIX_PATH}:/opt/ros/humble /usr/bin/cmake /home/two-asus/ros2_ws/src/bumperbot_cpp_example -DCMAKE_INSTALL_PREFIX=/home/two-asus/ros2_ws/install/bumperbot_cpp_example
[0.061s] -- The C compiler identification is GNU 11.4.0
[0.109s] -- The CXX compiler identification is GNU 11.4.0
[0.116s] -- Detecting C compiler ABI info
[0.181s] -- Detecting C compiler ABI info - done
[0.186s] -- Check for working C compiler: /usr/bin/cc - skipped
[0.186s] -- Detecting C compile features
[0.186s] -- Detecting C compile features - done
[0.188s] -- Detecting CXX compiler ABI info
[0.260s] -- Detecting CXX compiler ABI info - done
[0.265s] -- Check for working CXX compiler: /usr/bin/c++ - skipped
[0.265s] -- Detecting CXX compile features
[0.265s] -- Detecting CXX compile features - done
[0.267s] -- Found ament_cmake: 1.3.9 (/opt/ros/humble/share/ament_cmake/cmake)
[0.383s] -- Found Python3: /usr/bin/python3 (found version "3.10.12") found components: Interpreter 
[0.451s] -- Found ament_lint_auto: 0.12.11 (/opt/ros/humble/share/ament_lint_auto/cmake)
[0.513s] -- Added test 'cppcheck' to perform static code analysis on C / C++ code
[0.513s] -- Configured cppcheck include dirs: 
[0.513s] -- Configured cppcheck exclude dirs and/or files: 
[0.515s] -- Added test 'lint_cmake' to check CMake code style
[0.520s] -- Added test 'uncrustify' to check C / C++ code style
[0.520s] -- Configured uncrustify additional arguments: 
[0.522s] -- Added test 'xmllint' to check XML markup files
[0.522s] -- Configuring done
[0.525s] -- Generating done
[0.526s] -- Build files have been written to: /home/two-asus/ros2_ws/build/bumperbot_cpp_example
[0.530s] Invoked command in '/home/two-asus/ros2_ws/build/bumperbot_cpp_example' returned '0': CMAKE_PREFIX_PATH=${CMAKE_PREFIX_PATH}:/opt/ros/humble /usr/bin/cmake /home/two-asus/ros2_ws/src/bumperbot_cpp_example -DCMAKE_INSTALL_PREFIX=/home/two-asus/ros2_ws/install/bumperbot_cpp_example
[0.532s] Invoking command in '/home/two-asus/ros2_ws/build/bumperbot_cpp_example': CMAKE_PREFIX_PATH=${CMAKE_PREFIX_PATH}:/opt/ros/humble /usr/bin/cmake --build /home/two-asus/ros2_ws/build/bumperbot_cpp_example -- -j16 -l16
[0.567s] Invoked command in '/home/two-asus/ros2_ws/build/bumperbot_cpp_example' returned '0': CMAKE_PREFIX_PATH=${CMAKE_PREFIX_PATH}:/opt/ros/humble /usr/bin/cmake --build /home/two-asus/ros2_ws/build/bumperbot_cpp_example -- -j16 -l16
[0.593s] Invoking command in '/home/two-asus/ros2_ws/build/bumperbot_cpp_example': CMAKE_PREFIX_PATH=${CMAKE_PREFIX_PATH}:/opt/ros/humble /usr/bin/cmake --install /home/two-asus/ros2_ws/build/bumperbot_cpp_example
[0.599s] -- Install configuration: ""
[0.599s] -- Installing: /home/two-asus/ros2_ws/install/bumperbot_cpp_example/share/ament_index/resource_index/package_run_dependencies/bumperbot_cpp_example
[0.599s] -- Installing: /home/two-asus/ros2_ws/install/bumperbot_cpp_example/share/ament_index/resource_index/parent_prefix_path/bumperbot_cpp_example
[0.599s] -- Installing: /home/two-asus/ros2_ws/install/bumperbot_cpp_example/share/bumperbot_cpp_example/environment/ament_prefix_path.sh
[0.599s] -- Installing: /home/two-asus/ros2_ws/install/bumperbot_cpp_example/share/bumperbot_cpp_example/environment/ament_prefix_path.dsv
[0.599s] -- Installing: /home/two-asus/ros2_ws/install/bumperbot_cpp_example/share/bumperbot_cpp_example/environment/path.sh
[0.600s] -- Installing: /home/two-asus/ros2_ws/install/bumperbot_cpp_example/share/bumperbot_cpp_example/environment/path.dsv
[0.600s] -- Installing: /home/two-asus/ros2_ws/install/bumperbot_cpp_example/share/bumperbot_cpp_example/local_setup.bash
[0.600s] -- Installing: /home/two-asus/ros2_ws/install/bumperbot_cpp_example/share/bumperbot_cpp_example/local_setup.sh
[0.600s] -- Installing: /home/two-asus/ros2_ws/install/bumperbot_cpp_example/share/bumperbot_cpp_example/local_setup.zsh
[0.600s] -- Installing: /home/two-asus/ros2_ws/install/bumperbot_cpp_example/share/bumperbot_cpp_example/local_setup.dsv
[0.600s] -- Installing: /home/two-asus/ros2_ws/install/bumperbot_cpp_example/share/bumperbot_cpp_example/package.dsv
[0.600s] -- Installing: /home/two-asus/ros2_ws/install/bumperbot_cpp_example/share/ament_index/resource_index/packages/bumperbot_cpp_example
[0.600s] -- Installing: /home/two-asus/ros2_ws/install/bumperbot_cpp_example/share/bumperbot_cpp_example/cmake/bumperbot_cpp_exampleConfig.cmake
[0.600s] -- Installing: /home/two-asus/ros2_ws/install/bumperbot_cpp_example/share/bumperbot_cpp_example/cmake/bumperbot_cpp_exampleConfig-version.cmake
[0.601s] -- Installing: /home/two-asus/ros2_ws/install/bumperbot_cpp_example/share/bumperbot_cpp_example/package.xml
[0.603s] Invoked command in '/home/two-asus/ros2_ws/build/bumperbot_cpp_example' returned '0': CMAKE_PREFIX_PATH=${CMAKE_PREFIX_PATH}:/opt/ros/humble /usr/bin/cmake --install /home/two-asus/ros2_ws/build/bumperbot_cpp_example
