[0.080s] DEBUG:colcon:Command line arguments: ['/usr/bin/colcon', 'build']
[0.080s] DEBUG:colcon:Parsed command line arguments: Namespace(log_base=None, log_level=None, verb_name='build', build_base='build', install_base='install', merge_install=False, symlink_install=False, test_result_base=None, continue_on_error=False, executor='parallel', parallel_workers=16, event_handlers=None, ignore_user_meta=False, metas=['./colcon.meta'], base_paths=['.'], packages_ignore=None, packages_ignore_regex=None, paths=None, packages_up_to=None, packages_up_to_regex=None, packages_above=None, packages_above_and_dependencies=None, packages_above_depth=None, packages_select_by_dep=None, packages_skip_by_dep=None, packages_skip_up_to=None, packages_select_build_failed=False, packages_skip_build_finished=False, packages_select_test_failures=False, packages_skip_test_passed=False, packages_select=None, packages_skip=None, packages_select_regex=None, packages_skip_regex=None, packages_start=None, packages_end=None, allow_overriding=[], cmake_args=None, cmake_target=None, cmake_target_skip_unavailable=False, cmake_clean_cache=False, cmake_clean_first=False, cmake_force_configure=False, ament_cmake_args=None, catkin_cmake_args=None, catkin_skip_building_tests=False, mixin_files=None, mixin=None, verb_parser=<colcon_mixin.mixin.mixin_argument.MixinArgumentDecorator object at 0x7b0cc68b2b90>, verb_extension=<colcon_core.verb.build.BuildVerb object at 0x7b0cc69a3160>, main=<bound method BuildVerb.main of <colcon_core.verb.build.BuildVerb object at 0x7b0cc69a3160>>, mixin_verb=('build',))
[0.202s] Level 1:colcon.colcon_core.package_discovery:discover_packages(colcon_meta) check parameters
[0.202s] Level 1:colcon.colcon_core.package_discovery:discover_packages(recursive) check parameters
[0.202s] Level 1:colcon.colcon_core.package_discovery:discover_packages(ignore) check parameters
[0.202s] Level 1:colcon.colcon_core.package_discovery:discover_packages(path) check parameters
[0.202s] Level 1:colcon.colcon_core.package_discovery:discover_packages(colcon_meta) discover
[0.202s] Level 1:colcon.colcon_core.package_discovery:discover_packages(recursive) discover
[0.202s] INFO:colcon.colcon_core.package_discovery:Crawling recursively for packages in '/home/two-asus/ros2_ws'
[0.202s] Level 1:colcon.colcon_core.package_identification:_identify(.) by extensions ['ignore', 'ignore_ament_install']
[0.202s] Level 1:colcon.colcon_core.package_identification:_identify(.) by extension 'ignore'
[0.203s] Level 1:colcon.colcon_core.package_identification:_identify(.) by extension 'ignore_ament_install'
[0.203s] Level 1:colcon.colcon_core.package_identification:_identify(.) by extensions ['colcon_pkg']
[0.203s] Level 1:colcon.colcon_core.package_identification:_identify(.) by extension 'colcon_pkg'
[0.203s] Level 1:colcon.colcon_core.package_identification:_identify(.) by extensions ['colcon_meta']
[0.203s] Level 1:colcon.colcon_core.package_identification:_identify(.) by extension 'colcon_meta'
[0.203s] Level 1:colcon.colcon_core.package_identification:_identify(.) by extensions ['ros']
[0.203s] Level 1:colcon.colcon_core.package_identification:_identify(.) by extension 'ros'
[0.212s] Level 1:colcon.colcon_core.package_identification:_identify(.) by extensions ['cmake', 'python']
[0.212s] Level 1:colcon.colcon_core.package_identification:_identify(.) by extension 'cmake'
[0.212s] Level 1:colcon.colcon_core.package_identification:_identify(.) by extension 'python'
[0.212s] Level 1:colcon.colcon_core.package_identification:_identify(.) by extensions ['python_setup_py']
[0.212s] Level 1:colcon.colcon_core.package_identification:_identify(.) by extension 'python_setup_py'
[0.212s] Level 1:colcon.colcon_core.package_identification:_identify(build) by extensions ['ignore', 'ignore_ament_install']
[0.212s] Level 1:colcon.colcon_core.package_identification:_identify(build) by extension 'ignore'
[0.212s] Level 1:colcon.colcon_core.package_identification:_identify(build) ignored
[0.212s] Level 1:colcon.colcon_core.package_identification:_identify(install) by extensions ['ignore', 'ignore_ament_install']
[0.213s] Level 1:colcon.colcon_core.package_identification:_identify(install) by extension 'ignore'
[0.213s] Level 1:colcon.colcon_core.package_identification:_identify(install) ignored
[0.213s] Level 1:colcon.colcon_core.package_identification:_identify(log) by extensions ['ignore', 'ignore_ament_install']
[0.213s] Level 1:colcon.colcon_core.package_identification:_identify(log) by extension 'ignore'
[0.213s] Level 1:colcon.colcon_core.package_identification:_identify(log) ignored
[0.213s] Level 1:colcon.colcon_core.package_identification:_identify(src) by extensions ['ignore', 'ignore_ament_install']
[0.213s] Level 1:colcon.colcon_core.package_identification:_identify(src) by extension 'ignore'
[0.213s] Level 1:colcon.colcon_core.package_identification:_identify(src) by extension 'ignore_ament_install'
[0.213s] Level 1:colcon.colcon_core.package_identification:_identify(src) by extensions ['colcon_pkg']
[0.213s] Level 1:colcon.colcon_core.package_identification:_identify(src) by extension 'colcon_pkg'
[0.213s] Level 1:colcon.colcon_core.package_identification:_identify(src) by extensions ['colcon_meta']
[0.213s] Level 1:colcon.colcon_core.package_identification:_identify(src) by extension 'colcon_meta'
[0.213s] Level 1:colcon.colcon_core.package_identification:_identify(src) by extensions ['ros']
[0.213s] Level 1:colcon.colcon_core.package_identification:_identify(src) by extension 'ros'
[0.213s] Level 1:colcon.colcon_core.package_identification:_identify(src) by extensions ['cmake', 'python']
[0.213s] Level 1:colcon.colcon_core.package_identification:_identify(src) by extension 'cmake'
[0.213s] Level 1:colcon.colcon_core.package_identification:_identify(src) by extension 'python'
[0.214s] Level 1:colcon.colcon_core.package_identification:_identify(src) by extensions ['python_setup_py']
[0.214s] Level 1:colcon.colcon_core.package_identification:_identify(src) by extension 'python_setup_py'
[0.214s] Level 1:colcon.colcon_core.package_identification:_identify(src/bumperbot_cpp_example) by extensions ['ignore', 'ignore_ament_install']
[0.214s] Level 1:colcon.colcon_core.package_identification:_identify(src/bumperbot_cpp_example) by extension 'ignore'
[0.214s] Level 1:colcon.colcon_core.package_identification:_identify(src/bumperbot_cpp_example) by extension 'ignore_ament_install'
[0.214s] Level 1:colcon.colcon_core.package_identification:_identify(src/bumperbot_cpp_example) by extensions ['colcon_pkg']
[0.214s] Level 1:colcon.colcon_core.package_identification:_identify(src/bumperbot_cpp_example) by extension 'colcon_pkg'
[0.214s] Level 1:colcon.colcon_core.package_identification:_identify(src/bumperbot_cpp_example) by extensions ['colcon_meta']
[0.214s] Level 1:colcon.colcon_core.package_identification:_identify(src/bumperbot_cpp_example) by extension 'colcon_meta'
[0.214s] Level 1:colcon.colcon_core.package_identification:_identify(src/bumperbot_cpp_example) by extensions ['ros']
[0.214s] Level 1:colcon.colcon_core.package_identification:_identify(src/bumperbot_cpp_example) by extension 'ros'
[0.216s] DEBUG:colcon.colcon_core.package_identification:Package 'src/bumperbot_cpp_example' with type 'ros.ament_cmake' and name 'bumperbot_cpp_example'
[0.216s] Level 1:colcon.colcon_core.package_identification:_identify(src/bumperbot_description) by extensions ['ignore', 'ignore_ament_install']
[0.216s] Level 1:colcon.colcon_core.package_identification:_identify(src/bumperbot_description) by extension 'ignore'
[0.216s] Level 1:colcon.colcon_core.package_identification:_identify(src/bumperbot_description) by extension 'ignore_ament_install'
[0.216s] Level 1:colcon.colcon_core.package_identification:_identify(src/bumperbot_description) by extensions ['colcon_pkg']
[0.216s] Level 1:colcon.colcon_core.package_identification:_identify(src/bumperbot_description) by extension 'colcon_pkg'
[0.216s] Level 1:colcon.colcon_core.package_identification:_identify(src/bumperbot_description) by extensions ['colcon_meta']
[0.216s] Level 1:colcon.colcon_core.package_identification:_identify(src/bumperbot_description) by extension 'colcon_meta'
[0.216s] Level 1:colcon.colcon_core.package_identification:_identify(src/bumperbot_description) by extensions ['ros']
[0.216s] Level 1:colcon.colcon_core.package_identification:_identify(src/bumperbot_description) by extension 'ros'
[0.217s] DEBUG:colcon.colcon_core.package_identification:Package 'src/bumperbot_description' with type 'ros.ament_cmake' and name 'bumperbot_description'
[0.217s] Level 1:colcon.colcon_core.package_identification:_identify(src/bumperbot_py_example) by extensions ['ignore', 'ignore_ament_install']
[0.217s] Level 1:colcon.colcon_core.package_identification:_identify(src/bumperbot_py_example) by extension 'ignore'
[0.217s] Level 1:colcon.colcon_core.package_identification:_identify(src/bumperbot_py_example) by extension 'ignore_ament_install'
[0.217s] Level 1:colcon.colcon_core.package_identification:_identify(src/bumperbot_py_example) by extensions ['colcon_pkg']
[0.217s] Level 1:colcon.colcon_core.package_identification:_identify(src/bumperbot_py_example) by extension 'colcon_pkg'
[0.217s] Level 1:colcon.colcon_core.package_identification:_identify(src/bumperbot_py_example) by extensions ['colcon_meta']
[0.217s] Level 1:colcon.colcon_core.package_identification:_identify(src/bumperbot_py_example) by extension 'colcon_meta'
[0.217s] Level 1:colcon.colcon_core.package_identification:_identify(src/bumperbot_py_example) by extensions ['ros']
[0.217s] Level 1:colcon.colcon_core.package_identification:_identify(src/bumperbot_py_example) by extension 'ros'
[0.217s] DEBUG:colcon.colcon_core.package_identification:Package 'src/bumperbot_py_example' with type 'ros.ament_python' and name 'bumperbot_py_example'
[0.217s] Level 1:colcon.colcon_core.package_identification:_identify(src/my_robot_bringup) by extensions ['ignore', 'ignore_ament_install']
[0.217s] Level 1:colcon.colcon_core.package_identification:_identify(src/my_robot_bringup) by extension 'ignore'
[0.218s] Level 1:colcon.colcon_core.package_identification:_identify(src/my_robot_bringup) by extension 'ignore_ament_install'
[0.218s] Level 1:colcon.colcon_core.package_identification:_identify(src/my_robot_bringup) by extensions ['colcon_pkg']
[0.218s] Level 1:colcon.colcon_core.package_identification:_identify(src/my_robot_bringup) by extension 'colcon_pkg'
[0.218s] Level 1:colcon.colcon_core.package_identification:_identify(src/my_robot_bringup) by extensions ['colcon_meta']
[0.218s] Level 1:colcon.colcon_core.package_identification:_identify(src/my_robot_bringup) by extension 'colcon_meta'
[0.218s] Level 1:colcon.colcon_core.package_identification:_identify(src/my_robot_bringup) by extensions ['ros']
[0.218s] Level 1:colcon.colcon_core.package_identification:_identify(src/my_robot_bringup) by extension 'ros'
[0.218s] DEBUG:colcon.colcon_core.package_identification:Package 'src/my_robot_bringup' with type 'ros.ament_cmake' and name 'my_robot_bringup'
[0.218s] Level 1:colcon.colcon_core.package_identification:_identify(src/my_robot_description) by extensions ['ignore', 'ignore_ament_install']
[0.218s] Level 1:colcon.colcon_core.package_identification:_identify(src/my_robot_description) by extension 'ignore'
[0.218s] Level 1:colcon.colcon_core.package_identification:_identify(src/my_robot_description) by extension 'ignore_ament_install'
[0.218s] Level 1:colcon.colcon_core.package_identification:_identify(src/my_robot_description) by extensions ['colcon_pkg']
[0.218s] Level 1:colcon.colcon_core.package_identification:_identify(src/my_robot_description) by extension 'colcon_pkg'
[0.218s] Level 1:colcon.colcon_core.package_identification:_identify(src/my_robot_description) by extensions ['colcon_meta']
[0.218s] Level 1:colcon.colcon_core.package_identification:_identify(src/my_robot_description) by extension 'colcon_meta'
[0.218s] Level 1:colcon.colcon_core.package_identification:_identify(src/my_robot_description) by extensions ['ros']
[0.218s] Level 1:colcon.colcon_core.package_identification:_identify(src/my_robot_description) by extension 'ros'
[0.219s] DEBUG:colcon.colcon_core.package_identification:Package 'src/my_robot_description' with type 'ros.ament_cmake' and name 'my_robot_description'
[0.219s] Level 1:colcon.colcon_core.package_discovery:discover_packages(recursive) using defaults
[0.219s] Level 1:colcon.colcon_core.package_discovery:discover_packages(ignore) discover
[0.219s] Level 1:colcon.colcon_core.package_discovery:discover_packages(ignore) using defaults
[0.219s] Level 1:colcon.colcon_core.package_discovery:discover_packages(path) discover
[0.219s] Level 1:colcon.colcon_core.package_discovery:discover_packages(path) using defaults
[0.234s] Level 1:colcon.colcon_core.package_discovery:discover_packages(prefix_path) check parameters
[0.234s] Level 1:colcon.colcon_core.package_discovery:discover_packages(prefix_path) discover
[0.236s] DEBUG:colcon.colcon_installed_package_information.package_discovery:Found 6 installed packages in /home/two-asus/ros2_ws/install
[0.237s] DEBUG:colcon.colcon_installed_package_information.package_discovery:Found 329 installed packages in /opt/ros/humble
[0.248s] Level 1:colcon.colcon_core.package_discovery:discover_packages(prefix_path) using defaults
[0.278s] Level 5:colcon.colcon_core.verb:set package 'bumperbot_cpp_example' build argument 'cmake_args' from command line to 'None'
[0.278s] Level 5:colcon.colcon_core.verb:set package 'bumperbot_cpp_example' build argument 'cmake_target' from command line to 'None'
[0.278s] Level 5:colcon.colcon_core.verb:set package 'bumperbot_cpp_example' build argument 'cmake_target_skip_unavailable' from command line to 'False'
[0.278s] Level 5:colcon.colcon_core.verb:set package 'bumperbot_cpp_example' build argument 'cmake_clean_cache' from command line to 'False'
[0.278s] Level 5:colcon.colcon_core.verb:set package 'bumperbot_cpp_example' build argument 'cmake_clean_first' from command line to 'False'
[0.278s] Level 5:colcon.colcon_core.verb:set package 'bumperbot_cpp_example' build argument 'cmake_force_configure' from command line to 'False'
[0.278s] Level 5:colcon.colcon_core.verb:set package 'bumperbot_cpp_example' build argument 'ament_cmake_args' from command line to 'None'
[0.278s] Level 5:colcon.colcon_core.verb:set package 'bumperbot_cpp_example' build argument 'catkin_cmake_args' from command line to 'None'
[0.278s] Level 5:colcon.colcon_core.verb:set package 'bumperbot_cpp_example' build argument 'catkin_skip_building_tests' from command line to 'False'
[0.278s] DEBUG:colcon.colcon_core.verb:Building package 'bumperbot_cpp_example' with the following arguments: {'ament_cmake_args': None, 'build_base': '/home/two-asus/ros2_ws/build/bumperbot_cpp_example', 'catkin_cmake_args': None, 'catkin_skip_building_tests': False, 'cmake_args': None, 'cmake_clean_cache': False, 'cmake_clean_first': False, 'cmake_force_configure': False, 'cmake_target': None, 'cmake_target_skip_unavailable': False, 'install_base': '/home/two-asus/ros2_ws/install/bumperbot_cpp_example', 'merge_install': False, 'path': '/home/two-asus/ros2_ws/src/bumperbot_cpp_example', 'symlink_install': False, 'test_result_base': None}
[0.279s] Level 5:colcon.colcon_core.verb:set package 'bumperbot_description' build argument 'cmake_args' from command line to 'None'
[0.279s] Level 5:colcon.colcon_core.verb:set package 'bumperbot_description' build argument 'cmake_target' from command line to 'None'
[0.279s] Level 5:colcon.colcon_core.verb:set package 'bumperbot_description' build argument 'cmake_target_skip_unavailable' from command line to 'False'
[0.279s] Level 5:colcon.colcon_core.verb:set package 'bumperbot_description' build argument 'cmake_clean_cache' from command line to 'False'
[0.279s] Level 5:colcon.colcon_core.verb:set package 'bumperbot_description' build argument 'cmake_clean_first' from command line to 'False'
[0.279s] Level 5:colcon.colcon_core.verb:set package 'bumperbot_description' build argument 'cmake_force_configure' from command line to 'False'
[0.279s] Level 5:colcon.colcon_core.verb:set package 'bumperbot_description' build argument 'ament_cmake_args' from command line to 'None'
[0.279s] Level 5:colcon.colcon_core.verb:set package 'bumperbot_description' build argument 'catkin_cmake_args' from command line to 'None'
[0.279s] Level 5:colcon.colcon_core.verb:set package 'bumperbot_description' build argument 'catkin_skip_building_tests' from command line to 'False'
[0.279s] DEBUG:colcon.colcon_core.verb:Building package 'bumperbot_description' with the following arguments: {'ament_cmake_args': None, 'build_base': '/home/two-asus/ros2_ws/build/bumperbot_description', 'catkin_cmake_args': None, 'catkin_skip_building_tests': False, 'cmake_args': None, 'cmake_clean_cache': False, 'cmake_clean_first': False, 'cmake_force_configure': False, 'cmake_target': None, 'cmake_target_skip_unavailable': False, 'install_base': '/home/two-asus/ros2_ws/install/bumperbot_description', 'merge_install': False, 'path': '/home/two-asus/ros2_ws/src/bumperbot_description', 'symlink_install': False, 'test_result_base': None}
[0.279s] Level 5:colcon.colcon_core.verb:set package 'bumperbot_py_example' build argument 'cmake_args' from command line to 'None'
[0.279s] Level 5:colcon.colcon_core.verb:set package 'bumperbot_py_example' build argument 'cmake_target' from command line to 'None'
[0.279s] Level 5:colcon.colcon_core.verb:set package 'bumperbot_py_example' build argument 'cmake_target_skip_unavailable' from command line to 'False'
[0.279s] Level 5:colcon.colcon_core.verb:set package 'bumperbot_py_example' build argument 'cmake_clean_cache' from command line to 'False'
[0.279s] Level 5:colcon.colcon_core.verb:set package 'bumperbot_py_example' build argument 'cmake_clean_first' from command line to 'False'
[0.279s] Level 5:colcon.colcon_core.verb:set package 'bumperbot_py_example' build argument 'cmake_force_configure' from command line to 'False'
[0.279s] Level 5:colcon.colcon_core.verb:set package 'bumperbot_py_example' build argument 'ament_cmake_args' from command line to 'None'
[0.279s] Level 5:colcon.colcon_core.verb:set package 'bumperbot_py_example' build argument 'catkin_cmake_args' from command line to 'None'
[0.279s] Level 5:colcon.colcon_core.verb:set package 'bumperbot_py_example' build argument 'catkin_skip_building_tests' from command line to 'False'
[0.279s] DEBUG:colcon.colcon_core.verb:Building package 'bumperbot_py_example' with the following arguments: {'ament_cmake_args': None, 'build_base': '/home/two-asus/ros2_ws/build/bumperbot_py_example', 'catkin_cmake_args': None, 'catkin_skip_building_tests': False, 'cmake_args': None, 'cmake_clean_cache': False, 'cmake_clean_first': False, 'cmake_force_configure': False, 'cmake_target': None, 'cmake_target_skip_unavailable': False, 'install_base': '/home/two-asus/ros2_ws/install/bumperbot_py_example', 'merge_install': False, 'path': '/home/two-asus/ros2_ws/src/bumperbot_py_example', 'symlink_install': False, 'test_result_base': None}
[0.279s] Level 5:colcon.colcon_core.verb:set package 'my_robot_description' build argument 'cmake_args' from command line to 'None'
[0.279s] Level 5:colcon.colcon_core.verb:set package 'my_robot_description' build argument 'cmake_target' from command line to 'None'
[0.279s] Level 5:colcon.colcon_core.verb:set package 'my_robot_description' build argument 'cmake_target_skip_unavailable' from command line to 'False'
[0.279s] Level 5:colcon.colcon_core.verb:set package 'my_robot_description' build argument 'cmake_clean_cache' from command line to 'False'
[0.279s] Level 5:colcon.colcon_core.verb:set package 'my_robot_description' build argument 'cmake_clean_first' from command line to 'False'
[0.279s] Level 5:colcon.colcon_core.verb:set package 'my_robot_description' build argument 'cmake_force_configure' from command line to 'False'
[0.279s] Level 5:colcon.colcon_core.verb:set package 'my_robot_description' build argument 'ament_cmake_args' from command line to 'None'
[0.279s] Level 5:colcon.colcon_core.verb:set package 'my_robot_description' build argument 'catkin_cmake_args' from command line to 'None'
[0.279s] Level 5:colcon.colcon_core.verb:set package 'my_robot_description' build argument 'catkin_skip_building_tests' from command line to 'False'
[0.279s] DEBUG:colcon.colcon_core.verb:Building package 'my_robot_description' with the following arguments: {'ament_cmake_args': None, 'build_base': '/home/two-asus/ros2_ws/build/my_robot_description', 'catkin_cmake_args': None, 'catkin_skip_building_tests': False, 'cmake_args': None, 'cmake_clean_cache': False, 'cmake_clean_first': False, 'cmake_force_configure': False, 'cmake_target': None, 'cmake_target_skip_unavailable': False, 'install_base': '/home/two-asus/ros2_ws/install/my_robot_description', 'merge_install': False, 'path': '/home/two-asus/ros2_ws/src/my_robot_description', 'symlink_install': False, 'test_result_base': None}
[0.280s] Level 5:colcon.colcon_core.verb:set package 'my_robot_bringup' build argument 'cmake_args' from command line to 'None'
[0.280s] Level 5:colcon.colcon_core.verb:set package 'my_robot_bringup' build argument 'cmake_target' from command line to 'None'
[0.280s] Level 5:colcon.colcon_core.verb:set package 'my_robot_bringup' build argument 'cmake_target_skip_unavailable' from command line to 'False'
[0.280s] Level 5:colcon.colcon_core.verb:set package 'my_robot_bringup' build argument 'cmake_clean_cache' from command line to 'False'
[0.280s] Level 5:colcon.colcon_core.verb:set package 'my_robot_bringup' build argument 'cmake_clean_first' from command line to 'False'
[0.280s] Level 5:colcon.colcon_core.verb:set package 'my_robot_bringup' build argument 'cmake_force_configure' from command line to 'False'
[0.280s] Level 5:colcon.colcon_core.verb:set package 'my_robot_bringup' build argument 'ament_cmake_args' from command line to 'None'
[0.280s] Level 5:colcon.colcon_core.verb:set package 'my_robot_bringup' build argument 'catkin_cmake_args' from command line to 'None'
[0.280s] Level 5:colcon.colcon_core.verb:set package 'my_robot_bringup' build argument 'catkin_skip_building_tests' from command line to 'False'
[0.280s] DEBUG:colcon.colcon_core.verb:Building package 'my_robot_bringup' with the following arguments: {'ament_cmake_args': None, 'build_base': '/home/two-asus/ros2_ws/build/my_robot_bringup', 'catkin_cmake_args': None, 'catkin_skip_building_tests': False, 'cmake_args': None, 'cmake_clean_cache': False, 'cmake_clean_first': False, 'cmake_force_configure': False, 'cmake_target': None, 'cmake_target_skip_unavailable': False, 'install_base': '/home/two-asus/ros2_ws/install/my_robot_bringup', 'merge_install': False, 'path': '/home/two-asus/ros2_ws/src/my_robot_bringup', 'symlink_install': False, 'test_result_base': None}
[0.280s] INFO:colcon.colcon_core.executor:Executing jobs using 'parallel' executor
[0.281s] DEBUG:colcon.colcon_parallel_executor.executor.parallel:run_until_complete
[0.281s] INFO:colcon.colcon_ros.task.ament_cmake.build:Building ROS package in '/home/two-asus/ros2_ws/src/my_robot_description' with build type 'ament_cmake'
[0.281s] INFO:colcon.colcon_cmake.task.cmake.build:Building CMake package in '/home/two-asus/ros2_ws/src/my_robot_description'
[0.283s] INFO:colcon.colcon_core.plugin_system:Skipping extension 'colcon_core.shell.bat': Not used on non-Windows systems
[0.283s] INFO:colcon.colcon_core.shell:Skip shell extension 'powershell' for command environment: Not usable outside of PowerShell
[0.283s] DEBUG:colcon.colcon_core.shell:Skip shell extension 'dsv' for command environment
[0.286s] INFO:colcon.colcon_ros.task.ament_cmake.build:Building ROS package in '/home/two-asus/ros2_ws/src/bumperbot_cpp_example' with build type 'ament_cmake'
[0.286s] INFO:colcon.colcon_cmake.task.cmake.build:Building CMake package in '/home/two-asus/ros2_ws/src/bumperbot_cpp_example'
[0.286s] INFO:colcon.colcon_core.shell:Skip shell extension 'powershell' for command environment: Not usable outside of PowerShell
[0.286s] DEBUG:colcon.colcon_core.shell:Skip shell extension 'dsv' for command environment
[0.289s] INFO:colcon.colcon_ros.task.ament_cmake.build:Building ROS package in '/home/two-asus/ros2_ws/src/bumperbot_description' with build type 'ament_cmake'
[0.289s] INFO:colcon.colcon_cmake.task.cmake.build:Building CMake package in '/home/two-asus/ros2_ws/src/bumperbot_description'
[0.289s] INFO:colcon.colcon_core.shell:Skip shell extension 'powershell' for command environment: Not usable outside of PowerShell
[0.289s] DEBUG:colcon.colcon_core.shell:Skip shell extension 'dsv' for command environment
[0.292s] INFO:colcon.colcon_ros.task.ament_python.build:Building ROS package in '/home/two-asus/ros2_ws/src/bumperbot_py_example' with build type 'ament_python'
[0.292s] Level 1:colcon.colcon_core.shell:create_environment_hook('bumperbot_py_example', 'ament_prefix_path')
[0.292s] INFO:colcon.colcon_core.shell:Creating environment hook '/home/two-asus/ros2_ws/install/bumperbot_py_example/share/bumperbot_py_example/hook/ament_prefix_path.ps1'
[0.292s] INFO:colcon.colcon_core.shell:Creating environment descriptor '/home/two-asus/ros2_ws/install/bumperbot_py_example/share/bumperbot_py_example/hook/ament_prefix_path.dsv'
[0.293s] INFO:colcon.colcon_core.shell:Creating environment hook '/home/two-asus/ros2_ws/install/bumperbot_py_example/share/bumperbot_py_example/hook/ament_prefix_path.sh'
[0.293s] INFO:colcon.colcon_core.shell:Skip shell extension 'powershell' for command environment: Not usable outside of PowerShell
[0.293s] DEBUG:colcon.colcon_core.shell:Skip shell extension 'dsv' for command environment
[0.300s] DEBUG:colcon.colcon_core.event_handler.log_command:Invoking command in '/home/two-asus/ros2_ws/build/my_robot_description': CMAKE_PREFIX_PATH=${CMAKE_PREFIX_PATH}:/home/two-asus/ros2_ws/install/bumperbot_py_example:/opt/ros/humble /usr/bin/cmake --build /home/two-asus/ros2_ws/build/my_robot_description -- -j16 -l16
[0.302s] DEBUG:colcon.colcon_core.event_handler.log_command:Invoking command in '/home/two-asus/ros2_ws/build/bumperbot_cpp_example': CMAKE_PREFIX_PATH=${CMAKE_PREFIX_PATH}:/home/two-asus/ros2_ws/install/bumperbot_py_example:/opt/ros/humble /usr/bin/cmake --build /home/two-asus/ros2_ws/build/bumperbot_cpp_example -- -j16 -l16
[0.305s] DEBUG:colcon.colcon_core.event_handler.log_command:Invoking command in '/home/two-asus/ros2_ws/build/bumperbot_description': CMAKE_PREFIX_PATH=${CMAKE_PREFIX_PATH}:/home/two-asus/ros2_ws/install/bumperbot_py_example:/opt/ros/humble /usr/bin/cmake --build /home/two-asus/ros2_ws/build/bumperbot_description -- -j16 -l16
[0.502s] INFO:colcon.colcon_core.task.python.build:Building Python package in '/home/two-asus/ros2_ws/src/bumperbot_py_example'
[0.502s] INFO:colcon.colcon_core.shell:Skip shell extension 'powershell' for command environment: Not usable outside of PowerShell
[0.502s] DEBUG:colcon.colcon_core.shell:Skip shell extension 'dsv' for command environment
[0.506s] DEBUG:colcon.colcon_core.event_handler.log_command:Invoked command in '/home/two-asus/ros2_ws/build/my_robot_description' returned '0': CMAKE_PREFIX_PATH=${CMAKE_PREFIX_PATH}:/home/two-asus/ros2_ws/install/bumperbot_py_example:/opt/ros/humble /usr/bin/cmake --build /home/two-asus/ros2_ws/build/my_robot_description -- -j16 -l16
[0.508s] DEBUG:colcon.colcon_core.event_handler.log_command:Invoked command in '/home/two-asus/ros2_ws/build/bumperbot_cpp_example' returned '0': CMAKE_PREFIX_PATH=${CMAKE_PREFIX_PATH}:/home/two-asus/ros2_ws/install/bumperbot_py_example:/opt/ros/humble /usr/bin/cmake --build /home/two-asus/ros2_ws/build/bumperbot_cpp_example -- -j16 -l16
[0.511s] DEBUG:colcon.colcon_core.event_handler.log_command:Invoked command in '/home/two-asus/ros2_ws/build/bumperbot_description' returned '0': CMAKE_PREFIX_PATH=${CMAKE_PREFIX_PATH}:/home/two-asus/ros2_ws/install/bumperbot_py_example:/opt/ros/humble /usr/bin/cmake --build /home/two-asus/ros2_ws/build/bumperbot_description -- -j16 -l16
[0.537s] DEBUG:colcon.colcon_core.event_handler.log_command:Invoking command in '/home/two-asus/ros2_ws/build/bumperbot_cpp_example': CMAKE_PREFIX_PATH=${CMAKE_PREFIX_PATH}:/home/two-asus/ros2_ws/install/bumperbot_py_example:/opt/ros/humble /usr/bin/cmake --install /home/two-asus/ros2_ws/build/bumperbot_cpp_example
[0.539s] DEBUG:colcon.colcon_core.event_handler.log_command:Invoking command in '/home/two-asus/ros2_ws/build/my_robot_description': CMAKE_PREFIX_PATH=${CMAKE_PREFIX_PATH}:/home/two-asus/ros2_ws/install/bumperbot_py_example:/opt/ros/humble /usr/bin/cmake --install /home/two-asus/ros2_ws/build/my_robot_description
[0.540s] DEBUG:colcon.colcon_core.event_handler.log_command:Invoking command in '/home/two-asus/ros2_ws/build/bumperbot_description': CMAKE_PREFIX_PATH=${CMAKE_PREFIX_PATH}:/home/two-asus/ros2_ws/install/bumperbot_py_example:/opt/ros/humble /usr/bin/cmake --install /home/two-asus/ros2_ws/build/bumperbot_description
[0.546s] Level 1:colcon.colcon_core.environment:create_environment_scripts_only(bumperbot_cpp_example)
[0.549s] DEBUG:colcon.colcon_core.event_handler.log_command:Invoked command in '/home/two-asus/ros2_ws/build/bumperbot_cpp_example' returned '0': CMAKE_PREFIX_PATH=${CMAKE_PREFIX_PATH}:/home/two-asus/ros2_ws/install/bumperbot_py_example:/opt/ros/humble /usr/bin/cmake --install /home/two-asus/ros2_ws/build/bumperbot_cpp_example
[0.550s] Level 1:colcon.colcon_core.environment:checking '/home/two-asus/ros2_ws/install/bumperbot_cpp_example' for CMake module files
[0.551s] Level 1:colcon.colcon_core.environment:checking '/home/two-asus/ros2_ws/install/bumperbot_cpp_example' for CMake config files
[0.551s] Level 1:colcon.colcon_core.shell:create_environment_hook('bumperbot_cpp_example', 'cmake_prefix_path')
[0.551s] INFO:colcon.colcon_core.shell:Creating environment hook '/home/two-asus/ros2_ws/install/bumperbot_cpp_example/share/bumperbot_cpp_example/hook/cmake_prefix_path.ps1'
[0.552s] INFO:colcon.colcon_core.shell:Creating environment descriptor '/home/two-asus/ros2_ws/install/bumperbot_cpp_example/share/bumperbot_cpp_example/hook/cmake_prefix_path.dsv'
[0.552s] INFO:colcon.colcon_core.shell:Creating environment hook '/home/two-asus/ros2_ws/install/bumperbot_cpp_example/share/bumperbot_cpp_example/hook/cmake_prefix_path.sh'
[0.553s] Level 1:colcon.colcon_core.environment:checking '/home/two-asus/ros2_ws/install/bumperbot_cpp_example/bin'
[0.553s] Level 1:colcon.colcon_core.environment:checking '/home/two-asus/ros2_ws/install/bumperbot_cpp_example/lib/pkgconfig/bumperbot_cpp_example.pc'
[0.553s] Level 1:colcon.colcon_core.environment:checking '/home/two-asus/ros2_ws/install/bumperbot_cpp_example/lib/python3.10/site-packages'
[0.553s] Level 1:colcon.colcon_core.environment:checking '/home/two-asus/ros2_ws/install/bumperbot_cpp_example/bin'
[0.553s] INFO:colcon.colcon_core.shell:Creating package script '/home/two-asus/ros2_ws/install/bumperbot_cpp_example/share/bumperbot_cpp_example/package.ps1'
[0.554s] INFO:colcon.colcon_core.shell:Creating package descriptor '/home/two-asus/ros2_ws/install/bumperbot_cpp_example/share/bumperbot_cpp_example/package.dsv'
[0.554s] INFO:colcon.colcon_core.shell:Creating package script '/home/two-asus/ros2_ws/install/bumperbot_cpp_example/share/bumperbot_cpp_example/package.sh'
[0.555s] INFO:colcon.colcon_core.shell:Creating package script '/home/two-asus/ros2_ws/install/bumperbot_cpp_example/share/bumperbot_cpp_example/package.bash'
[0.555s] INFO:colcon.colcon_core.shell:Creating package script '/home/two-asus/ros2_ws/install/bumperbot_cpp_example/share/bumperbot_cpp_example/package.zsh'
[0.556s] Level 1:colcon.colcon_core.environment:create_file_with_runtime_dependencies(/home/two-asus/ros2_ws/install/bumperbot_cpp_example/share/colcon-core/packages/bumperbot_cpp_example)
[0.558s] Level 1:colcon.colcon_core.environment:create_environment_scripts_only(bumperbot_description)
[0.558s] Level 1:colcon.colcon_core.environment:checking '/home/two-asus/ros2_ws/install/bumperbot_description' for CMake module files
[0.558s] DEBUG:colcon.colcon_core.event_handler.log_command:Invoked command in '/home/two-asus/ros2_ws/build/bumperbot_description' returned '0': CMAKE_PREFIX_PATH=${CMAKE_PREFIX_PATH}:/home/two-asus/ros2_ws/install/bumperbot_py_example:/opt/ros/humble /usr/bin/cmake --install /home/two-asus/ros2_ws/build/bumperbot_description
[0.559s] Level 1:colcon.colcon_core.environment:checking '/home/two-asus/ros2_ws/install/bumperbot_description' for CMake config files
[0.559s] Level 1:colcon.colcon_core.shell:create_environment_hook('bumperbot_description', 'cmake_prefix_path')
[0.559s] INFO:colcon.colcon_core.shell:Creating environment hook '/home/two-asus/ros2_ws/install/bumperbot_description/share/bumperbot_description/hook/cmake_prefix_path.ps1'
[0.560s] INFO:colcon.colcon_core.shell:Creating environment descriptor '/home/two-asus/ros2_ws/install/bumperbot_description/share/bumperbot_description/hook/cmake_prefix_path.dsv'
[0.560s] INFO:colcon.colcon_core.shell:Creating environment hook '/home/two-asus/ros2_ws/install/bumperbot_description/share/bumperbot_description/hook/cmake_prefix_path.sh'
[0.560s] Level 1:colcon.colcon_core.environment:checking '/home/two-asus/ros2_ws/install/bumperbot_description/bin'
[0.560s] Level 1:colcon.colcon_core.environment:checking '/home/two-asus/ros2_ws/install/bumperbot_description/lib/pkgconfig/bumperbot_description.pc'
[0.560s] Level 1:colcon.colcon_core.environment:checking '/home/two-asus/ros2_ws/install/bumperbot_description/lib/python3.10/site-packages'
[0.561s] Level 1:colcon.colcon_core.environment:checking '/home/two-asus/ros2_ws/install/bumperbot_description/bin'
[0.561s] INFO:colcon.colcon_core.shell:Creating package script '/home/two-asus/ros2_ws/install/bumperbot_description/share/bumperbot_description/package.ps1'
[0.561s] INFO:colcon.colcon_core.shell:Creating package descriptor '/home/two-asus/ros2_ws/install/bumperbot_description/share/bumperbot_description/package.dsv'
[0.561s] INFO:colcon.colcon_core.shell:Creating package script '/home/two-asus/ros2_ws/install/bumperbot_description/share/bumperbot_description/package.sh'
[0.562s] INFO:colcon.colcon_core.shell:Creating package script '/home/two-asus/ros2_ws/install/bumperbot_description/share/bumperbot_description/package.bash'
[0.562s] INFO:colcon.colcon_core.shell:Creating package script '/home/two-asus/ros2_ws/install/bumperbot_description/share/bumperbot_description/package.zsh'
[0.562s] Level 1:colcon.colcon_core.environment:create_file_with_runtime_dependencies(/home/two-asus/ros2_ws/install/bumperbot_description/share/colcon-core/packages/bumperbot_description)
[0.564s] Level 1:colcon.colcon_core.environment:create_environment_scripts_only(my_robot_description)
[0.564s] Level 1:colcon.colcon_core.environment:checking '/home/two-asus/ros2_ws/install/my_robot_description' for CMake module files
[0.564s] DEBUG:colcon.colcon_core.event_handler.log_command:Invoked command in '/home/two-asus/ros2_ws/build/my_robot_description' returned '0': CMAKE_PREFIX_PATH=${CMAKE_PREFIX_PATH}:/home/two-asus/ros2_ws/install/bumperbot_py_example:/opt/ros/humble /usr/bin/cmake --install /home/two-asus/ros2_ws/build/my_robot_description
[0.565s] Level 1:colcon.colcon_core.environment:checking '/home/two-asus/ros2_ws/install/my_robot_description' for CMake config files
[0.565s] Level 1:colcon.colcon_core.shell:create_environment_hook('my_robot_description', 'cmake_prefix_path')
[0.565s] INFO:colcon.colcon_core.shell:Creating environment hook '/home/two-asus/ros2_ws/install/my_robot_description/share/my_robot_description/hook/cmake_prefix_path.ps1'
[0.565s] INFO:colcon.colcon_core.shell:Creating environment descriptor '/home/two-asus/ros2_ws/install/my_robot_description/share/my_robot_description/hook/cmake_prefix_path.dsv'
[0.566s] INFO:colcon.colcon_core.shell:Creating environment hook '/home/two-asus/ros2_ws/install/my_robot_description/share/my_robot_description/hook/cmake_prefix_path.sh'
[0.567s] Level 1:colcon.colcon_core.environment:checking '/home/two-asus/ros2_ws/install/my_robot_description/bin'
[0.567s] Level 1:colcon.colcon_core.environment:checking '/home/two-asus/ros2_ws/install/my_robot_description/lib/pkgconfig/my_robot_description.pc'
[0.567s] Level 1:colcon.colcon_core.environment:checking '/home/two-asus/ros2_ws/install/my_robot_description/lib/python3.10/site-packages'
[0.567s] Level 1:colcon.colcon_core.environment:checking '/home/two-asus/ros2_ws/install/my_robot_description/bin'
[0.567s] INFO:colcon.colcon_core.shell:Creating package script '/home/two-asus/ros2_ws/install/my_robot_description/share/my_robot_description/package.ps1'
[0.567s] INFO:colcon.colcon_core.shell:Creating package descriptor '/home/two-asus/ros2_ws/install/my_robot_description/share/my_robot_description/package.dsv'
[0.568s] INFO:colcon.colcon_core.shell:Creating package script '/home/two-asus/ros2_ws/install/my_robot_description/share/my_robot_description/package.sh'
[0.568s] INFO:colcon.colcon_core.shell:Creating package script '/home/two-asus/ros2_ws/install/my_robot_description/share/my_robot_description/package.bash'
[0.568s] INFO:colcon.colcon_core.shell:Creating package script '/home/two-asus/ros2_ws/install/my_robot_description/share/my_robot_description/package.zsh'
[0.568s] Level 1:colcon.colcon_core.environment:create_file_with_runtime_dependencies(/home/two-asus/ros2_ws/install/my_robot_description/share/colcon-core/packages/my_robot_description)
[0.578s] Level 1:colcon.colcon_core.environment:create_environment_scripts_only(bumperbot_cpp_example)
[0.579s] Level 1:colcon.colcon_core.environment:checking '/home/two-asus/ros2_ws/install/bumperbot_cpp_example' for CMake module files
[0.579s] Level 1:colcon.colcon_core.environment:checking '/home/two-asus/ros2_ws/install/bumperbot_cpp_example' for CMake config files
[0.579s] Level 1:colcon.colcon_core.shell:create_environment_hook('bumperbot_cpp_example', 'cmake_prefix_path')
[0.579s] INFO:colcon.colcon_core.shell:Creating environment hook '/home/two-asus/ros2_ws/install/bumperbot_cpp_example/share/bumperbot_cpp_example/hook/cmake_prefix_path.ps1'
[0.580s] INFO:colcon.colcon_core.shell:Creating environment descriptor '/home/two-asus/ros2_ws/install/bumperbot_cpp_example/share/bumperbot_cpp_example/hook/cmake_prefix_path.dsv'
[0.580s] INFO:colcon.colcon_core.shell:Creating environment hook '/home/two-asus/ros2_ws/install/bumperbot_cpp_example/share/bumperbot_cpp_example/hook/cmake_prefix_path.sh'
[0.580s] Level 1:colcon.colcon_core.environment:checking '/home/two-asus/ros2_ws/install/bumperbot_cpp_example/bin'
[0.580s] Level 1:colcon.colcon_core.environment:checking '/home/two-asus/ros2_ws/install/bumperbot_cpp_example/lib/pkgconfig/bumperbot_cpp_example.pc'
[0.580s] Level 1:colcon.colcon_core.environment:checking '/home/two-asus/ros2_ws/install/bumperbot_cpp_example/lib/python3.10/site-packages'
[0.581s] Level 1:colcon.colcon_core.environment:checking '/home/two-asus/ros2_ws/install/bumperbot_cpp_example/bin'
[0.581s] INFO:colcon.colcon_core.shell:Creating package script '/home/two-asus/ros2_ws/install/bumperbot_cpp_example/share/bumperbot_cpp_example/package.ps1'
[0.581s] INFO:colcon.colcon_core.shell:Creating package descriptor '/home/two-asus/ros2_ws/install/bumperbot_cpp_example/share/bumperbot_cpp_example/package.dsv'
[0.582s] INFO:colcon.colcon_core.shell:Creating package script '/home/two-asus/ros2_ws/install/bumperbot_cpp_example/share/bumperbot_cpp_example/package.sh'
[0.582s] INFO:colcon.colcon_core.shell:Creating package script '/home/two-asus/ros2_ws/install/bumperbot_cpp_example/share/bumperbot_cpp_example/package.bash'
[0.582s] INFO:colcon.colcon_core.shell:Creating package script '/home/two-asus/ros2_ws/install/bumperbot_cpp_example/share/bumperbot_cpp_example/package.zsh'
[0.582s] Level 1:colcon.colcon_core.environment:create_file_with_runtime_dependencies(/home/two-asus/ros2_ws/install/bumperbot_cpp_example/share/colcon-core/packages/bumperbot_cpp_example)
[0.583s] Level 1:colcon.colcon_core.environment:create_environment_scripts_only(bumperbot_description)
[0.583s] Level 1:colcon.colcon_core.environment:checking '/home/two-asus/ros2_ws/install/bumperbot_description' for CMake module files
[0.584s] Level 1:colcon.colcon_core.environment:checking '/home/two-asus/ros2_ws/install/bumperbot_description' for CMake config files
[0.584s] Level 1:colcon.colcon_core.shell:create_environment_hook('bumperbot_description', 'cmake_prefix_path')
[0.584s] INFO:colcon.colcon_core.shell:Creating environment hook '/home/two-asus/ros2_ws/install/bumperbot_description/share/bumperbot_description/hook/cmake_prefix_path.ps1'
[0.584s] INFO:colcon.colcon_core.shell:Creating environment descriptor '/home/two-asus/ros2_ws/install/bumperbot_description/share/bumperbot_description/hook/cmake_prefix_path.dsv'
[0.584s] INFO:colcon.colcon_core.shell:Creating environment hook '/home/two-asus/ros2_ws/install/bumperbot_description/share/bumperbot_description/hook/cmake_prefix_path.sh'
[0.585s] Level 1:colcon.colcon_core.environment:checking '/home/two-asus/ros2_ws/install/bumperbot_description/bin'
[0.585s] Level 1:colcon.colcon_core.environment:checking '/home/two-asus/ros2_ws/install/bumperbot_description/lib/pkgconfig/bumperbot_description.pc'
[0.585s] Level 1:colcon.colcon_core.environment:checking '/home/two-asus/ros2_ws/install/bumperbot_description/lib/python3.10/site-packages'
[0.585s] Level 1:colcon.colcon_core.environment:checking '/home/two-asus/ros2_ws/install/bumperbot_description/bin'
[0.585s] INFO:colcon.colcon_core.shell:Creating package script '/home/two-asus/ros2_ws/install/bumperbot_description/share/bumperbot_description/package.ps1'
[0.586s] INFO:colcon.colcon_core.shell:Creating package descriptor '/home/two-asus/ros2_ws/install/bumperbot_description/share/bumperbot_description/package.dsv'
[0.586s] INFO:colcon.colcon_core.shell:Creating package script '/home/two-asus/ros2_ws/install/bumperbot_description/share/bumperbot_description/package.sh'
[0.586s] INFO:colcon.colcon_core.shell:Creating package script '/home/two-asus/ros2_ws/install/bumperbot_description/share/bumperbot_description/package.bash'
[0.587s] INFO:colcon.colcon_core.shell:Creating package script '/home/two-asus/ros2_ws/install/bumperbot_description/share/bumperbot_description/package.zsh'
[0.587s] Level 1:colcon.colcon_core.environment:create_file_with_runtime_dependencies(/home/two-asus/ros2_ws/install/bumperbot_description/share/colcon-core/packages/bumperbot_description)
[0.589s] Level 1:colcon.colcon_core.environment:create_environment_scripts_only(my_robot_description)
[0.589s] Level 1:colcon.colcon_core.environment:checking '/home/two-asus/ros2_ws/install/my_robot_description' for CMake module files
[0.590s] Level 1:colcon.colcon_core.environment:checking '/home/two-asus/ros2_ws/install/my_robot_description' for CMake config files
[0.590s] Level 1:colcon.colcon_core.shell:create_environment_hook('my_robot_description', 'cmake_prefix_path')
[0.590s] INFO:colcon.colcon_core.shell:Creating environment hook '/home/two-asus/ros2_ws/install/my_robot_description/share/my_robot_description/hook/cmake_prefix_path.ps1'
[0.590s] INFO:colcon.colcon_core.shell:Creating environment descriptor '/home/two-asus/ros2_ws/install/my_robot_description/share/my_robot_description/hook/cmake_prefix_path.dsv'
[0.590s] INFO:colcon.colcon_core.shell:Creating environment hook '/home/two-asus/ros2_ws/install/my_robot_description/share/my_robot_description/hook/cmake_prefix_path.sh'
[0.591s] Level 1:colcon.colcon_core.environment:checking '/home/two-asus/ros2_ws/install/my_robot_description/bin'
[0.591s] Level 1:colcon.colcon_core.environment:checking '/home/two-asus/ros2_ws/install/my_robot_description/lib/pkgconfig/my_robot_description.pc'
[0.591s] Level 1:colcon.colcon_core.environment:checking '/home/two-asus/ros2_ws/install/my_robot_description/lib/python3.10/site-packages'
[0.591s] Level 1:colcon.colcon_core.environment:checking '/home/two-asus/ros2_ws/install/my_robot_description/bin'
[0.591s] INFO:colcon.colcon_core.shell:Creating package script '/home/two-asus/ros2_ws/install/my_robot_description/share/my_robot_description/package.ps1'
[0.592s] INFO:colcon.colcon_core.shell:Creating package descriptor '/home/two-asus/ros2_ws/install/my_robot_description/share/my_robot_description/package.dsv'
[0.592s] INFO:colcon.colcon_core.shell:Creating package script '/home/two-asus/ros2_ws/install/my_robot_description/share/my_robot_description/package.sh'
[0.592s] INFO:colcon.colcon_core.shell:Creating package script '/home/two-asus/ros2_ws/install/my_robot_description/share/my_robot_description/package.bash'
[0.593s] INFO:colcon.colcon_core.shell:Creating package script '/home/two-asus/ros2_ws/install/my_robot_description/share/my_robot_description/package.zsh'
[0.593s] Level 1:colcon.colcon_core.environment:create_file_with_runtime_dependencies(/home/two-asus/ros2_ws/install/my_robot_description/share/colcon-core/packages/my_robot_description)
[0.593s] INFO:colcon.colcon_ros.task.ament_cmake.build:Building ROS package in '/home/two-asus/ros2_ws/src/my_robot_bringup' with build type 'ament_cmake'
[0.593s] INFO:colcon.colcon_cmake.task.cmake.build:Building CMake package in '/home/two-asus/ros2_ws/src/my_robot_bringup'
[0.593s] INFO:colcon.colcon_core.shell:Skip shell extension 'powershell' for command environment: Not usable outside of PowerShell
[0.594s] DEBUG:colcon.colcon_core.shell:Skip shell extension 'dsv' for command environment
[0.602s] DEBUG:colcon.colcon_core.event_handler.log_command:Invoking command in '/home/two-asus/ros2_ws/build/my_robot_bringup': CMAKE_PREFIX_PATH=/home/two-asus/ros2_ws/install/my_robot_description:/home/two-asus/ros2_ws/install/my_robot_description_v2:/home/two-asus/ros2_ws/install/my_robot_bringup:/home/two-asus/ros2_ws/install/bumperbot_description:/home/two-asus/ros2_ws/install/bumperbot_cpp_example:/home/two-asus/ros2_ws/install/bumperbot_py_example:/opt/ros/humble /usr/bin/cmake --build /home/two-asus/ros2_ws/build/my_robot_bringup -- -j16 -l16
[0.643s] DEBUG:colcon.colcon_core.event_handler.log_command:Invoked command in '/home/two-asus/ros2_ws/build/my_robot_bringup' returned '0': CMAKE_PREFIX_PATH=/home/two-asus/ros2_ws/install/my_robot_description:/home/two-asus/ros2_ws/install/my_robot_description_v2:/home/two-asus/ros2_ws/install/my_robot_bringup:/home/two-asus/ros2_ws/install/bumperbot_description:/home/two-asus/ros2_ws/install/bumperbot_cpp_example:/home/two-asus/ros2_ws/install/bumperbot_py_example:/opt/ros/humble /usr/bin/cmake --build /home/two-asus/ros2_ws/build/my_robot_bringup -- -j16 -l16
[0.665s] DEBUG:colcon.colcon_core.event_handler.log_command:Invoking command in '/home/two-asus/ros2_ws/build/my_robot_bringup': CMAKE_PREFIX_PATH=/home/two-asus/ros2_ws/install/my_robot_description:/home/two-asus/ros2_ws/install/my_robot_description_v2:/home/two-asus/ros2_ws/install/my_robot_bringup:/home/two-asus/ros2_ws/install/bumperbot_description:/home/two-asus/ros2_ws/install/bumperbot_cpp_example:/home/two-asus/ros2_ws/install/bumperbot_py_example:/opt/ros/humble /usr/bin/cmake --install /home/two-asus/ros2_ws/build/my_robot_bringup
[0.686s] Level 1:colcon.colcon_core.environment:create_environment_scripts_only(my_robot_bringup)
[0.686s] Level 1:colcon.colcon_core.environment:checking '/home/two-asus/ros2_ws/install/my_robot_bringup' for CMake module files
[0.687s] DEBUG:colcon.colcon_core.event_handler.log_command:Invoked command in '/home/two-asus/ros2_ws/build/my_robot_bringup' returned '0': CMAKE_PREFIX_PATH=/home/two-asus/ros2_ws/install/my_robot_description:/home/two-asus/ros2_ws/install/my_robot_description_v2:/home/two-asus/ros2_ws/install/my_robot_bringup:/home/two-asus/ros2_ws/install/bumperbot_description:/home/two-asus/ros2_ws/install/bumperbot_cpp_example:/home/two-asus/ros2_ws/install/bumperbot_py_example:/opt/ros/humble /usr/bin/cmake --install /home/two-asus/ros2_ws/build/my_robot_bringup
[0.687s] Level 1:colcon.colcon_core.environment:checking '/home/two-asus/ros2_ws/install/my_robot_bringup' for CMake config files
[0.687s] Level 1:colcon.colcon_core.shell:create_environment_hook('my_robot_bringup', 'cmake_prefix_path')
[0.687s] INFO:colcon.colcon_core.shell:Creating environment hook '/home/two-asus/ros2_ws/install/my_robot_bringup/share/my_robot_bringup/hook/cmake_prefix_path.ps1'
[0.688s] INFO:colcon.colcon_core.shell:Creating environment descriptor '/home/two-asus/ros2_ws/install/my_robot_bringup/share/my_robot_bringup/hook/cmake_prefix_path.dsv'
[0.688s] INFO:colcon.colcon_core.shell:Creating environment hook '/home/two-asus/ros2_ws/install/my_robot_bringup/share/my_robot_bringup/hook/cmake_prefix_path.sh'
[0.688s] Level 1:colcon.colcon_core.environment:checking '/home/two-asus/ros2_ws/install/my_robot_bringup/bin'
[0.688s] Level 1:colcon.colcon_core.environment:checking '/home/two-asus/ros2_ws/install/my_robot_bringup/lib/pkgconfig/my_robot_bringup.pc'
[0.689s] Level 1:colcon.colcon_core.environment:checking '/home/two-asus/ros2_ws/install/my_robot_bringup/lib/python3.10/site-packages'
[0.689s] Level 1:colcon.colcon_core.environment:checking '/home/two-asus/ros2_ws/install/my_robot_bringup/bin'
[0.689s] INFO:colcon.colcon_core.shell:Creating package script '/home/two-asus/ros2_ws/install/my_robot_bringup/share/my_robot_bringup/package.ps1'
[0.689s] INFO:colcon.colcon_core.shell:Creating package descriptor '/home/two-asus/ros2_ws/install/my_robot_bringup/share/my_robot_bringup/package.dsv'
[0.689s] INFO:colcon.colcon_core.shell:Creating package script '/home/two-asus/ros2_ws/install/my_robot_bringup/share/my_robot_bringup/package.sh'
[0.690s] INFO:colcon.colcon_core.shell:Creating package script '/home/two-asus/ros2_ws/install/my_robot_bringup/share/my_robot_bringup/package.bash'
[0.690s] INFO:colcon.colcon_core.shell:Creating package script '/home/two-asus/ros2_ws/install/my_robot_bringup/share/my_robot_bringup/package.zsh'
[0.690s] Level 1:colcon.colcon_core.environment:create_file_with_runtime_dependencies(/home/two-asus/ros2_ws/install/my_robot_bringup/share/colcon-core/packages/my_robot_bringup)
[0.714s] Level 1:colcon.colcon_core.environment:create_environment_scripts_only(my_robot_bringup)
[0.714s] Level 1:colcon.colcon_core.environment:checking '/home/two-asus/ros2_ws/install/my_robot_bringup' for CMake module files
[0.715s] Level 1:colcon.colcon_core.environment:checking '/home/two-asus/ros2_ws/install/my_robot_bringup' for CMake config files
[0.715s] Level 1:colcon.colcon_core.shell:create_environment_hook('my_robot_bringup', 'cmake_prefix_path')
[0.715s] INFO:colcon.colcon_core.shell:Creating environment hook '/home/two-asus/ros2_ws/install/my_robot_bringup/share/my_robot_bringup/hook/cmake_prefix_path.ps1'
[0.715s] INFO:colcon.colcon_core.shell:Creating environment descriptor '/home/two-asus/ros2_ws/install/my_robot_bringup/share/my_robot_bringup/hook/cmake_prefix_path.dsv'
[0.716s] INFO:colcon.colcon_core.shell:Creating environment hook '/home/two-asus/ros2_ws/install/my_robot_bringup/share/my_robot_bringup/hook/cmake_prefix_path.sh'
[0.716s] Level 1:colcon.colcon_core.environment:checking '/home/two-asus/ros2_ws/install/my_robot_bringup/bin'
[0.716s] Level 1:colcon.colcon_core.environment:checking '/home/two-asus/ros2_ws/install/my_robot_bringup/lib/pkgconfig/my_robot_bringup.pc'
[0.716s] Level 1:colcon.colcon_core.environment:checking '/home/two-asus/ros2_ws/install/my_robot_bringup/lib/python3.10/site-packages'
[0.716s] Level 1:colcon.colcon_core.environment:checking '/home/two-asus/ros2_ws/install/my_robot_bringup/bin'
[0.717s] INFO:colcon.colcon_core.shell:Creating package script '/home/two-asus/ros2_ws/install/my_robot_bringup/share/my_robot_bringup/package.ps1'
[0.717s] INFO:colcon.colcon_core.shell:Creating package descriptor '/home/two-asus/ros2_ws/install/my_robot_bringup/share/my_robot_bringup/package.dsv'
[0.717s] INFO:colcon.colcon_core.shell:Creating package script '/home/two-asus/ros2_ws/install/my_robot_bringup/share/my_robot_bringup/package.sh'
[0.718s] INFO:colcon.colcon_core.shell:Creating package script '/home/two-asus/ros2_ws/install/my_robot_bringup/share/my_robot_bringup/package.bash'
[0.718s] INFO:colcon.colcon_core.shell:Creating package script '/home/two-asus/ros2_ws/install/my_robot_bringup/share/my_robot_bringup/package.zsh'
[0.718s] Level 1:colcon.colcon_core.environment:create_file_with_runtime_dependencies(/home/two-asus/ros2_ws/install/my_robot_bringup/share/colcon-core/packages/my_robot_bringup)
[0.774s] DEBUG:colcon.colcon_core.event_handler.log_command:Invoking command in '/home/two-asus/ros2_ws/src/bumperbot_py_example': PYTHONPATH=/home/two-asus/ros2_ws/build/bumperbot_py_example/prefix_override:/usr/lib/python3/dist-packages/colcon_core/task/python/colcon_distutils_commands:/home/two-asus/ros2_ws/install/bumperbot_py_example/lib/python3.10/site-packages:${PYTHONPATH} /usr/bin/python3 -W ignore:setup.py install is deprecated setup.py egg_info --egg-base ../../build/bumperbot_py_example build --build-base /home/two-asus/ros2_ws/build/bumperbot_py_example/build install --record /home/two-asus/ros2_ws/build/bumperbot_py_example/install.log --single-version-externally-managed install_data
[0.986s] Level 1:colcon.colcon_core.environment:checking '/home/two-asus/ros2_ws/install/bumperbot_py_example' for CMake module files
[0.986s] DEBUG:colcon.colcon_core.event_handler.log_command:Invoked command in '/home/two-asus/ros2_ws/src/bumperbot_py_example' returned '0': PYTHONPATH=/home/two-asus/ros2_ws/build/bumperbot_py_example/prefix_override:/usr/lib/python3/dist-packages/colcon_core/task/python/colcon_distutils_commands:/home/two-asus/ros2_ws/install/bumperbot_py_example/lib/python3.10/site-packages:${PYTHONPATH} /usr/bin/python3 -W ignore:setup.py install is deprecated setup.py egg_info --egg-base ../../build/bumperbot_py_example build --build-base /home/two-asus/ros2_ws/build/bumperbot_py_example/build install --record /home/two-asus/ros2_ws/build/bumperbot_py_example/install.log --single-version-externally-managed install_data
[0.987s] Level 1:colcon.colcon_core.environment:checking '/home/two-asus/ros2_ws/install/bumperbot_py_example' for CMake config files
[0.987s] Level 1:colcon.colcon_core.environment:checking '/home/two-asus/ros2_ws/install/bumperbot_py_example/lib'
[0.987s] Level 1:colcon.colcon_core.environment:checking '/home/two-asus/ros2_ws/install/bumperbot_py_example/bin'
[0.987s] Level 1:colcon.colcon_core.environment:checking '/home/two-asus/ros2_ws/install/bumperbot_py_example/lib/pkgconfig/bumperbot_py_example.pc'
[0.987s] Level 1:colcon.colcon_core.environment:checking '/home/two-asus/ros2_ws/install/bumperbot_py_example/lib/python3.10/site-packages'
[0.987s] Level 1:colcon.colcon_core.shell:create_environment_hook('bumperbot_py_example', 'pythonpath')
[0.988s] INFO:colcon.colcon_core.shell:Creating environment hook '/home/two-asus/ros2_ws/install/bumperbot_py_example/share/bumperbot_py_example/hook/pythonpath.ps1'
[0.988s] INFO:colcon.colcon_core.shell:Creating environment descriptor '/home/two-asus/ros2_ws/install/bumperbot_py_example/share/bumperbot_py_example/hook/pythonpath.dsv'
[0.988s] INFO:colcon.colcon_core.shell:Creating environment hook '/home/two-asus/ros2_ws/install/bumperbot_py_example/share/bumperbot_py_example/hook/pythonpath.sh'
[0.989s] Level 1:colcon.colcon_core.environment:checking '/home/two-asus/ros2_ws/install/bumperbot_py_example/bin'
[0.989s] Level 1:colcon.colcon_core.environment:create_environment_scripts_only(bumperbot_py_example)
[0.989s] INFO:colcon.colcon_core.shell:Creating package script '/home/two-asus/ros2_ws/install/bumperbot_py_example/share/bumperbot_py_example/package.ps1'
[0.989s] INFO:colcon.colcon_core.shell:Creating package descriptor '/home/two-asus/ros2_ws/install/bumperbot_py_example/share/bumperbot_py_example/package.dsv'
[0.990s] INFO:colcon.colcon_core.shell:Creating package script '/home/two-asus/ros2_ws/install/bumperbot_py_example/share/bumperbot_py_example/package.sh'
[0.990s] INFO:colcon.colcon_core.shell:Creating package script '/home/two-asus/ros2_ws/install/bumperbot_py_example/share/bumperbot_py_example/package.bash'
[0.990s] INFO:colcon.colcon_core.shell:Creating package script '/home/two-asus/ros2_ws/install/bumperbot_py_example/share/bumperbot_py_example/package.zsh'
[0.990s] Level 1:colcon.colcon_core.environment:create_file_with_runtime_dependencies(/home/two-asus/ros2_ws/install/bumperbot_py_example/share/colcon-core/packages/bumperbot_py_example)
[0.990s] DEBUG:colcon.colcon_parallel_executor.executor.parallel:closing loop
[0.991s] DEBUG:colcon.colcon_parallel_executor.executor.parallel:loop closed
[0.991s] DEBUG:colcon.colcon_parallel_executor.executor.parallel:run_until_complete finished with '0'
[0.991s] DEBUG:colcon.colcon_core.event_reactor:joining thread
[0.995s] INFO:colcon.colcon_core.plugin_system:Skipping extension 'colcon_notification.desktop_notification.terminal_notifier': Not used on non-Darwin systems
[0.995s] INFO:colcon.colcon_core.plugin_system:Skipping extension 'colcon_notification.desktop_notification.win32': Not used on non-Windows systems
[0.995s] INFO:colcon.colcon_notification.desktop_notification:Sending desktop notification using 'notify2'
[1.005s] DEBUG:colcon.colcon_core.event_reactor:joined thread
[1.005s] INFO:colcon.colcon_core.shell:Creating prefix script '/home/two-asus/ros2_ws/install/local_setup.ps1'
[1.006s] INFO:colcon.colcon_core.shell:Creating prefix util module '/home/two-asus/ros2_ws/install/_local_setup_util_ps1.py'
[1.007s] INFO:colcon.colcon_core.shell:Creating prefix chain script '/home/two-asus/ros2_ws/install/setup.ps1'
[1.008s] INFO:colcon.colcon_core.shell:Creating prefix script '/home/two-asus/ros2_ws/install/local_setup.sh'
[1.008s] INFO:colcon.colcon_core.shell:Creating prefix util module '/home/two-asus/ros2_ws/install/_local_setup_util_sh.py'
[1.009s] INFO:colcon.colcon_core.shell:Creating prefix chain script '/home/two-asus/ros2_ws/install/setup.sh'
[1.010s] INFO:colcon.colcon_core.shell:Creating prefix script '/home/two-asus/ros2_ws/install/local_setup.bash'
[1.010s] INFO:colcon.colcon_core.shell:Creating prefix chain script '/home/two-asus/ros2_ws/install/setup.bash'
[1.011s] INFO:colcon.colcon_core.shell:Creating prefix script '/home/two-asus/ros2_ws/install/local_setup.zsh'
[1.011s] INFO:colcon.colcon_core.shell:Creating prefix chain script '/home/two-asus/ros2_ws/install/setup.zsh'
