[0.016s] Invoking command in '/home/two-asus/ros2_ws/build/bumperbot_cpp_example': CMAKE_PREFIX_PATH=${CMAKE_PREFIX_PATH}:/home/two-asus/ros2_ws/install/bumperbot_py_example:/opt/ros/humble /usr/bin/cmake /home/two-asus/ros2_ws/src/bumperbot_cpp_example -DCMAKE_INSTALL_PREFIX=/home/two-asus/ros2_ws/install/bumperbot_cpp_example
[0.025s] -- Found ament_cmake: 1.3.9 (/opt/ros/humble/share/ament_cmake/cmake)
[0.116s] -- Override CMake install command with custom implementation using symlinks instead of copying resources
[0.122s] -- Found ament_lint_auto: 0.12.11 (/opt/ros/humble/share/ament_lint_auto/cmake)
[0.179s] -- Added test 'cppcheck' to perform static code analysis on C / C++ code
[0.179s] -- Configured cppcheck include dirs: 
[0.179s] -- Configured cppcheck exclude dirs and/or files: 
[0.181s] -- Added test 'lint_cmake' to check CMake code style
[0.187s] -- Added test 'uncrustify' to check C / C++ code style
[0.187s] -- Configured uncrustify additional arguments: 
[0.188s] -- Added test 'xmllint' to check XML markup files
[0.189s] -- Configuring done
[0.191s] -- Generating done
[0.192s] -- Build files have been written to: /home/two-asus/ros2_ws/build/bumperbot_cpp_example
[0.223s] Invoked command in '/home/two-asus/ros2_ws/build/bumperbot_cpp_example' returned '0': CMAKE_PREFIX_PATH=${CMAKE_PREFIX_PATH}:/home/two-asus/ros2_ws/install/bumperbot_py_example:/opt/ros/humble /usr/bin/cmake /home/two-asus/ros2_ws/src/bumperbot_cpp_example -DCMAKE_INSTALL_PREFIX=/home/two-asus/ros2_ws/install/bumperbot_cpp_example
[0.224s] Invoking command in '/home/two-asus/ros2_ws/build/bumperbot_cpp_example': CMAKE_PREFIX_PATH=${CMAKE_PREFIX_PATH}:/home/two-asus/ros2_ws/install/bumperbot_py_example:/opt/ros/humble /usr/bin/cmake --build /home/two-asus/ros2_ws/build/bumperbot_cpp_example -- -j16 -l16
[0.258s] Invoked command in '/home/two-asus/ros2_ws/build/bumperbot_cpp_example' returned '0': CMAKE_PREFIX_PATH=${CMAKE_PREFIX_PATH}:/home/two-asus/ros2_ws/install/bumperbot_py_example:/opt/ros/humble /usr/bin/cmake --build /home/two-asus/ros2_ws/build/bumperbot_cpp_example -- -j16 -l16
[0.288s] Invoking command in '/home/two-asus/ros2_ws/build/bumperbot_cpp_example': CMAKE_PREFIX_PATH=${CMAKE_PREFIX_PATH}:/home/two-asus/ros2_ws/install/bumperbot_py_example:/opt/ros/humble /usr/bin/cmake --install /home/two-asus/ros2_ws/build/bumperbot_cpp_example
[0.296s] -- Install configuration: ""
[0.297s] -- Execute custom install script
[0.297s] -- Up-to-date symlink: /home/two-asus/ros2_ws/install/bumperbot_cpp_example/share/ament_index/resource_index/package_run_dependencies/bumperbot_cpp_example
[0.297s] -- Up-to-date symlink: /home/two-asus/ros2_ws/install/bumperbot_cpp_example/share/ament_index/resource_index/parent_prefix_path/bumperbot_cpp_example
[0.298s] -- Up-to-date symlink: /home/two-asus/ros2_ws/install/bumperbot_cpp_example/share/bumperbot_cpp_example/environment/ament_prefix_path.sh
[0.298s] -- Up-to-date symlink: /home/two-asus/ros2_ws/install/bumperbot_cpp_example/share/bumperbot_cpp_example/environment/ament_prefix_path.dsv
[0.298s] -- Up-to-date symlink: /home/two-asus/ros2_ws/install/bumperbot_cpp_example/share/bumperbot_cpp_example/environment/path.sh
[0.298s] -- Up-to-date symlink: /home/two-asus/ros2_ws/install/bumperbot_cpp_example/share/bumperbot_cpp_example/environment/path.dsv
[0.298s] -- Up-to-date symlink: /home/two-asus/ros2_ws/install/bumperbot_cpp_example/share/bumperbot_cpp_example/local_setup.bash
[0.298s] -- Up-to-date symlink: /home/two-asus/ros2_ws/install/bumperbot_cpp_example/share/bumperbot_cpp_example/local_setup.sh
[0.298s] -- Up-to-date symlink: /home/two-asus/ros2_ws/install/bumperbot_cpp_example/share/bumperbot_cpp_example/local_setup.zsh
[0.298s] -- Up-to-date symlink: /home/two-asus/ros2_ws/install/bumperbot_cpp_example/share/bumperbot_cpp_example/local_setup.dsv
[0.298s] -- Symlinking: /home/two-asus/ros2_ws/install/bumperbot_cpp_example/share/bumperbot_cpp_example/package.dsv
[0.306s] -- Up-to-date symlink: /home/two-asus/ros2_ws/install/bumperbot_cpp_example/share/ament_index/resource_index/packages/bumperbot_cpp_example
[0.306s] -- Up-to-date symlink: /home/two-asus/ros2_ws/install/bumperbot_cpp_example/share/bumperbot_cpp_example/cmake/bumperbot_cpp_exampleConfig.cmake
[0.306s] -- Up-to-date symlink: /home/two-asus/ros2_ws/install/bumperbot_cpp_example/share/bumperbot_cpp_example/cmake/bumperbot_cpp_exampleConfig-version.cmake
[0.307s] -- Up-to-date symlink: /home/two-asus/ros2_ws/install/bumperbot_cpp_example/share/bumperbot_cpp_example/package.xml
[0.320s] Invoked command in '/home/two-asus/ros2_ws/build/bumperbot_cpp_example' returned '0': CMAKE_PREFIX_PATH=${CMAKE_PREFIX_PATH}:/home/two-asus/ros2_ws/install/bumperbot_py_example:/opt/ros/humble /usr/bin/cmake --install /home/two-asus/ros2_ws/build/bumperbot_cpp_example
