[0.013s] Invoking command in '/home/two-asus/ros2_ws/build/bumperbot_description': CMAKE_PREFIX_PATH=${CMAKE_PREFIX_PATH}:/home/two-asus/ros2_ws/install/bumperbot_py_example:/opt/ros/humble /usr/bin/cmake --build /home/two-asus/ros2_ws/build/bumperbot_description -- -j16 -l16
[0.193s] Invoked command in '/home/two-asus/ros2_ws/build/bumperbot_description' returned '0': CMAKE_PREFIX_PATH=${CMAKE_PREFIX_PATH}:/home/two-asus/ros2_ws/install/bumperbot_py_example:/opt/ros/humble /usr/bin/cmake --build /home/two-asus/ros2_ws/build/bumperbot_description -- -j16 -l16
[0.221s] Invoking command in '/home/two-asus/ros2_ws/build/bumperbot_description': CMAKE_PREFIX_PATH=${CMAKE_PREFIX_PATH}:/home/two-asus/ros2_ws/install/bumperbot_py_example:/opt/ros/humble /usr/bin/cmake --install /home/two-asus/ros2_ws/build/bumperbot_description
[0.227s] -- Install configuration: ""
[0.228s] -- Up-to-date: /home/two-asus/ros2_ws/install/bumperbot_description/share/bumperbot_description//urdf
[0.228s] -- Up-to-date: /home/two-asus/ros2_ws/install/bumperbot_description/share/bumperbot_description//urdf/bumperbot.urdf.xacro
[0.228s] -- Up-to-date: /home/two-asus/ros2_ws/install/bumperbot_description/share/bumperbot_description//meshes
[0.228s] -- Up-to-date: /home/two-asus/ros2_ws/install/bumperbot_description/share/bumperbot_description//meshes/base_link.STL
[0.228s] -- Up-to-date: /home/two-asus/ros2_ws/install/bumperbot_description/share/bumperbot_description//meshes/wheel_right_link.STL
[0.228s] -- Up-to-date: /home/two-asus/ros2_ws/install/bumperbot_description/share/bumperbot_description//meshes/caster_front_link.STL
[0.228s] -- Up-to-date: /home/two-asus/ros2_ws/install/bumperbot_description/share/bumperbot_description//meshes/caster_rear_link.STL
[0.228s] -- Up-to-date: /home/two-asus/ros2_ws/install/bumperbot_description/share/bumperbot_description//meshes/wheel_left_link.STL
[0.229s] -- Up-to-date: /home/two-asus/ros2_ws/install/bumperbot_description/share/bumperbot_description//meshes/imu_link.STL
[0.229s] -- Up-to-date: /home/two-asus/ros2_ws/install/bumperbot_description/share/ament_index/resource_index/package_run_dependencies/bumperbot_description
[0.229s] -- Up-to-date: /home/two-asus/ros2_ws/install/bumperbot_description/share/ament_index/resource_index/parent_prefix_path/bumperbot_description
[0.229s] -- Up-to-date: /home/two-asus/ros2_ws/install/bumperbot_description/share/bumperbot_description/environment/ament_prefix_path.sh
[0.229s] -- Up-to-date: /home/two-asus/ros2_ws/install/bumperbot_description/share/bumperbot_description/environment/ament_prefix_path.dsv
[0.229s] -- Up-to-date: /home/two-asus/ros2_ws/install/bumperbot_description/share/bumperbot_description/environment/path.sh
[0.229s] -- Up-to-date: /home/two-asus/ros2_ws/install/bumperbot_description/share/bumperbot_description/environment/path.dsv
[0.229s] -- Up-to-date: /home/two-asus/ros2_ws/install/bumperbot_description/share/bumperbot_description/local_setup.bash
[0.229s] -- Up-to-date: /home/two-asus/ros2_ws/install/bumperbot_description/share/bumperbot_description/local_setup.sh
[0.230s] -- Up-to-date: /home/two-asus/ros2_ws/install/bumperbot_description/share/bumperbot_description/local_setup.zsh
[0.230s] -- Up-to-date: /home/two-asus/ros2_ws/install/bumperbot_description/share/bumperbot_description/local_setup.dsv
[0.231s] -- Installing: /home/two-asus/ros2_ws/install/bumperbot_description/share/bumperbot_description/package.dsv
[0.231s] -- Up-to-date: /home/two-asus/ros2_ws/install/bumperbot_description/share/ament_index/resource_index/packages/bumperbot_description
[0.231s] -- Up-to-date: /home/two-asus/ros2_ws/install/bumperbot_description/share/bumperbot_description/cmake/bumperbot_descriptionConfig.cmake
[0.231s] -- Up-to-date: /home/two-asus/ros2_ws/install/bumperbot_description/share/bumperbot_description/cmake/bumperbot_descriptionConfig-version.cmake
[0.231s] -- Up-to-date: /home/two-asus/ros2_ws/install/bumperbot_description/share/bumperbot_description/package.xml
[0.231s] Invoked command in '/home/two-asus/ros2_ws/build/bumperbot_description' returned '0': CMAKE_PREFIX_PATH=${CMAKE_PREFIX_PATH}:/home/two-asus/ros2_ws/install/bumperbot_py_example:/opt/ros/humble /usr/bin/cmake --install /home/two-asus/ros2_ws/build/bumperbot_description
