[0.072s] DEBUG:colcon:Command line arguments: ['/usr/bin/colcon', 'build']
[0.073s] DEBUG:colcon:Parsed command line arguments: Namespace(log_base=None, log_level=None, verb_name='build', build_base='build', install_base='install', merge_install=False, symlink_install=False, test_result_base=None, continue_on_error=False, executor='parallel', parallel_workers=16, event_handlers=None, ignore_user_meta=False, metas=['./colcon.meta'], base_paths=['.'], packages_ignore=None, packages_ignore_regex=None, paths=None, packages_up_to=None, packages_up_to_regex=None, packages_above=None, packages_above_and_dependencies=None, packages_above_depth=None, packages_select_by_dep=None, packages_skip_by_dep=None, packages_skip_up_to=None, packages_select_build_failed=False, packages_skip_build_finished=False, packages_select_test_failures=False, packages_skip_test_passed=False, packages_select=None, packages_skip=None, packages_select_regex=None, packages_skip_regex=None, packages_start=None, packages_end=None, allow_overriding=[], cmake_args=None, cmake_target=None, cmake_target_skip_unavailable=False, cmake_clean_cache=False, cmake_clean_first=False, cmake_force_configure=False, ament_cmake_args=None, catkin_cmake_args=None, catkin_skip_building_tests=False, mixin_files=None, mixin=None, verb_parser=<colcon_mixin.mixin.mixin_argument.MixinArgumentDecorator object at 0x726c51349e10>, verb_extension=<colcon_core.verb.build.BuildVerb object at 0x726c5144a590>, main=<bound method BuildVerb.main of <colcon_core.verb.build.BuildVerb object at 0x726c5144a590>>, mixin_verb=('build',))
[0.184s] Level 1:colcon.colcon_core.package_discovery:discover_packages(colcon_meta) check parameters
[0.184s] Level 1:colcon.colcon_core.package_discovery:discover_packages(recursive) check parameters
[0.184s] Level 1:colcon.colcon_core.package_discovery:discover_packages(ignore) check parameters
[0.184s] Level 1:colcon.colcon_core.package_discovery:discover_packages(path) check parameters
[0.184s] Level 1:colcon.colcon_core.package_discovery:discover_packages(colcon_meta) discover
[0.184s] Level 1:colcon.colcon_core.package_discovery:discover_packages(recursive) discover
[0.184s] INFO:colcon.colcon_core.package_discovery:Crawling recursively for packages in '/home/two-asus/ros2_ws'
[0.184s] Level 1:colcon.colcon_core.package_identification:_identify(.) by extensions ['ignore', 'ignore_ament_install']
[0.184s] Level 1:colcon.colcon_core.package_identification:_identify(.) by extension 'ignore'
[0.184s] Level 1:colcon.colcon_core.package_identification:_identify(.) by extension 'ignore_ament_install'
[0.184s] Level 1:colcon.colcon_core.package_identification:_identify(.) by extensions ['colcon_pkg']
[0.184s] Level 1:colcon.colcon_core.package_identification:_identify(.) by extension 'colcon_pkg'
[0.184s] Level 1:colcon.colcon_core.package_identification:_identify(.) by extensions ['colcon_meta']
[0.184s] Level 1:colcon.colcon_core.package_identification:_identify(.) by extension 'colcon_meta'
[0.184s] Level 1:colcon.colcon_core.package_identification:_identify(.) by extensions ['ros']
[0.184s] Level 1:colcon.colcon_core.package_identification:_identify(.) by extension 'ros'
[0.191s] Level 1:colcon.colcon_core.package_identification:_identify(.) by extensions ['cmake', 'python']
[0.191s] Level 1:colcon.colcon_core.package_identification:_identify(.) by extension 'cmake'
[0.191s] Level 1:colcon.colcon_core.package_identification:_identify(.) by extension 'python'
[0.191s] Level 1:colcon.colcon_core.package_identification:_identify(.) by extensions ['python_setup_py']
[0.191s] Level 1:colcon.colcon_core.package_identification:_identify(.) by extension 'python_setup_py'
[0.191s] Level 1:colcon.colcon_core.package_identification:_identify(build) by extensions ['ignore', 'ignore_ament_install']
[0.191s] Level 1:colcon.colcon_core.package_identification:_identify(build) by extension 'ignore'
[0.191s] Level 1:colcon.colcon_core.package_identification:_identify(build) ignored
[0.192s] Level 1:colcon.colcon_core.package_identification:_identify(install) by extensions ['ignore', 'ignore_ament_install']
[0.192s] Level 1:colcon.colcon_core.package_identification:_identify(install) by extension 'ignore'
[0.192s] Level 1:colcon.colcon_core.package_identification:_identify(install) ignored
[0.192s] Level 1:colcon.colcon_core.package_identification:_identify(log) by extensions ['ignore', 'ignore_ament_install']
[0.192s] Level 1:colcon.colcon_core.package_identification:_identify(log) by extension 'ignore'
[0.192s] Level 1:colcon.colcon_core.package_identification:_identify(log) ignored
[0.192s] Level 1:colcon.colcon_core.package_identification:_identify(src) by extensions ['ignore', 'ignore_ament_install']
[0.192s] Level 1:colcon.colcon_core.package_identification:_identify(src) by extension 'ignore'
[0.192s] Level 1:colcon.colcon_core.package_identification:_identify(src) by extension 'ignore_ament_install'
[0.192s] Level 1:colcon.colcon_core.package_identification:_identify(src) by extensions ['colcon_pkg']
[0.192s] Level 1:colcon.colcon_core.package_identification:_identify(src) by extension 'colcon_pkg'
[0.192s] Level 1:colcon.colcon_core.package_identification:_identify(src) by extensions ['colcon_meta']
[0.192s] Level 1:colcon.colcon_core.package_identification:_identify(src) by extension 'colcon_meta'
[0.192s] Level 1:colcon.colcon_core.package_identification:_identify(src) by extensions ['ros']
[0.192s] Level 1:colcon.colcon_core.package_identification:_identify(src) by extension 'ros'
[0.192s] Level 1:colcon.colcon_core.package_identification:_identify(src) by extensions ['cmake', 'python']
[0.192s] Level 1:colcon.colcon_core.package_identification:_identify(src) by extension 'cmake'
[0.192s] Level 1:colcon.colcon_core.package_identification:_identify(src) by extension 'python'
[0.192s] Level 1:colcon.colcon_core.package_identification:_identify(src) by extensions ['python_setup_py']
[0.192s] Level 1:colcon.colcon_core.package_identification:_identify(src) by extension 'python_setup_py'
[0.192s] Level 1:colcon.colcon_core.package_identification:_identify(src/my_robot_bringup) by extensions ['ignore', 'ignore_ament_install']
[0.192s] Level 1:colcon.colcon_core.package_identification:_identify(src/my_robot_bringup) by extension 'ignore'
[0.192s] Level 1:colcon.colcon_core.package_identification:_identify(src/my_robot_bringup) by extension 'ignore_ament_install'
[0.192s] Level 1:colcon.colcon_core.package_identification:_identify(src/my_robot_bringup) by extensions ['colcon_pkg']
[0.192s] Level 1:colcon.colcon_core.package_identification:_identify(src/my_robot_bringup) by extension 'colcon_pkg'
[0.192s] Level 1:colcon.colcon_core.package_identification:_identify(src/my_robot_bringup) by extensions ['colcon_meta']
[0.193s] Level 1:colcon.colcon_core.package_identification:_identify(src/my_robot_bringup) by extension 'colcon_meta'
[0.193s] Level 1:colcon.colcon_core.package_identification:_identify(src/my_robot_bringup) by extensions ['ros']
[0.193s] Level 1:colcon.colcon_core.package_identification:_identify(src/my_robot_bringup) by extension 'ros'
[0.194s] DEBUG:colcon.colcon_core.package_identification:Package 'src/my_robot_bringup' with type 'ros.ament_cmake' and name 'my_robot_bringup'
[0.194s] Level 1:colcon.colcon_core.package_identification:_identify(src/my_robot_description) by extensions ['ignore', 'ignore_ament_install']
[0.194s] Level 1:colcon.colcon_core.package_identification:_identify(src/my_robot_description) by extension 'ignore'
[0.194s] Level 1:colcon.colcon_core.package_identification:_identify(src/my_robot_description) by extension 'ignore_ament_install'
[0.194s] Level 1:colcon.colcon_core.package_identification:_identify(src/my_robot_description) by extensions ['colcon_pkg']
[0.194s] Level 1:colcon.colcon_core.package_identification:_identify(src/my_robot_description) by extension 'colcon_pkg'
[0.194s] Level 1:colcon.colcon_core.package_identification:_identify(src/my_robot_description) by extensions ['colcon_meta']
[0.194s] Level 1:colcon.colcon_core.package_identification:_identify(src/my_robot_description) by extension 'colcon_meta'
[0.194s] Level 1:colcon.colcon_core.package_identification:_identify(src/my_robot_description) by extensions ['ros']
[0.194s] Level 1:colcon.colcon_core.package_identification:_identify(src/my_robot_description) by extension 'ros'
[0.195s] DEBUG:colcon.colcon_core.package_identification:Package 'src/my_robot_description' with type 'ros.ament_cmake' and name 'my_robot_description'
[0.195s] Level 1:colcon.colcon_core.package_identification:_identify(src/my_robot_description_v2) by extensions ['ignore', 'ignore_ament_install']
[0.195s] Level 1:colcon.colcon_core.package_identification:_identify(src/my_robot_description_v2) by extension 'ignore'
[0.195s] Level 1:colcon.colcon_core.package_identification:_identify(src/my_robot_description_v2) by extension 'ignore_ament_install'
[0.195s] Level 1:colcon.colcon_core.package_identification:_identify(src/my_robot_description_v2) by extensions ['colcon_pkg']
[0.195s] Level 1:colcon.colcon_core.package_identification:_identify(src/my_robot_description_v2) by extension 'colcon_pkg'
[0.195s] Level 1:colcon.colcon_core.package_identification:_identify(src/my_robot_description_v2) by extensions ['colcon_meta']
[0.195s] Level 1:colcon.colcon_core.package_identification:_identify(src/my_robot_description_v2) by extension 'colcon_meta'
[0.195s] Level 1:colcon.colcon_core.package_identification:_identify(src/my_robot_description_v2) by extensions ['ros']
[0.195s] Level 1:colcon.colcon_core.package_identification:_identify(src/my_robot_description_v2) by extension 'ros'
[0.195s] DEBUG:colcon.colcon_core.package_identification:Package 'src/my_robot_description_v2' with type 'ros.ament_cmake' and name 'my_robot_description_v2'
[0.195s] Level 1:colcon.colcon_core.package_discovery:discover_packages(recursive) using defaults
[0.195s] Level 1:colcon.colcon_core.package_discovery:discover_packages(ignore) discover
[0.195s] Level 1:colcon.colcon_core.package_discovery:discover_packages(ignore) using defaults
[0.195s] Level 1:colcon.colcon_core.package_discovery:discover_packages(path) discover
[0.195s] Level 1:colcon.colcon_core.package_discovery:discover_packages(path) using defaults
[0.215s] Level 1:colcon.colcon_core.package_discovery:discover_packages(prefix_path) check parameters
[0.215s] Level 1:colcon.colcon_core.package_discovery:discover_packages(prefix_path) discover
[0.216s] DEBUG:colcon.colcon_installed_package_information.package_discovery:Found 3 installed packages in /home/two-asus/ros2_ws/install
[0.217s] DEBUG:colcon.colcon_installed_package_information.package_discovery:Found 278 installed packages in /opt/ros/humble
[0.218s] Level 1:colcon.colcon_core.package_discovery:discover_packages(prefix_path) using defaults
[0.242s] Level 5:colcon.colcon_core.verb:set package 'my_robot_description' build argument 'cmake_args' from command line to 'None'
[0.242s] Level 5:colcon.colcon_core.verb:set package 'my_robot_description' build argument 'cmake_target' from command line to 'None'
[0.242s] Level 5:colcon.colcon_core.verb:set package 'my_robot_description' build argument 'cmake_target_skip_unavailable' from command line to 'False'
[0.242s] Level 5:colcon.colcon_core.verb:set package 'my_robot_description' build argument 'cmake_clean_cache' from command line to 'False'
[0.242s] Level 5:colcon.colcon_core.verb:set package 'my_robot_description' build argument 'cmake_clean_first' from command line to 'False'
[0.242s] Level 5:colcon.colcon_core.verb:set package 'my_robot_description' build argument 'cmake_force_configure' from command line to 'False'
[0.242s] Level 5:colcon.colcon_core.verb:set package 'my_robot_description' build argument 'ament_cmake_args' from command line to 'None'
[0.242s] Level 5:colcon.colcon_core.verb:set package 'my_robot_description' build argument 'catkin_cmake_args' from command line to 'None'
[0.242s] Level 5:colcon.colcon_core.verb:set package 'my_robot_description' build argument 'catkin_skip_building_tests' from command line to 'False'
[0.242s] DEBUG:colcon.colcon_core.verb:Building package 'my_robot_description' with the following arguments: {'ament_cmake_args': None, 'build_base': '/home/two-asus/ros2_ws/build/my_robot_description', 'catkin_cmake_args': None, 'catkin_skip_building_tests': False, 'cmake_args': None, 'cmake_clean_cache': False, 'cmake_clean_first': False, 'cmake_force_configure': False, 'cmake_target': None, 'cmake_target_skip_unavailable': False, 'install_base': '/home/two-asus/ros2_ws/install/my_robot_description', 'merge_install': False, 'path': '/home/two-asus/ros2_ws/src/my_robot_description', 'symlink_install': False, 'test_result_base': None}
[0.242s] Level 5:colcon.colcon_core.verb:set package 'my_robot_description_v2' build argument 'cmake_args' from command line to 'None'
[0.242s] Level 5:colcon.colcon_core.verb:set package 'my_robot_description_v2' build argument 'cmake_target' from command line to 'None'
[0.242s] Level 5:colcon.colcon_core.verb:set package 'my_robot_description_v2' build argument 'cmake_target_skip_unavailable' from command line to 'False'
[0.242s] Level 5:colcon.colcon_core.verb:set package 'my_robot_description_v2' build argument 'cmake_clean_cache' from command line to 'False'
[0.242s] Level 5:colcon.colcon_core.verb:set package 'my_robot_description_v2' build argument 'cmake_clean_first' from command line to 'False'
[0.242s] Level 5:colcon.colcon_core.verb:set package 'my_robot_description_v2' build argument 'cmake_force_configure' from command line to 'False'
[0.242s] Level 5:colcon.colcon_core.verb:set package 'my_robot_description_v2' build argument 'ament_cmake_args' from command line to 'None'
[0.242s] Level 5:colcon.colcon_core.verb:set package 'my_robot_description_v2' build argument 'catkin_cmake_args' from command line to 'None'
[0.242s] Level 5:colcon.colcon_core.verb:set package 'my_robot_description_v2' build argument 'catkin_skip_building_tests' from command line to 'False'
[0.243s] DEBUG:colcon.colcon_core.verb:Building package 'my_robot_description_v2' with the following arguments: {'ament_cmake_args': None, 'build_base': '/home/two-asus/ros2_ws/build/my_robot_description_v2', 'catkin_cmake_args': None, 'catkin_skip_building_tests': False, 'cmake_args': None, 'cmake_clean_cache': False, 'cmake_clean_first': False, 'cmake_force_configure': False, 'cmake_target': None, 'cmake_target_skip_unavailable': False, 'install_base': '/home/two-asus/ros2_ws/install/my_robot_description_v2', 'merge_install': False, 'path': '/home/two-asus/ros2_ws/src/my_robot_description_v2', 'symlink_install': False, 'test_result_base': None}
[0.243s] Level 5:colcon.colcon_core.verb:set package 'my_robot_bringup' build argument 'cmake_args' from command line to 'None'
[0.243s] Level 5:colcon.colcon_core.verb:set package 'my_robot_bringup' build argument 'cmake_target' from command line to 'None'
[0.243s] Level 5:colcon.colcon_core.verb:set package 'my_robot_bringup' build argument 'cmake_target_skip_unavailable' from command line to 'False'
[0.243s] Level 5:colcon.colcon_core.verb:set package 'my_robot_bringup' build argument 'cmake_clean_cache' from command line to 'False'
[0.243s] Level 5:colcon.colcon_core.verb:set package 'my_robot_bringup' build argument 'cmake_clean_first' from command line to 'False'
[0.243s] Level 5:colcon.colcon_core.verb:set package 'my_robot_bringup' build argument 'cmake_force_configure' from command line to 'False'
[0.243s] Level 5:colcon.colcon_core.verb:set package 'my_robot_bringup' build argument 'ament_cmake_args' from command line to 'None'
[0.243s] Level 5:colcon.colcon_core.verb:set package 'my_robot_bringup' build argument 'catkin_cmake_args' from command line to 'None'
[0.243s] Level 5:colcon.colcon_core.verb:set package 'my_robot_bringup' build argument 'catkin_skip_building_tests' from command line to 'False'
[0.243s] DEBUG:colcon.colcon_core.verb:Building package 'my_robot_bringup' with the following arguments: {'ament_cmake_args': None, 'build_base': '/home/two-asus/ros2_ws/build/my_robot_bringup', 'catkin_cmake_args': None, 'catkin_skip_building_tests': False, 'cmake_args': None, 'cmake_clean_cache': False, 'cmake_clean_first': False, 'cmake_force_configure': False, 'cmake_target': None, 'cmake_target_skip_unavailable': False, 'install_base': '/home/two-asus/ros2_ws/install/my_robot_bringup', 'merge_install': False, 'path': '/home/two-asus/ros2_ws/src/my_robot_bringup', 'symlink_install': False, 'test_result_base': None}
[0.243s] INFO:colcon.colcon_core.executor:Executing jobs using 'parallel' executor
[0.244s] DEBUG:colcon.colcon_parallel_executor.executor.parallel:run_until_complete
[0.244s] INFO:colcon.colcon_ros.task.ament_cmake.build:Building ROS package in '/home/two-asus/ros2_ws/src/my_robot_description' with build type 'ament_cmake'
[0.244s] INFO:colcon.colcon_cmake.task.cmake.build:Building CMake package in '/home/two-asus/ros2_ws/src/my_robot_description'
[0.245s] INFO:colcon.colcon_core.plugin_system:Skipping extension 'colcon_core.shell.bat': Not used on non-Windows systems
[0.246s] INFO:colcon.colcon_core.shell:Skip shell extension 'powershell' for command environment: Not usable outside of PowerShell
[0.246s] DEBUG:colcon.colcon_core.shell:Skip shell extension 'dsv' for command environment
[0.248s] INFO:colcon.colcon_ros.task.ament_cmake.build:Building ROS package in '/home/two-asus/ros2_ws/src/my_robot_description_v2' with build type 'ament_cmake'
[0.248s] INFO:colcon.colcon_cmake.task.cmake.build:Building CMake package in '/home/two-asus/ros2_ws/src/my_robot_description_v2'
[0.249s] INFO:colcon.colcon_core.shell:Skip shell extension 'powershell' for command environment: Not usable outside of PowerShell
[0.249s] DEBUG:colcon.colcon_core.shell:Skip shell extension 'dsv' for command environment
[0.256s] DEBUG:colcon.colcon_core.event_handler.log_command:Invoking command in '/home/two-asus/ros2_ws/build/my_robot_description': CMAKE_PREFIX_PATH=${CMAKE_PREFIX_PATH}:/opt/ros/humble /usr/bin/cmake /home/two-asus/ros2_ws/src/my_robot_description -DCMAKE_INSTALL_PREFIX=/home/two-asus/ros2_ws/install/my_robot_description
[0.258s] DEBUG:colcon.colcon_core.event_handler.log_command:Invoking command in '/home/two-asus/ros2_ws/build/my_robot_description_v2': CMAKE_PREFIX_PATH=${CMAKE_PREFIX_PATH}:/opt/ros/humble /usr/bin/cmake /home/two-asus/ros2_ws/src/my_robot_description_v2 -DCMAKE_INSTALL_PREFIX=/home/two-asus/ros2_ws/install/my_robot_description_v2
[0.402s] DEBUG:colcon.colcon_core.event_handler.log_command:Invoked command in '/home/two-asus/ros2_ws/build/my_robot_description' returned '0': CMAKE_PREFIX_PATH=${CMAKE_PREFIX_PATH}:/opt/ros/humble /usr/bin/cmake /home/two-asus/ros2_ws/src/my_robot_description -DCMAKE_INSTALL_PREFIX=/home/two-asus/ros2_ws/install/my_robot_description
[0.404s] DEBUG:colcon.colcon_core.event_handler.log_command:Invoking command in '/home/two-asus/ros2_ws/build/my_robot_description': CMAKE_PREFIX_PATH=${CMAKE_PREFIX_PATH}:/opt/ros/humble /usr/bin/cmake --build /home/two-asus/ros2_ws/build/my_robot_description -- -j16 -l16
[0.404s] DEBUG:colcon.colcon_core.event_handler.log_command:Invoked command in '/home/two-asus/ros2_ws/build/my_robot_description_v2' returned '0': CMAKE_PREFIX_PATH=${CMAKE_PREFIX_PATH}:/opt/ros/humble /usr/bin/cmake /home/two-asus/ros2_ws/src/my_robot_description_v2 -DCMAKE_INSTALL_PREFIX=/home/two-asus/ros2_ws/install/my_robot_description_v2
[0.405s] DEBUG:colcon.colcon_core.event_handler.log_command:Invoking command in '/home/two-asus/ros2_ws/build/my_robot_description_v2': CMAKE_PREFIX_PATH=${CMAKE_PREFIX_PATH}:/opt/ros/humble /usr/bin/cmake --build /home/two-asus/ros2_ws/build/my_robot_description_v2 -- -j16 -l16
[0.438s] DEBUG:colcon.colcon_core.event_handler.log_command:Invoked command in '/home/two-asus/ros2_ws/build/my_robot_description_v2' returned '0': CMAKE_PREFIX_PATH=${CMAKE_PREFIX_PATH}:/opt/ros/humble /usr/bin/cmake --build /home/two-asus/ros2_ws/build/my_robot_description_v2 -- -j16 -l16
[0.439s] DEBUG:colcon.colcon_core.event_handler.log_command:Invoked command in '/home/two-asus/ros2_ws/build/my_robot_description' returned '0': CMAKE_PREFIX_PATH=${CMAKE_PREFIX_PATH}:/opt/ros/humble /usr/bin/cmake --build /home/two-asus/ros2_ws/build/my_robot_description -- -j16 -l16
[0.467s] DEBUG:colcon.colcon_core.event_handler.log_command:Invoking command in '/home/two-asus/ros2_ws/build/my_robot_description_v2': CMAKE_PREFIX_PATH=${CMAKE_PREFIX_PATH}:/opt/ros/humble /usr/bin/cmake --install /home/two-asus/ros2_ws/build/my_robot_description_v2
[0.469s] DEBUG:colcon.colcon_core.event_handler.log_command:Invoking command in '/home/two-asus/ros2_ws/build/my_robot_description': CMAKE_PREFIX_PATH=${CMAKE_PREFIX_PATH}:/opt/ros/humble /usr/bin/cmake --install /home/two-asus/ros2_ws/build/my_robot_description
[0.485s] Level 1:colcon.colcon_core.environment:create_environment_scripts_only(my_robot_description)
[0.486s] DEBUG:colcon.colcon_core.event_handler.log_command:Invoked command in '/home/two-asus/ros2_ws/build/my_robot_description' returned '0': CMAKE_PREFIX_PATH=${CMAKE_PREFIX_PATH}:/opt/ros/humble /usr/bin/cmake --install /home/two-asus/ros2_ws/build/my_robot_description
[0.487s] Level 1:colcon.colcon_core.environment:checking '/home/two-asus/ros2_ws/install/my_robot_description' for CMake module files
[0.488s] Level 1:colcon.colcon_core.environment:checking '/home/two-asus/ros2_ws/install/my_robot_description' for CMake config files
[0.488s] Level 1:colcon.colcon_core.shell:create_environment_hook('my_robot_description', 'cmake_prefix_path')
[0.488s] INFO:colcon.colcon_core.shell:Creating environment hook '/home/two-asus/ros2_ws/install/my_robot_description/share/my_robot_description/hook/cmake_prefix_path.ps1'
[0.488s] INFO:colcon.colcon_core.shell:Creating environment descriptor '/home/two-asus/ros2_ws/install/my_robot_description/share/my_robot_description/hook/cmake_prefix_path.dsv'
[0.489s] INFO:colcon.colcon_core.shell:Creating environment hook '/home/two-asus/ros2_ws/install/my_robot_description/share/my_robot_description/hook/cmake_prefix_path.sh'
[0.489s] Level 1:colcon.colcon_core.environment:checking '/home/two-asus/ros2_ws/install/my_robot_description/bin'
[0.489s] Level 1:colcon.colcon_core.environment:checking '/home/two-asus/ros2_ws/install/my_robot_description/lib/pkgconfig/my_robot_description.pc'
[0.489s] Level 1:colcon.colcon_core.environment:checking '/home/two-asus/ros2_ws/install/my_robot_description/lib/python3.10/site-packages'
[0.490s] Level 1:colcon.colcon_core.environment:checking '/home/two-asus/ros2_ws/install/my_robot_description/bin'
[0.490s] INFO:colcon.colcon_core.shell:Creating package script '/home/two-asus/ros2_ws/install/my_robot_description/share/my_robot_description/package.ps1'
[0.490s] INFO:colcon.colcon_core.shell:Creating package descriptor '/home/two-asus/ros2_ws/install/my_robot_description/share/my_robot_description/package.dsv'
[0.491s] INFO:colcon.colcon_core.shell:Creating package script '/home/two-asus/ros2_ws/install/my_robot_description/share/my_robot_description/package.sh'
[0.491s] INFO:colcon.colcon_core.shell:Creating package script '/home/two-asus/ros2_ws/install/my_robot_description/share/my_robot_description/package.bash'
[0.492s] INFO:colcon.colcon_core.shell:Creating package script '/home/two-asus/ros2_ws/install/my_robot_description/share/my_robot_description/package.zsh'
[0.492s] Level 1:colcon.colcon_core.environment:create_file_with_runtime_dependencies(/home/two-asus/ros2_ws/install/my_robot_description/share/colcon-core/packages/my_robot_description)
[0.493s] Level 1:colcon.colcon_core.environment:create_environment_scripts_only(my_robot_description_v2)
[0.493s] Level 1:colcon.colcon_core.environment:checking '/home/two-asus/ros2_ws/install/my_robot_description_v2' for CMake module files
[0.493s] DEBUG:colcon.colcon_core.event_handler.log_command:Invoked command in '/home/two-asus/ros2_ws/build/my_robot_description_v2' returned '0': CMAKE_PREFIX_PATH=${CMAKE_PREFIX_PATH}:/opt/ros/humble /usr/bin/cmake --install /home/two-asus/ros2_ws/build/my_robot_description_v2
[0.494s] Level 1:colcon.colcon_core.environment:checking '/home/two-asus/ros2_ws/install/my_robot_description_v2' for CMake config files
[0.494s] Level 1:colcon.colcon_core.shell:create_environment_hook('my_robot_description_v2', 'cmake_prefix_path')
[0.494s] INFO:colcon.colcon_core.shell:Creating environment hook '/home/two-asus/ros2_ws/install/my_robot_description_v2/share/my_robot_description_v2/hook/cmake_prefix_path.ps1'
[0.494s] INFO:colcon.colcon_core.shell:Creating environment descriptor '/home/two-asus/ros2_ws/install/my_robot_description_v2/share/my_robot_description_v2/hook/cmake_prefix_path.dsv'
[0.494s] INFO:colcon.colcon_core.shell:Creating environment hook '/home/two-asus/ros2_ws/install/my_robot_description_v2/share/my_robot_description_v2/hook/cmake_prefix_path.sh'
[0.495s] Level 1:colcon.colcon_core.environment:checking '/home/two-asus/ros2_ws/install/my_robot_description_v2/bin'
[0.495s] Level 1:colcon.colcon_core.environment:checking '/home/two-asus/ros2_ws/install/my_robot_description_v2/lib/pkgconfig/my_robot_description_v2.pc'
[0.495s] Level 1:colcon.colcon_core.environment:checking '/home/two-asus/ros2_ws/install/my_robot_description_v2/lib/python3.10/site-packages'
[0.495s] Level 1:colcon.colcon_core.environment:checking '/home/two-asus/ros2_ws/install/my_robot_description_v2/bin'
[0.495s] INFO:colcon.colcon_core.shell:Creating package script '/home/two-asus/ros2_ws/install/my_robot_description_v2/share/my_robot_description_v2/package.ps1'
[0.495s] INFO:colcon.colcon_core.shell:Creating package descriptor '/home/two-asus/ros2_ws/install/my_robot_description_v2/share/my_robot_description_v2/package.dsv'
[0.496s] INFO:colcon.colcon_core.shell:Creating package script '/home/two-asus/ros2_ws/install/my_robot_description_v2/share/my_robot_description_v2/package.sh'
[0.496s] INFO:colcon.colcon_core.shell:Creating package script '/home/two-asus/ros2_ws/install/my_robot_description_v2/share/my_robot_description_v2/package.bash'
[0.496s] INFO:colcon.colcon_core.shell:Creating package script '/home/two-asus/ros2_ws/install/my_robot_description_v2/share/my_robot_description_v2/package.zsh'
[0.496s] Level 1:colcon.colcon_core.environment:create_file_with_runtime_dependencies(/home/two-asus/ros2_ws/install/my_robot_description_v2/share/colcon-core/packages/my_robot_description_v2)
[0.514s] Level 1:colcon.colcon_core.environment:create_environment_scripts_only(my_robot_description)
[0.514s] Level 1:colcon.colcon_core.environment:checking '/home/two-asus/ros2_ws/install/my_robot_description' for CMake module files
[0.515s] Level 1:colcon.colcon_core.environment:checking '/home/two-asus/ros2_ws/install/my_robot_description' for CMake config files
[0.515s] Level 1:colcon.colcon_core.shell:create_environment_hook('my_robot_description', 'cmake_prefix_path')
[0.515s] INFO:colcon.colcon_core.shell:Creating environment hook '/home/two-asus/ros2_ws/install/my_robot_description/share/my_robot_description/hook/cmake_prefix_path.ps1'
[0.515s] INFO:colcon.colcon_core.shell:Creating environment descriptor '/home/two-asus/ros2_ws/install/my_robot_description/share/my_robot_description/hook/cmake_prefix_path.dsv'
[0.516s] INFO:colcon.colcon_core.shell:Creating environment hook '/home/two-asus/ros2_ws/install/my_robot_description/share/my_robot_description/hook/cmake_prefix_path.sh'
[0.516s] Level 1:colcon.colcon_core.environment:checking '/home/two-asus/ros2_ws/install/my_robot_description/bin'
[0.516s] Level 1:colcon.colcon_core.environment:checking '/home/two-asus/ros2_ws/install/my_robot_description/lib/pkgconfig/my_robot_description.pc'
[0.516s] Level 1:colcon.colcon_core.environment:checking '/home/two-asus/ros2_ws/install/my_robot_description/lib/python3.10/site-packages'
[0.516s] Level 1:colcon.colcon_core.environment:checking '/home/two-asus/ros2_ws/install/my_robot_description/bin'
[0.516s] INFO:colcon.colcon_core.shell:Creating package script '/home/two-asus/ros2_ws/install/my_robot_description/share/my_robot_description/package.ps1'
[0.517s] INFO:colcon.colcon_core.shell:Creating package descriptor '/home/two-asus/ros2_ws/install/my_robot_description/share/my_robot_description/package.dsv'
[0.517s] INFO:colcon.colcon_core.shell:Creating package script '/home/two-asus/ros2_ws/install/my_robot_description/share/my_robot_description/package.sh'
[0.517s] INFO:colcon.colcon_core.shell:Creating package script '/home/two-asus/ros2_ws/install/my_robot_description/share/my_robot_description/package.bash'
[0.518s] INFO:colcon.colcon_core.shell:Creating package script '/home/two-asus/ros2_ws/install/my_robot_description/share/my_robot_description/package.zsh'
[0.518s] Level 1:colcon.colcon_core.environment:create_file_with_runtime_dependencies(/home/two-asus/ros2_ws/install/my_robot_description/share/colcon-core/packages/my_robot_description)
[0.518s] INFO:colcon.colcon_ros.task.ament_cmake.build:Building ROS package in '/home/two-asus/ros2_ws/src/my_robot_bringup' with build type 'ament_cmake'
[0.518s] INFO:colcon.colcon_cmake.task.cmake.build:Building CMake package in '/home/two-asus/ros2_ws/src/my_robot_bringup'
[0.518s] INFO:colcon.colcon_core.shell:Skip shell extension 'powershell' for command environment: Not usable outside of PowerShell
[0.518s] DEBUG:colcon.colcon_core.shell:Skip shell extension 'dsv' for command environment
[0.522s] Level 1:colcon.colcon_core.environment:create_environment_scripts_only(my_robot_description_v2)
[0.522s] Level 1:colcon.colcon_core.environment:checking '/home/two-asus/ros2_ws/install/my_robot_description_v2' for CMake module files
[0.522s] Level 1:colcon.colcon_core.environment:checking '/home/two-asus/ros2_ws/install/my_robot_description_v2' for CMake config files
[0.522s] Level 1:colcon.colcon_core.shell:create_environment_hook('my_robot_description_v2', 'cmake_prefix_path')
[0.522s] INFO:colcon.colcon_core.shell:Creating environment hook '/home/two-asus/ros2_ws/install/my_robot_description_v2/share/my_robot_description_v2/hook/cmake_prefix_path.ps1'
[0.523s] INFO:colcon.colcon_core.shell:Creating environment descriptor '/home/two-asus/ros2_ws/install/my_robot_description_v2/share/my_robot_description_v2/hook/cmake_prefix_path.dsv'
[0.523s] INFO:colcon.colcon_core.shell:Creating environment hook '/home/two-asus/ros2_ws/install/my_robot_description_v2/share/my_robot_description_v2/hook/cmake_prefix_path.sh'
[0.523s] Level 1:colcon.colcon_core.environment:checking '/home/two-asus/ros2_ws/install/my_robot_description_v2/bin'
[0.523s] Level 1:colcon.colcon_core.environment:checking '/home/two-asus/ros2_ws/install/my_robot_description_v2/lib/pkgconfig/my_robot_description_v2.pc'
[0.523s] Level 1:colcon.colcon_core.environment:checking '/home/two-asus/ros2_ws/install/my_robot_description_v2/lib/python3.10/site-packages'
[0.523s] Level 1:colcon.colcon_core.environment:checking '/home/two-asus/ros2_ws/install/my_robot_description_v2/bin'
[0.524s] INFO:colcon.colcon_core.shell:Creating package script '/home/two-asus/ros2_ws/install/my_robot_description_v2/share/my_robot_description_v2/package.ps1'
[0.524s] INFO:colcon.colcon_core.shell:Creating package descriptor '/home/two-asus/ros2_ws/install/my_robot_description_v2/share/my_robot_description_v2/package.dsv'
[0.524s] INFO:colcon.colcon_core.shell:Creating package script '/home/two-asus/ros2_ws/install/my_robot_description_v2/share/my_robot_description_v2/package.sh'
[0.524s] INFO:colcon.colcon_core.shell:Creating package script '/home/two-asus/ros2_ws/install/my_robot_description_v2/share/my_robot_description_v2/package.bash'
[0.525s] INFO:colcon.colcon_core.shell:Creating package script '/home/two-asus/ros2_ws/install/my_robot_description_v2/share/my_robot_description_v2/package.zsh'
[0.525s] Level 1:colcon.colcon_core.environment:create_file_with_runtime_dependencies(/home/two-asus/ros2_ws/install/my_robot_description_v2/share/colcon-core/packages/my_robot_description_v2)
[0.528s] DEBUG:colcon.colcon_core.event_handler.log_command:Invoking command in '/home/two-asus/ros2_ws/build/my_robot_bringup': CMAKE_PREFIX_PATH=/home/two-asus/ros2_ws/install/my_robot_description:/home/two-asus/ros2_ws/install/my_robot_bringup:/home/two-asus/ros2_ws/install/my_robot_description_v2:/opt/ros/humble /usr/bin/cmake /home/two-asus/ros2_ws/src/my_robot_bringup -DCMAKE_INSTALL_PREFIX=/home/two-asus/ros2_ws/install/my_robot_bringup
[0.674s] DEBUG:colcon.colcon_core.event_handler.log_command:Invoked command in '/home/two-asus/ros2_ws/build/my_robot_bringup' returned '0': CMAKE_PREFIX_PATH=/home/two-asus/ros2_ws/install/my_robot_description:/home/two-asus/ros2_ws/install/my_robot_bringup:/home/two-asus/ros2_ws/install/my_robot_description_v2:/opt/ros/humble /usr/bin/cmake /home/two-asus/ros2_ws/src/my_robot_bringup -DCMAKE_INSTALL_PREFIX=/home/two-asus/ros2_ws/install/my_robot_bringup
[0.675s] DEBUG:colcon.colcon_core.event_handler.log_command:Invoking command in '/home/two-asus/ros2_ws/build/my_robot_bringup': CMAKE_PREFIX_PATH=/home/two-asus/ros2_ws/install/my_robot_description:/home/two-asus/ros2_ws/install/my_robot_bringup:/home/two-asus/ros2_ws/install/my_robot_description_v2:/opt/ros/humble /usr/bin/cmake --build /home/two-asus/ros2_ws/build/my_robot_bringup -- -j16 -l16
[0.707s] DEBUG:colcon.colcon_core.event_handler.log_command:Invoked command in '/home/two-asus/ros2_ws/build/my_robot_bringup' returned '0': CMAKE_PREFIX_PATH=/home/two-asus/ros2_ws/install/my_robot_description:/home/two-asus/ros2_ws/install/my_robot_bringup:/home/two-asus/ros2_ws/install/my_robot_description_v2:/opt/ros/humble /usr/bin/cmake --build /home/two-asus/ros2_ws/build/my_robot_bringup -- -j16 -l16
[0.735s] DEBUG:colcon.colcon_core.event_handler.log_command:Invoking command in '/home/two-asus/ros2_ws/build/my_robot_bringup': CMAKE_PREFIX_PATH=/home/two-asus/ros2_ws/install/my_robot_description:/home/two-asus/ros2_ws/install/my_robot_bringup:/home/two-asus/ros2_ws/install/my_robot_description_v2:/opt/ros/humble /usr/bin/cmake --install /home/two-asus/ros2_ws/build/my_robot_bringup
[0.760s] Level 1:colcon.colcon_core.environment:create_environment_scripts_only(my_robot_bringup)
[0.760s] Level 1:colcon.colcon_core.environment:checking '/home/two-asus/ros2_ws/install/my_robot_bringup' for CMake module files
[0.761s] DEBUG:colcon.colcon_core.event_handler.log_command:Invoked command in '/home/two-asus/ros2_ws/build/my_robot_bringup' returned '0': CMAKE_PREFIX_PATH=/home/two-asus/ros2_ws/install/my_robot_description:/home/two-asus/ros2_ws/install/my_robot_bringup:/home/two-asus/ros2_ws/install/my_robot_description_v2:/opt/ros/humble /usr/bin/cmake --install /home/two-asus/ros2_ws/build/my_robot_bringup
[0.761s] Level 1:colcon.colcon_core.environment:checking '/home/two-asus/ros2_ws/install/my_robot_bringup' for CMake config files
[0.761s] Level 1:colcon.colcon_core.shell:create_environment_hook('my_robot_bringup', 'cmake_prefix_path')
[0.761s] INFO:colcon.colcon_core.shell:Creating environment hook '/home/two-asus/ros2_ws/install/my_robot_bringup/share/my_robot_bringup/hook/cmake_prefix_path.ps1'
[0.761s] INFO:colcon.colcon_core.shell:Creating environment descriptor '/home/two-asus/ros2_ws/install/my_robot_bringup/share/my_robot_bringup/hook/cmake_prefix_path.dsv'
[0.762s] INFO:colcon.colcon_core.shell:Creating environment hook '/home/two-asus/ros2_ws/install/my_robot_bringup/share/my_robot_bringup/hook/cmake_prefix_path.sh'
[0.762s] Level 1:colcon.colcon_core.environment:checking '/home/two-asus/ros2_ws/install/my_robot_bringup/bin'
[0.762s] Level 1:colcon.colcon_core.environment:checking '/home/two-asus/ros2_ws/install/my_robot_bringup/lib/pkgconfig/my_robot_bringup.pc'
[0.762s] Level 1:colcon.colcon_core.environment:checking '/home/two-asus/ros2_ws/install/my_robot_bringup/lib/python3.10/site-packages'
[0.762s] Level 1:colcon.colcon_core.environment:checking '/home/two-asus/ros2_ws/install/my_robot_bringup/bin'
[0.762s] INFO:colcon.colcon_core.shell:Creating package script '/home/two-asus/ros2_ws/install/my_robot_bringup/share/my_robot_bringup/package.ps1'
[0.763s] INFO:colcon.colcon_core.shell:Creating package descriptor '/home/two-asus/ros2_ws/install/my_robot_bringup/share/my_robot_bringup/package.dsv'
[0.763s] INFO:colcon.colcon_core.shell:Creating package script '/home/two-asus/ros2_ws/install/my_robot_bringup/share/my_robot_bringup/package.sh'
[0.763s] INFO:colcon.colcon_core.shell:Creating package script '/home/two-asus/ros2_ws/install/my_robot_bringup/share/my_robot_bringup/package.bash'
[0.763s] INFO:colcon.colcon_core.shell:Creating package script '/home/two-asus/ros2_ws/install/my_robot_bringup/share/my_robot_bringup/package.zsh'
[0.764s] Level 1:colcon.colcon_core.environment:create_file_with_runtime_dependencies(/home/two-asus/ros2_ws/install/my_robot_bringup/share/colcon-core/packages/my_robot_bringup)
[0.790s] Level 1:colcon.colcon_core.environment:create_environment_scripts_only(my_robot_bringup)
[0.790s] Level 1:colcon.colcon_core.environment:checking '/home/two-asus/ros2_ws/install/my_robot_bringup' for CMake module files
[0.791s] Level 1:colcon.colcon_core.environment:checking '/home/two-asus/ros2_ws/install/my_robot_bringup' for CMake config files
[0.791s] Level 1:colcon.colcon_core.shell:create_environment_hook('my_robot_bringup', 'cmake_prefix_path')
[0.791s] INFO:colcon.colcon_core.shell:Creating environment hook '/home/two-asus/ros2_ws/install/my_robot_bringup/share/my_robot_bringup/hook/cmake_prefix_path.ps1'
[0.791s] INFO:colcon.colcon_core.shell:Creating environment descriptor '/home/two-asus/ros2_ws/install/my_robot_bringup/share/my_robot_bringup/hook/cmake_prefix_path.dsv'
[0.791s] INFO:colcon.colcon_core.shell:Creating environment hook '/home/two-asus/ros2_ws/install/my_robot_bringup/share/my_robot_bringup/hook/cmake_prefix_path.sh'
[0.792s] Level 1:colcon.colcon_core.environment:checking '/home/two-asus/ros2_ws/install/my_robot_bringup/bin'
[0.792s] Level 1:colcon.colcon_core.environment:checking '/home/two-asus/ros2_ws/install/my_robot_bringup/lib/pkgconfig/my_robot_bringup.pc'
[0.792s] Level 1:colcon.colcon_core.environment:checking '/home/two-asus/ros2_ws/install/my_robot_bringup/lib/python3.10/site-packages'
[0.792s] Level 1:colcon.colcon_core.environment:checking '/home/two-asus/ros2_ws/install/my_robot_bringup/bin'
[0.792s] INFO:colcon.colcon_core.shell:Creating package script '/home/two-asus/ros2_ws/install/my_robot_bringup/share/my_robot_bringup/package.ps1'
[0.793s] INFO:colcon.colcon_core.shell:Creating package descriptor '/home/two-asus/ros2_ws/install/my_robot_bringup/share/my_robot_bringup/package.dsv'
[0.793s] INFO:colcon.colcon_core.shell:Creating package script '/home/two-asus/ros2_ws/install/my_robot_bringup/share/my_robot_bringup/package.sh'
[0.793s] INFO:colcon.colcon_core.shell:Creating package script '/home/two-asus/ros2_ws/install/my_robot_bringup/share/my_robot_bringup/package.bash'
[0.793s] INFO:colcon.colcon_core.shell:Creating package script '/home/two-asus/ros2_ws/install/my_robot_bringup/share/my_robot_bringup/package.zsh'
[0.794s] Level 1:colcon.colcon_core.environment:create_file_with_runtime_dependencies(/home/two-asus/ros2_ws/install/my_robot_bringup/share/colcon-core/packages/my_robot_bringup)
[0.794s] DEBUG:colcon.colcon_parallel_executor.executor.parallel:closing loop
[0.794s] DEBUG:colcon.colcon_parallel_executor.executor.parallel:loop closed
[0.794s] DEBUG:colcon.colcon_parallel_executor.executor.parallel:run_until_complete finished with '0'
[0.794s] DEBUG:colcon.colcon_core.event_reactor:joining thread
[0.798s] INFO:colcon.colcon_core.plugin_system:Skipping extension 'colcon_notification.desktop_notification.terminal_notifier': Not used on non-Darwin systems
[0.798s] INFO:colcon.colcon_core.plugin_system:Skipping extension 'colcon_notification.desktop_notification.win32': Not used on non-Windows systems
[0.798s] INFO:colcon.colcon_notification.desktop_notification:Sending desktop notification using 'notify2'
[0.808s] DEBUG:colcon.colcon_core.event_reactor:joined thread
[0.809s] INFO:colcon.colcon_core.shell:Creating prefix script '/home/two-asus/ros2_ws/install/local_setup.ps1'
[0.810s] INFO:colcon.colcon_core.shell:Creating prefix util module '/home/two-asus/ros2_ws/install/_local_setup_util_ps1.py'
[0.811s] INFO:colcon.colcon_core.shell:Creating prefix chain script '/home/two-asus/ros2_ws/install/setup.ps1'
[0.811s] INFO:colcon.colcon_core.shell:Creating prefix script '/home/two-asus/ros2_ws/install/local_setup.sh'
[0.812s] INFO:colcon.colcon_core.shell:Creating prefix util module '/home/two-asus/ros2_ws/install/_local_setup_util_sh.py'
[0.812s] INFO:colcon.colcon_core.shell:Creating prefix chain script '/home/two-asus/ros2_ws/install/setup.sh'
[0.813s] INFO:colcon.colcon_core.shell:Creating prefix script '/home/two-asus/ros2_ws/install/local_setup.bash'
[0.813s] INFO:colcon.colcon_core.shell:Creating prefix chain script '/home/two-asus/ros2_ws/install/setup.bash'
[0.814s] INFO:colcon.colcon_core.shell:Creating prefix script '/home/two-asus/ros2_ws/install/local_setup.zsh'
[0.814s] INFO:colcon.colcon_core.shell:Creating prefix chain script '/home/two-asus/ros2_ws/install/setup.zsh'
