[0.009s] Invoking command in '/home/two-asus/ros2_ws/build/my_robot_description_v2': CMAKE_PREFIX_PATH=${CMAKE_PREFIX_PATH}:/opt/ros/humble /usr/bin/cmake --build /home/two-asus/ros2_ws/build/my_robot_description_v2 -- -j16 -l16
[0.039s] Invoked command in '/home/two-asus/ros2_ws/build/my_robot_description_v2' returned '0': CMAKE_PREFIX_PATH=${CMAKE_PREFIX_PATH}:/opt/ros/humble /usr/bin/cmake --build /home/two-asus/ros2_ws/build/my_robot_description_v2 -- -j16 -l16
[0.066s] Invoking command in '/home/two-asus/ros2_ws/build/my_robot_description_v2': CMAKE_PREFIX_PATH=${CMAKE_PREFIX_PATH}:/opt/ros/humble /usr/bin/cmake --install /home/two-asus/ros2_ws/build/my_robot_description_v2
[0.072s] -- Install configuration: ""
[0.072s] -- Up-to-date: /home/two-asus/ros2_ws/install/my_robot_description_v2/share/my_robot_description_v2//launch
[0.073s] -- Up-to-date: /home/two-asus/ros2_ws/install/my_robot_description_v2/share/my_robot_description_v2//launch/display.launch.py
[0.073s] -- Up-to-date: /home/two-asus/ros2_ws/install/my_robot_description_v2/share/my_robot_description_v2//rviz
[0.073s] -- Up-to-date: /home/two-asus/ros2_ws/install/my_robot_description_v2/share/my_robot_description_v2//rviz/urdf_config.rivz.rviz
[0.073s] -- Up-to-date: /home/two-asus/ros2_ws/install/my_robot_description_v2/share/my_robot_description_v2//urdf
[0.073s] -- Up-to-date: /home/two-asus/ros2_ws/install/my_robot_description_v2/share/my_robot_description_v2//urdf/my_robot.urdf.xacro
[0.073s] -- Up-to-date: /home/two-asus/ros2_ws/install/my_robot_description_v2/share/ament_index/resource_index/package_run_dependencies/my_robot_description_v2
[0.073s] -- Up-to-date: /home/two-asus/ros2_ws/install/my_robot_description_v2/share/ament_index/resource_index/parent_prefix_path/my_robot_description_v2
[0.073s] -- Up-to-date: /home/two-asus/ros2_ws/install/my_robot_description_v2/share/my_robot_description_v2/environment/ament_prefix_path.sh
[0.073s] -- Up-to-date: /home/two-asus/ros2_ws/install/my_robot_description_v2/share/my_robot_description_v2/environment/ament_prefix_path.dsv
[0.073s] -- Up-to-date: /home/two-asus/ros2_ws/install/my_robot_description_v2/share/my_robot_description_v2/environment/path.sh
[0.073s] -- Up-to-date: /home/two-asus/ros2_ws/install/my_robot_description_v2/share/my_robot_description_v2/environment/path.dsv
[0.074s] -- Up-to-date: /home/two-asus/ros2_ws/install/my_robot_description_v2/share/my_robot_description_v2/local_setup.bash
[0.074s] -- Up-to-date: /home/two-asus/ros2_ws/install/my_robot_description_v2/share/my_robot_description_v2/local_setup.sh
[0.074s] -- Up-to-date: /home/two-asus/ros2_ws/install/my_robot_description_v2/share/my_robot_description_v2/local_setup.zsh
[0.074s] -- Up-to-date: /home/two-asus/ros2_ws/install/my_robot_description_v2/share/my_robot_description_v2/local_setup.dsv
[0.074s] -- Installing: /home/two-asus/ros2_ws/install/my_robot_description_v2/share/my_robot_description_v2/package.dsv
[0.074s] -- Up-to-date: /home/two-asus/ros2_ws/install/my_robot_description_v2/share/ament_index/resource_index/packages/my_robot_description_v2
[0.074s] -- Up-to-date: /home/two-asus/ros2_ws/install/my_robot_description_v2/share/my_robot_description_v2/cmake/my_robot_description_v2Config.cmake
[0.074s] -- Up-to-date: /home/two-asus/ros2_ws/install/my_robot_description_v2/share/my_robot_description_v2/cmake/my_robot_description_v2Config-version.cmake
[0.074s] -- Up-to-date: /home/two-asus/ros2_ws/install/my_robot_description_v2/share/my_robot_description_v2/package.xml
[0.076s] Invoked command in '/home/two-asus/ros2_ws/build/my_robot_description_v2' returned '0': CMAKE_PREFIX_PATH=${CMAKE_PREFIX_PATH}:/opt/ros/humble /usr/bin/cmake --install /home/two-asus/ros2_ws/build/my_robot_description_v2
