running develop
/usr/lib/python3/dist-packages/setuptools/command/easy_install.py:158: EasyInstallDeprecationWarning: easy_install command is deprecated. Use build and pip and other standards-based tools.
  warnings.warn(
Removing /home/two-asus/ros2_ws/install/bumperbot_py_example/lib/python3.10/site-packages/bumperbot-py-example.egg-link (link to .)
running egg_info
writing ../../build/bumperbot_py_example/bumperbot_py_example.egg-info/PKG-INFO
writing dependency_links to ../../build/bumperbot_py_example/bumperbot_py_example.egg-info/dependency_links.txt
writing entry points to ../../build/bumperbot_py_example/bumperbot_py_example.egg-info/entry_points.txt
writing requirements to ../../build/bumperbot_py_example/bumperbot_py_example.egg-info/requires.txt
writing top-level names to ../../build/bumperbot_py_example/bumperbot_py_example.egg-info/top_level.txt
reading manifest file '../../build/bumperbot_py_example/bumperbot_py_example.egg-info/SOURCES.txt'
writing manifest file '../../build/bumperbot_py_example/bumperbot_py_example.egg-info/SOURCES.txt'
running build
running build_py
running install
running install_lib
creating /home/two-asus/ros2_ws/install/bumperbot_py_example/lib/python3.10/site-packages/bumperbot_py_example
copying /home/two-asus/ros2_ws/build/bumperbot_py_example/build/lib/bumperbot_py_example/__init__.py -> /home/two-asus/ros2_ws/install/bumperbot_py_example/lib/python3.10/site-packages/bumperbot_py_example
copying /home/two-asus/ros2_ws/build/bumperbot_py_example/build/lib/bumperbot_py_example/simple_subscriber.py -> /home/two-asus/ros2_ws/install/bumperbot_py_example/lib/python3.10/site-packages/bumperbot_py_example
copying /home/two-asus/ros2_ws/build/bumperbot_py_example/build/lib/bumperbot_py_example/simple_publisher.py -> /home/two-asus/ros2_ws/install/bumperbot_py_example/lib/python3.10/site-packages/bumperbot_py_example
copying /home/two-asus/ros2_ws/build/bumperbot_py_example/build/lib/bumperbot_py_example/simple_parameter.py -> /home/two-asus/ros2_ws/install/bumperbot_py_example/lib/python3.10/site-packages/bumperbot_py_example
byte-compiling /home/two-asus/ros2_ws/install/bumperbot_py_example/lib/python3.10/site-packages/bumperbot_py_example/__init__.py to __init__.cpython-310.pyc
byte-compiling /home/two-asus/ros2_ws/install/bumperbot_py_example/lib/python3.10/site-packages/bumperbot_py_example/simple_subscriber.py to simple_subscriber.cpython-310.pyc
byte-compiling /home/two-asus/ros2_ws/install/bumperbot_py_example/lib/python3.10/site-packages/bumperbot_py_example/simple_publisher.py to simple_publisher.cpython-310.pyc
byte-compiling /home/two-asus/ros2_ws/install/bumperbot_py_example/lib/python3.10/site-packages/bumperbot_py_example/simple_parameter.py to simple_parameter.cpython-310.pyc
running install_data
copying resource/bumperbot_py_example -> /home/two-asus/ros2_ws/install/bumperbot_py_example/share/ament_index/resource_index/packages
copying package.xml -> /home/two-asus/ros2_ws/install/bumperbot_py_example/share/bumperbot_py_example
running install_egg_info
Copying ../../build/bumperbot_py_example/bumperbot_py_example.egg-info to /home/two-asus/ros2_ws/install/bumperbot_py_example/lib/python3.10/site-packages/bumperbot_py_example-0.0.0-py3.10.egg-info
running install_scripts
Installing simple_parameter script to /home/two-asus/ros2_ws/install/bumperbot_py_example/lib/bumperbot_py_example
Installing simple_publisher script to /home/two-asus/ros2_ws/install/bumperbot_py_example/lib/bumperbot_py_example
Installing simple_subscriber script to /home/two-asus/ros2_ws/install/bumperbot_py_example/lib/bumperbot_py_example
writing list of installed files to '/home/two-asus/ros2_ws/build/bumperbot_py_example/install.log'
