[0.018s] Invoking command in '/home/two-asus/ros2_ws/build/bumperbot_controller': CMAKE_PREFIX_PATH=${CMAKE_PREFIX_PATH}:/home/two-asus/ros2_ws/install/bumperbot_py_examples:/home/two-asus/ros2_ws/install/bumperbot_py_example:/opt/ros/humble /usr/bin/cmake /home/two-asus/ros2_ws/src/bumperbot_controller -DAMENT_CMAKE_SYMLINK_INSTALL=1 -DCMAKE_INSTALL_PREFIX=/home/two-asus/ros2_ws/install/bumperbot_controller
[0.027s] -- Found ament_cmake: 1.3.9 (/opt/ros/humble/share/ament_cmake/cmake)
[0.118s] -- Override CMake install command with custom implementation using symlinks instead of copying resources
[0.173s] -- Configuring done
[0.174s] -- Generating done
[0.175s] -- Build files have been written to: /home/two-asus/ros2_ws/build/bumperbot_controller
[0.224s] Invoked command in '/home/two-asus/ros2_ws/build/bumperbot_controller' returned '0': CMAKE_PREFIX_PATH=${CMAKE_PREFIX_PATH}:/home/two-asus/ros2_ws/install/bumperbot_py_examples:/home/two-asus/ros2_ws/install/bumperbot_py_example:/opt/ros/humble /usr/bin/cmake /home/two-asus/ros2_ws/src/bumperbot_controller -DAMENT_CMAKE_SYMLINK_INSTALL=1 -DCMAKE_INSTALL_PREFIX=/home/two-asus/ros2_ws/install/bumperbot_controller
[0.225s] Invoking command in '/home/two-asus/ros2_ws/build/bumperbot_controller': CMAKE_PREFIX_PATH=${CMAKE_PREFIX_PATH}:/home/two-asus/ros2_ws/install/bumperbot_py_examples:/home/two-asus/ros2_ws/install/bumperbot_py_example:/opt/ros/humble /usr/bin/cmake --build /home/two-asus/ros2_ws/build/bumperbot_controller -- -j16 -l16
[0.257s] Invoked command in '/home/two-asus/ros2_ws/build/bumperbot_controller' returned '0': CMAKE_PREFIX_PATH=${CMAKE_PREFIX_PATH}:/home/two-asus/ros2_ws/install/bumperbot_py_examples:/home/two-asus/ros2_ws/install/bumperbot_py_example:/opt/ros/humble /usr/bin/cmake --build /home/two-asus/ros2_ws/build/bumperbot_controller -- -j16 -l16
[0.284s] Invoking command in '/home/two-asus/ros2_ws/build/bumperbot_controller': CMAKE_PREFIX_PATH=${CMAKE_PREFIX_PATH}:/home/two-asus/ros2_ws/install/bumperbot_py_examples:/home/two-asus/ros2_ws/install/bumperbot_py_example:/opt/ros/humble /usr/bin/cmake --install /home/two-asus/ros2_ws/build/bumperbot_controller
[0.291s] -- Install configuration: ""
[0.291s] -- Execute custom install script
[0.291s] -- Up-to-date symlink: /home/two-asus/ros2_ws/install/bumperbot_controller/share/bumperbot_controller/launch/controller.launch.py
[0.291s] -- Up-to-date symlink: /home/two-asus/ros2_ws/install/bumperbot_controller/share/bumperbot_controller/config/bumperbot_controllers.yaml
[0.291s] -- Up-to-date symlink: /home/two-asus/ros2_ws/install/bumperbot_controller/share/ament_index/resource_index/package_run_dependencies/bumperbot_controller
[0.292s] -- Up-to-date symlink: /home/two-asus/ros2_ws/install/bumperbot_controller/share/ament_index/resource_index/parent_prefix_path/bumperbot_controller
[0.292s] -- Up-to-date symlink: /home/two-asus/ros2_ws/install/bumperbot_controller/share/bumperbot_controller/environment/ament_prefix_path.sh
[0.292s] -- Up-to-date symlink: /home/two-asus/ros2_ws/install/bumperbot_controller/share/bumperbot_controller/environment/ament_prefix_path.dsv
[0.292s] -- Up-to-date symlink: /home/two-asus/ros2_ws/install/bumperbot_controller/share/bumperbot_controller/environment/path.sh
[0.292s] -- Up-to-date symlink: /home/two-asus/ros2_ws/install/bumperbot_controller/share/bumperbot_controller/environment/path.dsv
[0.292s] -- Up-to-date symlink: /home/two-asus/ros2_ws/install/bumperbot_controller/share/bumperbot_controller/local_setup.bash
[0.292s] -- Up-to-date symlink: /home/two-asus/ros2_ws/install/bumperbot_controller/share/bumperbot_controller/local_setup.sh
[0.292s] -- Up-to-date symlink: /home/two-asus/ros2_ws/install/bumperbot_controller/share/bumperbot_controller/local_setup.zsh
[0.292s] -- Up-to-date symlink: /home/two-asus/ros2_ws/install/bumperbot_controller/share/bumperbot_controller/local_setup.dsv
[0.292s] -- Symlinking: /home/two-asus/ros2_ws/install/bumperbot_controller/share/bumperbot_controller/package.dsv
[0.299s] -- Up-to-date symlink: /home/two-asus/ros2_ws/install/bumperbot_controller/share/ament_index/resource_index/packages/bumperbot_controller
[0.299s] -- Up-to-date symlink: /home/two-asus/ros2_ws/install/bumperbot_controller/share/bumperbot_controller/cmake/bumperbot_controllerConfig.cmake
[0.299s] -- Up-to-date symlink: /home/two-asus/ros2_ws/install/bumperbot_controller/share/bumperbot_controller/cmake/bumperbot_controllerConfig-version.cmake
[0.300s] -- Up-to-date symlink: /home/two-asus/ros2_ws/install/bumperbot_controller/share/bumperbot_controller/package.xml
[0.302s] Invoked command in '/home/two-asus/ros2_ws/build/bumperbot_controller' returned '0': CMAKE_PREFIX_PATH=${CMAKE_PREFIX_PATH}:/home/two-asus/ros2_ws/install/bumperbot_py_examples:/home/two-asus/ros2_ws/install/bumperbot_py_example:/opt/ros/humble /usr/bin/cmake --install /home/two-asus/ros2_ws/build/bumperbot_controller
