[0.008s] Invoking command in '/home/two-asus/ros2_ws/build/my_robot_bringup': CMAKE_PREFIX_PATH=/home/two-asus/ros2_ws/install/my_robot_description:/home/two-asus/ros2_ws/install/my_robot_description_v2:/opt/ros/humble /usr/bin/cmake /home/two-asus/ros2_ws/src/my_robot_bringup -DCMAKE_INSTALL_PREFIX=/home/two-asus/ros2_ws/install/my_robot_bringup
[0.053s] -- The C compiler identification is GNU 11.4.0
[0.097s] -- The CXX compiler identification is GNU 11.4.0
[0.103s] -- Detecting C compiler ABI info
[0.164s] -- Detecting C compiler ABI info - done
[0.169s] -- Check for working C compiler: /usr/bin/cc - skipped
[0.169s] -- Detecting C compile features
[0.170s] -- Detecting C compile features - done
[0.172s] -- Detecting CXX compiler ABI info
[0.239s] -- Detecting CXX compiler ABI info - done
[0.243s] -- Check for working CXX compiler: /usr/bin/c++ - skipped
[0.243s] -- Detecting CXX compile features
[0.244s] -- Detecting CXX compile features - done
[0.246s] -- Found ament_cmake: 1.3.9 (/opt/ros/humble/share/ament_cmake/cmake)
[0.352s] -- Found Python3: /usr/bin/python3 (found version "3.10.12") found components: Interpreter 
[0.452s] -- Configuring done
[0.454s] -- Generating done
[0.455s] -- Build files have been written to: /home/two-asus/ros2_ws/build/my_robot_bringup
[0.458s] Invoked command in '/home/two-asus/ros2_ws/build/my_robot_bringup' returned '0': CMAKE_PREFIX_PATH=/home/two-asus/ros2_ws/install/my_robot_description:/home/two-asus/ros2_ws/install/my_robot_description_v2:/opt/ros/humble /usr/bin/cmake /home/two-asus/ros2_ws/src/my_robot_bringup -DCMAKE_INSTALL_PREFIX=/home/two-asus/ros2_ws/install/my_robot_bringup
[0.460s] Invoking command in '/home/two-asus/ros2_ws/build/my_robot_bringup': CMAKE_PREFIX_PATH=/home/two-asus/ros2_ws/install/my_robot_description:/home/two-asus/ros2_ws/install/my_robot_description_v2:/opt/ros/humble /usr/bin/cmake --build /home/two-asus/ros2_ws/build/my_robot_bringup -- -j16 -l16
[0.494s] Invoked command in '/home/two-asus/ros2_ws/build/my_robot_bringup' returned '0': CMAKE_PREFIX_PATH=/home/two-asus/ros2_ws/install/my_robot_description:/home/two-asus/ros2_ws/install/my_robot_description_v2:/opt/ros/humble /usr/bin/cmake --build /home/two-asus/ros2_ws/build/my_robot_bringup -- -j16 -l16
[0.522s] Invoking command in '/home/two-asus/ros2_ws/build/my_robot_bringup': CMAKE_PREFIX_PATH=/home/two-asus/ros2_ws/install/my_robot_description:/home/two-asus/ros2_ws/install/my_robot_description_v2:/opt/ros/humble /usr/bin/cmake --install /home/two-asus/ros2_ws/build/my_robot_bringup
[0.528s] -- Install configuration: ""
[0.528s] -- Installing: /home/two-asus/ros2_ws/install/my_robot_bringup/share/my_robot_bringup//launch
[0.528s] -- Installing: /home/two-asus/ros2_ws/install/my_robot_bringup/share/my_robot_bringup//launch/my_robot_gazebo.launch.xml
[0.529s] -- Installing: /home/two-asus/ros2_ws/install/my_robot_bringup/share/ament_index/resource_index/package_run_dependencies/my_robot_bringup
[0.529s] -- Installing: /home/two-asus/ros2_ws/install/my_robot_bringup/share/ament_index/resource_index/parent_prefix_path/my_robot_bringup
[0.529s] -- Installing: /home/two-asus/ros2_ws/install/my_robot_bringup/share/my_robot_bringup/environment/ament_prefix_path.sh
[0.529s] -- Installing: /home/two-asus/ros2_ws/install/my_robot_bringup/share/my_robot_bringup/environment/ament_prefix_path.dsv
[0.529s] -- Installing: /home/two-asus/ros2_ws/install/my_robot_bringup/share/my_robot_bringup/environment/path.sh
[0.529s] -- Installing: /home/two-asus/ros2_ws/install/my_robot_bringup/share/my_robot_bringup/environment/path.dsv
[0.529s] -- Installing: /home/two-asus/ros2_ws/install/my_robot_bringup/share/my_robot_bringup/local_setup.bash
[0.529s] -- Installing: /home/two-asus/ros2_ws/install/my_robot_bringup/share/my_robot_bringup/local_setup.sh
[0.529s] -- Installing: /home/two-asus/ros2_ws/install/my_robot_bringup/share/my_robot_bringup/local_setup.zsh
[0.529s] -- Installing: /home/two-asus/ros2_ws/install/my_robot_bringup/share/my_robot_bringup/local_setup.dsv
[0.530s] -- Installing: /home/two-asus/ros2_ws/install/my_robot_bringup/share/my_robot_bringup/package.dsv
[0.530s] -- Installing: /home/two-asus/ros2_ws/install/my_robot_bringup/share/ament_index/resource_index/packages/my_robot_bringup
[0.530s] -- Installing: /home/two-asus/ros2_ws/install/my_robot_bringup/share/my_robot_bringup/cmake/my_robot_bringupConfig.cmake
[0.530s] -- Installing: /home/two-asus/ros2_ws/install/my_robot_bringup/share/my_robot_bringup/cmake/my_robot_bringupConfig-version.cmake
[0.530s] -- Installing: /home/two-asus/ros2_ws/install/my_robot_bringup/share/my_robot_bringup/package.xml
[0.532s] Invoked command in '/home/two-asus/ros2_ws/build/my_robot_bringup' returned '0': CMAKE_PREFIX_PATH=/home/two-asus/ros2_ws/install/my_robot_description:/home/two-asus/ros2_ws/install/my_robot_description_v2:/opt/ros/humble /usr/bin/cmake --install /home/two-asus/ros2_ws/build/my_robot_bringup
