[0.008s] Invoking command in '/home/two-asus/ros2_ws/build/my_robot_description_v2': CMAKE_PREFIX_PATH=${CMAKE_PREFIX_PATH}:/opt/ros/humble /usr/bin/cmake /home/two-asus/ros2_ws/src/my_robot_description_v2 -DCMAKE_INSTALL_PREFIX=/home/two-asus/ros2_ws/install/my_robot_description_v2
[0.053s] -- The C compiler identification is GNU 11.4.0
[0.097s] -- The CXX compiler identification is GNU 11.4.0
[0.104s] -- Detecting C compiler ABI info
[0.164s] -- Detecting C compiler ABI info - done
[0.169s] -- Check for working C compiler: /usr/bin/cc - skipped
[0.169s] -- Detecting C compile features
[0.169s] -- Detecting C compile features - done
[0.172s] -- Detecting CXX compiler ABI info
[0.240s] -- Detecting CXX compiler ABI info - done
[0.245s] -- Check for working CXX compiler: /usr/bin/c++ - skipped
[0.245s] -- Detecting CXX compile features
[0.245s] -- Detecting CXX compile features - done
[0.247s] -- Found ament_cmake: 1.3.9 (/opt/ros/humble/share/ament_cmake/cmake)
[0.353s] -- Found Python3: /usr/bin/python3 (found version "3.10.12") found components: Interpreter 
[0.452s] -- Configuring done
[0.454s] -- Generating done
[0.454s] -- Build files have been written to: /home/two-asus/ros2_ws/build/my_robot_description_v2
[0.459s] Invoked command in '/home/two-asus/ros2_ws/build/my_robot_description_v2' returned '0': CMAKE_PREFIX_PATH=${CMAKE_PREFIX_PATH}:/opt/ros/humble /usr/bin/cmake /home/two-asus/ros2_ws/src/my_robot_description_v2 -DCMAKE_INSTALL_PREFIX=/home/two-asus/ros2_ws/install/my_robot_description_v2
[0.460s] Invoking command in '/home/two-asus/ros2_ws/build/my_robot_description_v2': CMAKE_PREFIX_PATH=${CMAKE_PREFIX_PATH}:/opt/ros/humble /usr/bin/cmake --build /home/two-asus/ros2_ws/build/my_robot_description_v2 -- -j16 -l16
[0.493s] Invoked command in '/home/two-asus/ros2_ws/build/my_robot_description_v2' returned '0': CMAKE_PREFIX_PATH=${CMAKE_PREFIX_PATH}:/opt/ros/humble /usr/bin/cmake --build /home/two-asus/ros2_ws/build/my_robot_description_v2 -- -j16 -l16
[0.518s] Invoking command in '/home/two-asus/ros2_ws/build/my_robot_description_v2': CMAKE_PREFIX_PATH=${CMAKE_PREFIX_PATH}:/opt/ros/humble /usr/bin/cmake --install /home/two-asus/ros2_ws/build/my_robot_description_v2
[0.524s] -- Install configuration: ""
[0.524s] -- Installing: /home/two-asus/ros2_ws/install/my_robot_description_v2/share/my_robot_description_v2//launch
[0.524s] -- Installing: /home/two-asus/ros2_ws/install/my_robot_description_v2/share/my_robot_description_v2//launch/display.launch.py
[0.524s] -- Installing: /home/two-asus/ros2_ws/install/my_robot_description_v2/share/my_robot_description_v2//rviz
[0.524s] -- Installing: /home/two-asus/ros2_ws/install/my_robot_description_v2/share/my_robot_description_v2//rviz/urdf_config.rivz.rviz
[0.524s] -- Installing: /home/two-asus/ros2_ws/install/my_robot_description_v2/share/ament_index/resource_index/package_run_dependencies/my_robot_description_v2
[0.524s] -- Installing: /home/two-asus/ros2_ws/install/my_robot_description_v2/share/ament_index/resource_index/parent_prefix_path/my_robot_description_v2
[0.525s] -- Installing: /home/two-asus/ros2_ws/install/my_robot_description_v2/share/my_robot_description_v2/environment/ament_prefix_path.sh
[0.525s] -- Installing: /home/two-asus/ros2_ws/install/my_robot_description_v2/share/my_robot_description_v2/environment/ament_prefix_path.dsv
[0.525s] -- Installing: /home/two-asus/ros2_ws/install/my_robot_description_v2/share/my_robot_description_v2/environment/path.sh
[0.525s] -- Installing: /home/two-asus/ros2_ws/install/my_robot_description_v2/share/my_robot_description_v2/environment/path.dsv
[0.525s] -- Installing: /home/two-asus/ros2_ws/install/my_robot_description_v2/share/my_robot_description_v2/local_setup.bash
[0.525s] -- Installing: /home/two-asus/ros2_ws/install/my_robot_description_v2/share/my_robot_description_v2/local_setup.sh
[0.525s] -- Installing: /home/two-asus/ros2_ws/install/my_robot_description_v2/share/my_robot_description_v2/local_setup.zsh
[0.525s] -- Installing: /home/two-asus/ros2_ws/install/my_robot_description_v2/share/my_robot_description_v2/local_setup.dsv
[0.526s] -- Installing: /home/two-asus/ros2_ws/install/my_robot_description_v2/share/my_robot_description_v2/package.dsv
[0.526s] -- Installing: /home/two-asus/ros2_ws/install/my_robot_description_v2/share/ament_index/resource_index/packages/my_robot_description_v2
[0.526s] -- Installing: /home/two-asus/ros2_ws/install/my_robot_description_v2/share/my_robot_description_v2/cmake/my_robot_description_v2Config.cmake
[0.526s] -- Installing: /home/two-asus/ros2_ws/install/my_robot_description_v2/share/my_robot_description_v2/cmake/my_robot_description_v2Config-version.cmake
[0.526s] -- Installing: /home/two-asus/ros2_ws/install/my_robot_description_v2/share/my_robot_description_v2/package.xml
[0.528s] Invoked command in '/home/two-asus/ros2_ws/build/my_robot_description_v2' returned '0': CMAKE_PREFIX_PATH=${CMAKE_PREFIX_PATH}:/opt/ros/humble /usr/bin/cmake --install /home/two-asus/ros2_ws/build/my_robot_description_v2
